Machine Serial Number: SVW5001902                                     Page:    1
================================================================================
Routine Name                                     Run #       Date & Time        
================================================================================
L123_front_2.RTN                                     3 Tue Oct 14 18:20:58 2014
================================================================================
================================================================================
Feature      Unit   Nominal     Actual      Tolerances      Deviation   Exceeded
================================================================================
 
Step 1 - Cold block face, focus
X Location    mm +0216.1241 +0216.1258                     +0000.0016           
Y Location    mm -0028.7074 -0028.7075                     +0000.0001           
Z Location    mm -0016.0614 -0016.1229                     +0000.0616           
Flatness      mm            +0000.0018 +000.0100           +0000.0018    +      
XY Angle      dd -0074.8722 -0076.9341                     -0002.0619           
Elevation     dd +0089.8699 +0089.9624                     +0000.0925           
 
Step 3 - Cold block face, touch
X Location    mm +0215.4933 +0215.4946                     +0000.0013           
Y Location    mm -0027.5842 -0027.5841                     -0000.0002           
Z Location    mm +0000.0000 -0000.0260 +000.0500 -000.0500 -0000.0260    ---    
Flatness      mm            +0000.0014 +000.0100           +0000.0014    +      
XY Angle      dd +0159.2971 +0130.1348                     -0029.1623           
Elevation     dd +0089.9964 +0089.9934                     -0000.0029           
 
Step 4 - Axis ball, touch
Sphere Diame  mm +0006.3500 +0006.3521 +000.0100 -000.0100 +0000.0021    +      
X Location    mm +0309.8200 +0309.8278                     +0000.0078           
Y Location    mm -0005.9540 -0005.9441                     -0000.0099           
Z Location    mm +0009.7136 +0009.7474                     +0000.0338           
Sphericity    mm            +0000.0030 +000.0100           +0000.0030    ++     
 
Step 5 - Origin ball, touch
Sphere Diame  mm +0006.3500 +0006.3510 +000.0100 -000.0100 +0000.0010    +      
X Location    mm -0005.1230 -0005.1220                     -0000.0010           
Y Location    mm -0005.9020 -0005.8892                     -0000.0128           
Z Location    mm +0009.5400 +0009.6600                     +0000.1200           
Sphericity    mm            +0000.0039 +000.0100           +0000.0039    ++     
 
Step 6 - Diagonal ball, touch
Sphere Diame  mm +0006.3500 +0006.3539 +000.0100 -000.0100 +0000.0039    ++     
X Location    mm -0005.0760 -0005.0956                     +0000.0196           
Y Location    mm -0031.3310 -0031.2790                     -0000.0520           
Z Location    mm -0015.7224 -0015.5542                     -0000.1682           
Sphericity    mm            +0000.0054 +000.0100           +0000.0054    +++    
 
Step 9 - Stereo fiducial 1, Z
Z Location    mm +0000.8245 +0000.8757                     +0000.0512           
Machine Serial Number: SVW5001902                                     Page:    2
================================================================================
Feature      Unit   Nominal     Actual      Tolerances      Deviation   Exceeded
================================================================================
 
Step 11 - Stereo fiducial 1, XY
Diameter      mm +0000.1900 +0000.1916 +000.0100 -000.0200 +0000.0016    +      
X Location    mm -0128.4440 -0128.5018                     +0000.0578           
Y Location    mm +0059.1630 +0059.1763                     +0000.0133           
2D Circulari  mm            +0000.0019 +000.0100           +0000.0019    +      
 
Step 13 - Stereo fiducial 2, Z
Z Location    mm +0000.8860 +0000.8969                     +0000.0110           
 
Step 15 - Stereo fiducial 2, XY
Diameter      mm +0000.1900 +0000.1801 +000.0100 -000.0200 -0000.0099    --     
X Location    mm -0150.4632 -0150.7083                     +0000.2451           
Y Location    mm +0061.3390 +0061.3895                     +0000.0505           
2D Circulari  mm            +0000.0017 +000.0100           +0000.0017    +      
 
Step 17 - Stereo fiducial 3, Z
Z Location    mm +0000.9148 +0000.9162                     +0000.0014           
Machine Serial Number: SVW5001902                                     Page:    1
================================================================================
Routine Name                                     Run #       Date & Time        
================================================================================
L123_front_2.RTN                                     6 Tue Oct 14 18:28:20 2014
================================================================================
================================================================================
Feature      Unit   Nominal     Actual      Tolerances      Deviation   Exceeded
================================================================================
 
Step 1 - Cold block face, focus
X Location    mm +0216.1241 +0216.1255                     +0000.0014           
Y Location    mm -0028.7074 -0028.7075                     +0000.0001           
Z Location    mm -0016.0614 -0016.1238                     +0000.0624           
Flatness      mm            +0000.0014 +000.0100           +0000.0014    +      
XY Angle      dd -0074.8722 -0077.5627                     -0002.6905           
Elevation     dd +0089.8699 +0089.9643                     +0000.0945           
 
Step 3 - Cold block face, touch
X Location    mm +0215.4933 +0215.4943                     +0000.0010           
Y Location    mm -0027.5842 -0027.5841                     -0000.0001           
Z Location    mm +0000.0000 -0000.0281 +000.0500 -000.0500 -0000.0281    ---    
Flatness      mm            +0000.0019 +000.0100           +0000.0019    +      
XY Angle      dd +0159.2971 +0140.1583                     -0019.1389           
Elevation     dd +0089.9964 +0089.9950                     -0000.0013           
 
Step 4 - Axis ball, touch
Sphere Diame  mm +0006.3500 +0006.3518 +000.0100 -000.0100 +0000.0018    +      
X Location    mm +0309.8200 +0309.8275                     +0000.0075           
Y Location    mm -0005.9540 -0005.9438                     -0000.0102           
Z Location    mm +0009.7136 +0009.7469                     +0000.0333           
Sphericity    mm            +0000.0030 +000.0100           +0000.0030    ++     
 
Step 5 - Origin ball, touch
Sphere Diame  mm +0006.3500 +0006.3517 +000.0100 -000.0100 +0000.0017    +      
X Location    mm -0005.1230 -0005.1209                     -0000.0021           
Y Location    mm -0005.9020 -0005.8894                     -0000.0126           
Z Location    mm +0009.5400 +0009.6629                     +0000.1229           
Sphericity    mm            +0000.0039 +000.0100           +0000.0039    ++     
 
Step 6 - Diagonal ball, touch
Sphere Diame  mm +0006.3500 +0006.3530 +000.0100 -000.0100 +0000.0030    ++     
X Location    mm -0005.0760 -0005.0960                     +0000.0200           
Y Location    mm -0031.3310 -0031.2784                     -0000.0526           
Z Location    mm -0015.7224 -0015.5504                     -0000.1720           
Sphericity    mm            +0000.0051 +000.0100           +0000.0051    +++    
 
Step 9 - Stereo fiducial 1, Z
Z Location    mm +0000.8245 +0000.8765                     +0000.0521           
Machine Serial Number: SVW5001902                                     Page:    2
================================================================================
Feature      Unit   Nominal     Actual      Tolerances      Deviation   Exceeded
================================================================================
 
Step 11 - Stereo fiducial 1, XY
Diameter      mm +0000.1900 +0000.1851 +000.0100 -000.0200 -0000.0049    -      
X Location    mm -0128.4440 -0128.4140                     -0000.0300           
Y Location    mm +0059.1630 +0059.1753                     +0000.0123           
2D Circulari  mm            +0000.0014 +000.0100           +0000.0014    +      
 
Step 13 - Stereo fiducial 2, Z
Z Location    mm +0000.8860 +0000.8998                     +0000.0138           
 
Step 15 - Stereo fiducial 2, XY
Diameter      mm +0000.1900 +0000.1841 +000.0100 -000.0200 -0000.0059    --     
X Location    mm -0150.4632 -0150.6217                     +0000.1585           
Y Location    mm +0061.3390 +0061.4099                     +0000.0709           
2D Circulari  mm            +0000.0011 +000.0100           +0000.0011    +      
 
Step 17 - Stereo fiducial 3, Z
Z Location    mm +0000.9148 +0000.9210                     +0000.0062           
 
Step 19 - Stereo fiducial 3, XY
Diameter      mm +0000.1900 +0000.1863 +000.0100 -000.0200 -0000.0037    -      
X Location    mm -0177.7931 -0177.9644                     +0000.1713           
Y Location    mm +0064.0790 +0064.1618                     +0000.0828           
2D Circulari  mm            +0000.0017 +000.0100           +0000.0017    +      
 
Step 21 - Stereo fiducial 4, Z
Z Location    mm +0000.8861 +0000.9372                     +0000.0511           
 
Step 23 - Stereo fiducial 4, XY
Diameter      mm +0000.1900 +0000.1796 +000.0100 -000.0200 -0000.0104    ---    
X Location    mm -0179.8639 -0179.9607                     +0000.0968           
Y Location    mm +0044.2090 +0044.2938                     +0000.0848           
2D Circulari  mm            +0000.0024 +000.0100           +0000.0024    +      
 
Step 25 - Stereo fiducial 5, Z
Z Location    mm +0000.8376 +0000.8952                     +0000.0575           
 
Step 27 - Stereo fiducial 5, XY
Diameter      mm +0000.1900 +0000.1867 +000.0100 -000.0200 -0000.0033    -      
X Location    mm -0181.9364 -0181.9641                     +0000.0277           
Y Location    mm +0024.3380 +0024.4218                     +0000.0838           
2D Circulari  mm            +0000.0024 +000.0100           +0000.0024    +      
 
Step 29 - Stereo fiducial 6, Z
Z Location    mm +0000.8676 +0000.8724                     +0000.0048           
Machine Serial Number: SVW5001902                                     Page:    3
================================================================================
Feature      Unit   Nominal     Actual      Tolerances      Deviation   Exceeded
================================================================================
 
Step 31 - Stereo fiducial 6, XY
Diameter      mm +0000.1900 +0000.1848 +000.0100 -000.0200 -0000.0052    --     
X Location    mm -0154.6069 -0154.6220                     +0000.0151           
Y Location    mm +0021.5990 +0021.6715                     +0000.0725           
2D Circulari  mm            +0000.0010 +000.0100           +0000.0010    +      
 
Step 33 - Stereo fiducial 7, Z
Z Location    mm +0000.9030 +0000.8477                     -0000.0553           
 
Step 35 - Stereo fiducial 7, XY
Diameter      mm +0000.1900 +0000.1845 +000.0100 -000.0200 -0000.0055    --     
X Location    mm -0132.4052 -0132.4137                     +0000.0084           
Y Location    mm +0019.3720 +0019.4370                     +0000.0650           
2D Circulari  mm            +0000.0017 +000.0100           +0000.0017    +      
 
Step 37 - Stereo focus 1
X Location    mm -0090.4464 -0090.5118                     +0000.0654           
Y Location    mm +0016.5790 +0016.5766                     -0000.0024           
Z Location    mm +0000.9572 +0000.8089                     -0000.1484           
 
Step 38 - Stereo focus 2
X Location    mm -0090.3200 -0090.5558                     +0000.2358           
Y Location    mm +0053.7170 +0053.7176                     +0000.0006           
Z Location    mm +0000.8051 +0000.8359                     +0000.0308           
 
Step 39 - Stereo focus 3
X Location    mm -0090.3841 -0090.5342                     +0000.1502           
Y Location    mm +0034.8940 +0034.8931                     -0000.0009           
Z Location    mm +0000.8790 +0000.8251                     -0000.0539           
 
Step 40 - Stereo focus 4
X Location    mm -0131.5071 -0131.6864                     +0000.1793           
Y Location    mm +0039.6750 +0039.6755                     +0000.0005           
Z Location    mm +0000.8967 +0000.8832                     -0000.0135           
 
Step 41 - Axial corner Z
Z Location    mm -0006.9683 -0006.9521                     -0000.0163           
 
Step 43 - Axial corner, left edge
X Location    mm -0180.3793 -0180.4465                     +0000.0672           
Y Location    mm +0019.5620 +0019.5603                     -0000.0017           
2D Straightn  mm            +0000.0015 +000.0100           +0000.0015    +      
XY Angle      dd -0090.0000 -0090.0693 +001.0000 -001.0000 -0000.0693    -      
Machine Serial Number: SVW5001902                                     Page:    4
================================================================================
Feature      Unit   Nominal     Actual      Tolerances      Deviation   Exceeded
================================================================================
 
Step 44 - Axial corner, lower edge
X Location    mm -0179.7449 -0179.8460                     +0000.1011           
Y Location    mm +0019.0110 +0019.1120                     +0000.1010           
2D Straightn  mm            +0000.0016 +000.0100           +0000.0016    +      
XY Angle      dd +0000.0000 -0000.0787 +001.0000 -001.0000 -0000.0787    -      
 
Step 46 - Axial lower edge Z
Z Location    mm -0006.9389 -0006.9527                     +0000.0138           
 
Step 48 - Axial lower edge, XY
X Location    mm -0139.8504 -0139.9370                     +0000.0866           
Y Location    mm +0019.0110 +0019.0975                     +0000.0865           
2D Straightn  mm            +0000.0020 +000.0100           +0000.0020    +      
XY Angle      dd +0000.0000 +0000.0619 +001.0000 -001.0000 +0000.0619    +      
 
Step 50 - Axial upper edge 1, Z
Z Location    mm -0007.0661 -0006.8455                     -0000.2205           
 
Step 52 - Axial upper edge 1, XY
X Location    mm -0082.8706 -0083.1488                     +0000.2782           
Y Location    mm +0059.3640 +0059.4264                     +0000.0624           
2D Straightn  mm            +0000.0024 +000.0100           +0000.0024    +      
XY Angle      dd +0180.0000 -0179.9414 +001.0000 -001.0000 +0000.0586    +      
 
Step 54 - Axial upper edge 2, Z
Z Location    mm -0007.0802 -0006.8920                     -0000.1882           
 
Step 56 - Axial upper edge 2, XY
X Location    mm -0114.6053 -0114.8634                     +0000.2581           
Y Location    mm +0059.3690 +0059.4374                     +0000.0684           
2D Straightn  mm            +0000.0010 +000.0100           +0000.0010    +      
XY Angle      dd +0180.0000 +0179.9832 +001.0000 -001.0000 -0000.0168    -      
 
Step 58 - Stereo upper fiducial line
X Location    mm -0153.0282 -0153.1892                     +0000.1610           
Y Location    mm +0061.5960 +0061.6685                     +0000.0725           
Z Location    mm +0000.8759 +0000.8988                     +0000.0229           
3D Straightn  mm            +0000.0062                     +0000.0062           
XY Angle      dd -0005.9531 -0005.7466                     +0000.2065           
Elevation     dd -0000.1055 -0000.0563                     +0000.0492           
 
Step 59 - Stereo lower fiducial line
X Location    mm -0157.1708 -0157.1889                     +0000.0181           
Y Location    mm +0021.8550 +0021.9295                     +0000.0745           
Z Location    mm +0000.8691 +0000.8731                     +0000.0039           
3D Straightn  mm            +0000.0036                     +0000.0036           
XY Angle      dd -0005.9524 -0005.7447                     +0000.2077           
Elevation     dd +0000.0747 -0000.0542                     -0000.1289           
Machine Serial Number: SVW5001902                                     Page:    5
================================================================================
Feature      Unit   Nominal     Actual      Tolerances      Deviation   Exceeded
================================================================================
 
Step 60 - Axial upper edge
X Location    mm -0098.7376 -0099.0134                     +0000.2758           
Y Location    mm +0059.3640 +0059.4319                     +0000.0679           
Z Location    mm -0007.0722 -0006.8682                     -0000.2040           
3D Straightn  mm            +0000.0026                     +0000.0026           
XY Angle      dd +0179.7670 +0179.9802                     +0000.2131           
Elevation     dd -0000.0261 -0000.0835                     -0000.0575           
 
Step 61 - Axial lower edge
X Location    mm -0159.8084 -0159.8897                     +0000.0813           
Y Location    mm +0019.0150 +0019.1047                     +0000.0897           
Z Location    mm -0006.9531 -0006.9516                     -0000.0015           
3D Straightn  mm            +0000.0020                     +0000.0020           
XY Angle      dd -0000.2407 -0000.0207                     +0000.2200           
Elevation     dd +0000.0442 -0000.0002                     -0000.0444           
 
Step 62 - Stereo sensor plane
X Location    mm -0137.0900 -0137.2044                     +0000.1145           
Y Location    mm +0039.9010 +0039.9485                     +0000.0475           
Z Location    mm +0000.8780 +0000.8729                     -0000.0051           
Flatness      mm            +0000.0299 +000.2000           +0000.0299    +      
XY Angle      dd -0094.7647 +0142.8406                     +0237.6053           
Elevation     dd -0089.9523 -0089.9296                     +0000.0227           
 
Step 63 - Axial sensor plane
X Location    mm -0139.4901 -0139.6483                     +0000.1582           
Y Location    mm +0035.2640 +0035.3267                     +0000.0627           
Z Location    mm -0007.0039 -0006.9183                     -0000.0856           
Flatness      mm            +0000.0315 +000.2000           +0000.0315    +      
XY Angle      dd +0099.1545 -0109.8883                     -0209.0428           
Elevation     dd +0089.7717 +0089.9213                     +0000.1497           
 
Step 64 - Axial sensor corner
X Location    mm            -0180.4471                                          
Y Location    mm            +0019.1122                                          
Z Location    mm            -0006.9517                                          
 
Step 65 - Origin ball reference
X Location    mm            -0259.1803                                          
Y Location    mm            +0053.5894                                          
Z Location    mm            +0009.6629                                          
 
Step 66 - Axis ball reference
X Location    mm            +0055.7681                                          
Y Location    mm            +0053.4190                                          
Z Location    mm            +0009.7469                                          
Machine Serial Number: SVW5001902                                     Page:    6
================================================================================
Feature      Unit   Nominal     Actual      Tolerances      Deviation   Exceeded
================================================================================
 
Step 67 - Diagonal ball reference
X Location    mm            -0259.1648                                          
Y Location    mm            +0028.2003                                          
Z Location    mm            -0015.5504                                          
Machine Serial Number: SVW5001902                                     Page:    1
================================================================================
Routine Name                                     Run #       Date & Time        
================================================================================
L123_front_2.RTN                                     1 Wed Oct 29 13:35:18 2014
================================================================================
================================================================================
Feature      Unit   Nominal     Actual      Tolerances      Deviation   Exceeded
================================================================================
 
Step 1 - Cold block face, focus
X Location    mm +0216.1241 +0216.1261                     +0000.0020           
Y Location    mm -0028.7074 -0028.7077                     +0000.0003           
Z Location    mm -0016.0614 -0016.0207                     -0000.0406           
Flatness      mm            +0000.0047 +000.0100           +0000.0047    ++     
XY Angle      dd -0074.8722 -0088.5106                     -0013.6384           
Elevation     dd +0089.8699 +0089.7360                     -0000.1338           
 
Step 3 - Cold block face, touch
X Location    mm +0215.4933 +0215.4939                     +0000.0006           
Y Location    mm -0027.5842 -0027.5848                     +0000.0006           
Z Location    mm +0000.0000 -0000.0244 +000.0500 -000.0500 -0000.0244    --     
Flatness      mm            +0000.0023 +000.0100           +0000.0023    +      
XY Angle      dd +0159.2971 -0172.8990                     +0027.8039           
Elevation     dd +0089.9964 +0089.9987                     +0000.0023           
 
Step 4 - Axis ball, touch
Sphere Diame  mm +0006.3500 +0006.3512 +000.0100 -000.0100 +0000.0012    +      
X Location    mm +0309.8200 +0309.8261                     +0000.0061           
Y Location    mm -0005.9540 -0005.9656                     +0000.0116           
Z Location    mm +0009.7136 +0009.5495                     -0000.1641           
Sphericity    mm            +0000.0040 +000.0100           +0000.0040    ++     
 
Step 5 - Origin ball, touch
Sphere Diame  mm +0006.3500 +0006.3513 +000.0100 -000.0100 +0000.0013    +      
X Location    mm -0005.1230 -0005.1224                     -0000.0006           
Y Location    mm -0005.9020 -0005.9146                     +0000.0126           
Z Location    mm +0009.5400 +0009.4642                     -0000.0758           
Sphericity    mm            +0000.0041 +000.0100           +0000.0041    ++     
 
Step 6 - Diagonal ball, touch
Sphere Diame  mm +0006.3500 +0006.3529 +000.0100 -000.0100 +0000.0029    ++     
X Location    mm -0005.0760 -0005.0962                     +0000.0202           
Y Location    mm -0031.3310 -0031.4071                     +0000.0761           
Z Location    mm -0015.7224 -0015.6434                     -0000.0790           
Sphericity    mm            +0000.0051 +000.0100           +0000.0051    +++    
 
Step 9 - Stereo fiducial 1, Z
Z Location    mm +0000.8245 +0000.8255                     +0000.0010           
Machine Serial Number: SVW5001902                                     Page:    2
================================================================================
Feature      Unit   Nominal     Actual      Tolerances      Deviation   Exceeded
================================================================================
 
Step 11 - Stereo fiducial 1, XY
Diameter      mm +0000.1900 +0000.1857 +000.0100 -000.0200 -0000.0043    -      
X Location    mm -0128.4440 -0128.4267                     -0000.0173           
Y Location    mm +0059.1630 +0059.1511                     -0000.0119           
2D Circulari  mm            +0000.0023 +000.0100           +0000.0023    +      
 
Step 13 - Stereo fiducial 2, Z
Z Location    mm +0000.8860 +0000.8013                     -0000.0846           
 
Step 15 - Stereo fiducial 2, XY
Diameter      mm +0000.1900 +0000.1843 +000.0100 -000.0200 -0000.0057    --     
X Location    mm -0150.4632 -0150.6338                     +0000.1706           
Y Location    mm +0061.3390 +0061.3859                     +0000.0469           
2D Circulari  mm            +0000.0019 +000.0100           +0000.0019    +      
 
Step 17 - Stereo fiducial 3, Z
Z Location    mm +0000.9148 +0000.7666                     -0000.1482           
 
Step 19 - Stereo fiducial 3, XY
Diameter      mm +0000.1900 +0000.1837 +000.0100 -000.0200 -0000.0063    --     
X Location    mm -0177.7931 -0177.9757                     +0000.1827           
Y Location    mm +0064.0790 +0064.1377                     +0000.0587           
2D Circulari  mm            +0000.0025 +000.0100           +0000.0025    +      
 
Step 21 - Stereo fiducial 4, Z
Z Location    mm +0000.8861 +0000.7684                     -0000.1178           
 
Step 23 - Stereo fiducial 4, XY
Diameter      mm +0000.1900 +0000.1817 +000.0100 -000.0200 -0000.0083    --     
X Location    mm -0179.8639 -0179.9746                     +0000.1107           
Y Location    mm +0044.2090 +0044.2687                     +0000.0597           
2D Circulari  mm            +0000.0021 +000.0100           +0000.0021    +      
 
Step 25 - Stereo fiducial 5, Z
Z Location    mm +0000.8376 +0000.7370                     -0000.1006           
 
Step 27 - Stereo fiducial 5, XY
Diameter      mm +0000.1900 +0000.1858 +000.0100 -000.0200 -0000.0042    -      
X Location    mm -0181.9364 -0181.9775                     +0000.0411           
Y Location    mm +0024.3380 +0024.3990                     +0000.0610           
2D Circulari  mm            +0000.0027 +000.0100           +0000.0027    ++     
 
Step 29 - Stereo fiducial 6, Z
Z Location    mm +0000.8676 +0000.7675                     -0000.1002           
Machine Serial Number: SVW5001902                                     Page:    3
================================================================================
Feature      Unit   Nominal     Actual      Tolerances      Deviation   Exceeded
================================================================================
 
Step 31 - Stereo fiducial 6, XY
Diameter      mm +0000.1900 +0000.1854 +000.0100 -000.0200 -0000.0046    -      
X Location    mm -0154.6069 -0154.6361                     +0000.0292           
Y Location    mm +0021.5990 +0021.6476                     +0000.0486           
2D Circulari  mm            +0000.0019 +000.0100           +0000.0019    +      
 
Step 33 - Stereo fiducial 7, Z
Z Location    mm +0000.9030 +0000.7899                     -0000.1131           
 
Step 35 - Stereo fiducial 7, XY
Diameter      mm +0000.1900 +0000.1847 +000.0100 -000.0200 -0000.0053    --     
X Location    mm -0132.4052 -0132.4272                     +0000.0220           
Y Location    mm +0019.3720 +0019.4129                     +0000.0409           
2D Circulari  mm            +0000.0014 +000.0100           +0000.0014    +      
 
Step 37 - Stereo focus 1
X Location    mm -0090.4464 -0090.5113                     +0000.0649           
Y Location    mm +0016.5790 +0016.5764                     -0000.0026           
Z Location    mm +0000.9572 +0000.8138                     -0000.1434           
 
Step 38 - Stereo focus 2
X Location    mm -0090.3200 -0090.5568                     +0000.2368           
Y Location    mm +0053.7170 +0053.7177                     +0000.0007           
Z Location    mm +0000.8051 +0000.8353                     +0000.0302           
 
Step 39 - Stereo focus 3
X Location    mm -0090.3841 -0090.5332                     +0000.1492           
Y Location    mm +0034.8940 +0034.8931                     -0000.0009           
Z Location    mm +0000.8790 +0000.8280                     -0000.0511           
 
Step 40 - Stereo focus 4
X Location    mm -0131.5071 -0131.6868                     +0000.1796           
Y Location    mm +0039.6750 +0039.6753                     +0000.0003           
Z Location    mm +0000.8967 +0000.8245                     -0000.0722           
 
Step 41 - Axial corner Z
Z Location    mm -0006.9683 -0007.0048                     +0000.0365           
 
Step 43 - Axial corner, left edge
X Location    mm -0180.3793 -0180.4531                     +0000.0738           
Y Location    mm +0019.5620 +0019.5397                     -0000.0223           
2D Straightn  mm            +0000.0011 +000.0100           +0000.0011    +      
XY Angle      dd -0090.0000 -0090.0274 +001.0000 -001.0000 -0000.0274    -      
Machine Serial Number: SVW5001902                                     Page:    4
================================================================================
Feature      Unit   Nominal     Actual      Tolerances      Deviation   Exceeded
================================================================================
 
Step 44 - Axial corner, lower edge
X Location    mm -0179.7449 -0179.8456                     +0000.1008           
Y Location    mm +0019.0110 +0019.0556                     +0000.0446           
2D Straightn  mm            +0000.0014 +000.0100           +0000.0014    +      
XY Angle      dd +0000.0000 -0000.0583 +001.0000 -001.0000 -0000.0583    -      
 
Step 46 - Axial lower edge Z
Z Location    mm -0006.9389 -0006.9611                     +0000.0222           
 
Step 48 - Axial lower edge, XY
X Location    mm -0139.8504 -0139.9577                     +0000.1073           
Y Location    mm +0019.0110 +0019.0395                     +0000.0285           
2D Straightn  mm            +0000.0014 +000.0100           +0000.0014    +      
XY Angle      dd +0000.0000 +0000.1017 +001.0000 -001.0000 +0000.1017    +      
 
Step 50 - Axial upper edge 1, Z
Z Location    mm -0007.0661 -0006.8384                     -0000.2277           
Machine Serial Number: SVW5001902                                     Page:    1
================================================================================
Routine Name                                     Run #       Date & Time        
================================================================================
L123_front_2.RTN                                     3 Wed Oct 29 13:42:34 2014
================================================================================
================================================================================
Feature      Unit   Nominal     Actual      Tolerances      Deviation   Exceeded
================================================================================
 
Step 1 - Cold block face, focus
X Location    mm +0216.1241 +0216.1254                     +0000.0013           
Y Location    mm -0028.7074 -0028.7077                     +0000.0003           
Z Location    mm -0016.0614 -0016.0205                     -0000.0409           
Flatness      mm            +0000.0040 +000.0100           +0000.0040    ++     
XY Angle      dd -0074.8722 -0088.5711                     -0013.6989           
Elevation     dd +0089.8699 +0089.7358                     -0000.1341           
 
Step 3 - Cold block face, touch
X Location    mm +0215.4933 +0215.4930                     -0000.0003           
Y Location    mm -0027.5842 -0027.5851                     +0000.0008           
Z Location    mm +0000.0000 -0000.0271 +000.0500 -000.0500 -0000.0271    ---    
Flatness      mm            +0000.0030 +000.0100           +0000.0030    ++     
XY Angle      dd +0159.2971 +0090.2548                     -0069.0424           
Elevation     dd +0089.9964 +0089.9985                     +0000.0021           
 
Step 4 - Axis ball, touch
Sphere Diame  mm +0006.3500 +0006.3505 +000.0100 -000.0100 +0000.0005    +      
X Location    mm +0309.8200 +0309.8260                     +0000.0060           
Y Location    mm -0005.9540 -0005.9658                     +0000.0118           
Z Location    mm +0009.7136 +0009.5490                     -0000.1646           
Sphericity    mm            +0000.0034 +000.0100           +0000.0034    ++     
 
Step 5 - Origin ball, touch
Sphere Diame  mm +0006.3500 +0006.3506 +000.0100 -000.0100 +0000.0006    +      
X Location    mm -0005.1230 -0005.1221                     -0000.0009           
Y Location    mm -0005.9020 -0005.9148                     +0000.0128           
Z Location    mm +0009.5400 +0009.4652                     -0000.0748           
Sphericity    mm            +0000.0036 +000.0100           +0000.0036    ++     
 
Step 6 - Diagonal ball, touch
Sphere Diame  mm +0006.3500 +0006.3531 +000.0100 -000.0100 +0000.0031    ++     
X Location    mm -0005.0760 -0005.0960                     +0000.0200           
Y Location    mm -0031.3310 -0031.4077                     +0000.0767           
Z Location    mm -0015.7224 -0015.6429                     -0000.0795           
Sphericity    mm            +0000.0043 +000.0100           +0000.0043    ++     
 
Step 9 - Stereo fiducial 1, Z
Z Location    mm +0000.8245 +0000.8257                     +0000.0012           
Machine Serial Number: SVW5001902                                     Page:    2
================================================================================
Feature      Unit   Nominal     Actual      Tolerances      Deviation   Exceeded
================================================================================
 
Step 11 - Stereo fiducial 1, XY
Diameter      mm +0000.1900 +0000.1852 +000.0100 -000.0200 -0000.0048    -      
X Location    mm -0128.4440 -0128.4272                     -0000.0168           
Y Location    mm +0059.1630 +0059.1503                     -0000.0127           
2D Circulari  mm            +0000.0007 +000.0100           +0000.0007    +      
 
Step 13 - Stereo fiducial 2, Z
Z Location    mm +0000.8860 +0000.8016                     -0000.0844           
 
Step 15 - Stereo fiducial 2, XY
Diameter      mm +0000.1900 +0000.1844 +000.0100 -000.0200 -0000.0056    --     
X Location    mm -0150.4632 -0150.6341                     +0000.1709           
Y Location    mm +0061.3390 +0061.3859                     +0000.0469           
2D Circulari  mm            +0000.0015 +000.0100           +0000.0015    +      
 
Step 17 - Stereo fiducial 3, Z
Z Location    mm +0000.9148 +0000.7686                     -0000.1462           
 
Step 19 - Stereo fiducial 3, XY
Diameter      mm +0000.1900 +0000.1855 +000.0100 -000.0200 -0000.0045    -      
X Location    mm -0177.7931 -0177.9763                     +0000.1833           
Y Location    mm +0064.0790 +0064.1386                     +0000.0596           
2D Circulari  mm            +0000.0026 +000.0100           +0000.0026    ++     
 
Step 21 - Stereo fiducial 4, Z
Z Location    mm +0000.8861 +0000.7683                     -0000.1178           
 
Step 23 - Stereo fiducial 4, XY
Diameter      mm +0000.1900 +0000.1820 +000.0100 -000.0200 -0000.0080    --     
X Location    mm -0179.8639 -0179.9753                     +0000.1114           
Y Location    mm +0044.2090 +0044.2680                     +0000.0590           
2D Circulari  mm            +0000.0025 +000.0100           +0000.0025    +      
 
Step 25 - Stereo fiducial 5, Z
Z Location    mm +0000.8376 +0000.7377                     -0000.0999           
 
Step 27 - Stereo fiducial 5, XY
Diameter      mm +0000.1900 +0000.1858 +000.0100 -000.0200 -0000.0042    -      
X Location    mm -0181.9364 -0181.9775                     +0000.0411           
Y Location    mm +0024.3380 +0024.3990                     +0000.0610           
2D Circulari  mm            +0000.0024 +000.0100           +0000.0024    +      
 
Step 29 - Stereo fiducial 6, Z
Z Location    mm +0000.8676 +0000.7673                     -0000.1003           
Machine Serial Number: SVW5001902                                     Page:    3
================================================================================
Feature      Unit   Nominal     Actual      Tolerances      Deviation   Exceeded
================================================================================
 
Step 31 - Stereo fiducial 6, XY
Diameter      mm +0000.1900 +0000.1854 +000.0100 -000.0200 -0000.0046    -      
X Location    mm -0154.6069 -0154.6361                     +0000.0292           
Y Location    mm +0021.5990 +0021.6475                     +0000.0485           
2D Circulari  mm            +0000.0018 +000.0100           +0000.0018    +      
 
Step 33 - Stereo fiducial 7, Z
Z Location    mm +0000.9030 +0000.7904                     -0000.1127           
 
Step 35 - Stereo fiducial 7, XY
Diameter      mm +0000.1900 +0000.1847 +000.0100 -000.0200 -0000.0053    --     
X Location    mm -0132.4052 -0132.4278                     +0000.0226           
Y Location    mm +0019.3720 +0019.4126                     +0000.0406           
2D Circulari  mm            +0000.0015 +000.0100           +0000.0015    +      
 
Step 37 - Stereo focus 1
X Location    mm -0090.4464 -0090.5086                     +0000.0622           
Y Location    mm +0016.5790 +0016.5760                     -0000.0030           
Z Location    mm +0000.9572 +0000.8129                     -0000.1443           
 
Step 38 - Stereo focus 2
X Location    mm -0090.3200 -0090.5599                     +0000.2399           
Y Location    mm +0053.7170 +0053.7183                     +0000.0013           
Z Location    mm +0000.8051 +0000.8364                     +0000.0313           
 
Step 39 - Stereo focus 3
X Location    mm -0090.3841 -0090.5306                     +0000.1465           
Y Location    mm +0034.8940 +0034.8927                     -0000.0013           
Z Location    mm +0000.8790 +0000.8270                     -0000.0521           
 
Step 40 - Stereo focus 4
X Location    mm -0131.5071 -0131.6894                     +0000.1823           
Y Location    mm +0039.6750 +0039.6759                     +0000.0009           
Z Location    mm +0000.8967 +0000.8245                     -0000.0722           
 
Step 41 - Axial corner Z
Z Location    mm -0006.9683 -0007.0036                     +0000.0353           
 
Step 43 - Axial corner, left edge
X Location    mm -0180.3793 -0180.4532                     +0000.0739           
Y Location    mm +0019.5620 +0019.5609                     -0000.0011           
2D Straightn  mm            +0000.0019 +000.0100           +0000.0019    +      
XY Angle      dd -0090.0000 -0089.9689 +001.0000 -001.0000 +0000.0311    +      
Machine Serial Number: SVW5001902                                     Page:    4
================================================================================
Feature      Unit   Nominal     Actual      Tolerances      Deviation   Exceeded
================================================================================
 
Step 44 - Axial corner, lower edge
X Location    mm -0179.7449 -0179.8253                     +0000.0804           
Y Location    mm +0019.0110 +0019.0552                     +0000.0442           
2D Straightn  mm            +0000.0014 +000.0100           +0000.0014    +      
XY Angle      dd +0000.0000 -0000.0646 +001.0000 -001.0000 -0000.0646    -      
 
Step 46 - Axial lower edge Z
Z Location    mm -0006.9389 -0006.9614                     +0000.0225           
 
Step 48 - Axial lower edge, XY
X Location    mm -0139.8504 -0139.9533                     +0000.1029           
Y Location    mm +0019.0110 +0019.0395                     +0000.0285           
2D Straightn  mm            +0000.0014 +000.0100           +0000.0014    +      
XY Angle      dd +0000.0000 +0000.1036 +001.0000 -001.0000 +0000.1036    +      
 
Step 50 - Axial upper edge 1, Z
Z Location    mm -0007.0661 -0006.8384                     -0000.2277           
 
Step 52 - Axial upper edge 1, XY
X Location    mm -0082.8706 -0083.1539                     +0000.2833           
Y Location    mm +0059.3640 +0059.3663                     +0000.0023           
2D Straightn  mm            +0000.0024 +000.0100           +0000.0024    +      
XY Angle      dd +0180.0000 -0179.9390 +001.0000 -001.0000 +0000.0610    +      
 
Step 54 - Axial upper edge 2, Z
Z Location    mm -0007.0802 -0006.9434                     -0000.1369           
 
Step 56 - Axial upper edge 2, XY
X Location    mm -0114.6053 -0114.8682                     +0000.2628           
Y Location    mm +0059.3690 +0059.3795                     +0000.0105           
2D Straightn  mm            +0000.0011 +000.0100           +0000.0011    +      
XY Angle      dd +0180.0000 +0179.9761 +001.0000 -001.0000 -0000.0239    -      
 
Step 58 - Stereo upper fiducial line
X Location    mm -0153.0282 -0153.2018                     +0000.1735           
Y Location    mm +0061.5960 +0061.6444                     +0000.0484           
Z Location    mm +0000.8759 +0000.7957                     -0000.0802           
3D Straightn  mm            +0000.0044                     +0000.0044           
XY Angle      dd -0005.9531 -0005.7488                     +0000.2043           
Elevation     dd -0000.1055 +0000.0596                     +0000.1651           
 
Step 59 - Stereo lower fiducial line
X Location    mm -0157.1708 -0157.2027                     +0000.0319           
Y Location    mm +0021.8550 +0021.9058                     +0000.0508           
Z Location    mm +0000.8691 +0000.7649                     -0000.1042           
3D Straightn  mm            +0000.0005                     +0000.0005           
XY Angle      dd -0005.9524 -0005.7466                     +0000.2058           
Elevation     dd +0000.0747 +0000.0611                     -0000.0136           
Machine Serial Number: SVW5001902                                     Page:    5
================================================================================
Feature      Unit   Nominal     Actual      Tolerances      Deviation   Exceeded
================================================================================
 
Step 60 - Axial upper edge
X Location    mm -0098.7376 -0099.0184                     +0000.2808           
Y Location    mm +0059.3640 +0059.3729                     +0000.0089           
Z Location    mm -0007.0722 -0006.8901                     -0000.1821           
3D Straightn  mm            +0000.0030                     +0000.0030           
XY Angle      dd +0179.7670 +0179.9763                     +0000.2092           
Elevation     dd -0000.0261 -0000.1899                     -0000.1639           
 
Step 61 - Axial lower edge
X Location    mm -0159.8084 -0159.8903                     +0000.0819           
Y Location    mm +0019.0150 +0019.0474                     +0000.0324           
Z Location    mm -0006.9531 -0006.9815                     +0000.0285           
3D Straightn  mm            +0000.0020                     +0000.0020           
XY Angle      dd -0000.2407 -0000.0225                     +0000.2182           
Elevation     dd +0000.0442 +0000.0605                     +0000.0163           
 
Step 62 - Stereo sensor plane
X Location    mm -0137.0900 -0137.2130                     +0000.1230           
Y Location    mm +0039.9010 +0039.9332                     +0000.0322           
Z Location    mm +0000.8780 +0000.7960                     -0000.0820           
Flatness      mm            +0000.0343 +000.2000           +0000.0343    +      
XY Angle      dd -0094.7647 +0039.4059                     +0134.1706           
Elevation     dd -0089.9523 -0089.9385                     +0000.0138           
 
Step 63 - Axial sensor plane
X Location    mm -0139.4901 -0139.6508                     +0000.1607           
Y Location    mm +0035.2640 +0035.2803                     +0000.0163           
Z Location    mm -0007.0039 -0006.9496                     -0000.0542           
Flatness      mm            +0000.0486 +000.2000           +0000.0486    +      
XY Angle      dd +0099.1545 +0163.4007                     +0064.2463           
Elevation     dd +0089.7717 +0089.8934                     +0000.1218           
 
Step 64 - Axial sensor corner
X Location    mm            -0180.4530                                          
Y Location    mm            +0019.0555                                          
Z Location    mm            -0007.0041                                          
 
Step 65 - Origin ball reference
X Location    mm            -0259.1770                                          
Y Location    mm            +0053.6053                                          
Z Location    mm            +0009.4652                                          
 
Step 66 - Axis ball reference
X Location    mm            +0055.7711                                          
Y Location    mm            +0053.4190                                          
Z Location    mm            +0009.5490                                          
Machine Serial Number: SVW5001902                                     Page:    6
================================================================================
Feature      Unit   Nominal     Actual      Tolerances      Deviation   Exceeded
================================================================================
 
Step 67 - Diagonal ball reference
X Location    mm            -0259.1618                                          
Y Location    mm            +0028.1124                                          
Z Location    mm            -0015.6429                                          
