Machine Serial Number: SVW5001902                                     Page:    1
================================================================================
Routine Name                                     Run #       Date & Time        
================================================================================
L123_front_4.RTN                                     2 Thu Oct 23 17:36:16 2014
================================================================================
================================================================================
Feature      Unit   Nominal     Actual      Tolerances      Deviation   Exceeded
================================================================================
 
Step 1 - Cold block face, focus
X Location    mm +0216.1241 +0216.1263                     +0000.0022           
Y Location    mm -0028.7074 -0028.7080                     +0000.0007           
Z Location    mm -0016.0614 -0016.0371                     -0000.0243           
Flatness      mm            +0000.0009 +000.0100           +0000.0009    +      
XY Angle      dd -0074.8722 -0080.8692                     -0005.9970           
Elevation     dd +0089.8699 +0089.8567                     -0000.0131           
 
Step 3 - Cold block face, touch
X Location    mm +0215.4933 +0215.4941                     +0000.0008           
Y Location    mm -0027.5842 -0027.5860                     +0000.0017           
Z Location    mm +0000.0000 -0000.0245 +000.0500 -000.0500 -0000.0245    --     
Flatness      mm            +0000.0002 +000.0100           +0000.0002    +      
XY Angle      dd +0159.2971 -0084.6561                     -0243.9532           
Elevation     dd +0089.9964 +0089.9969                     +0000.0005           
 
Step 4 - Axis ball, touch
Sphere Diame  mm +0006.3500 +0006.3522 +000.0100 -000.0100 +0000.0022    +      
X Location    mm +0309.8200 +0309.8234                     +0000.0034           
Y Location    mm -0005.9540 -0005.9524                     -0000.0016           
Z Location    mm +0009.7136 +0009.6689                     -0000.0447           
Sphericity    mm            +0000.0038 +000.0100           +0000.0038    ++     
 
Step 5 - Origin ball, touch
Sphere Diame  mm +0006.3500 +0006.3509 +000.0100 -000.0100 +0000.0009    +      
X Location    mm -0005.1230 -0005.1192                     -0000.0038           
Y Location    mm -0005.9020 -0005.8997                     -0000.0023           
Z Location    mm +0009.5400 +0009.5002                     -0000.0398           
Sphericity    mm            +0000.0041 +000.0100           +0000.0041    ++     
 
Step 6 - Diagonal ball, touch
Sphere Diame  mm +0006.3500 +0006.3523 +000.0100 -000.0100 +0000.0023    +      
X Location    mm -0005.0760 -0005.0880                     +0000.0120           
Y Location    mm -0031.3310 -0031.3342                     +0000.0032           
Z Location    mm -0015.7224 -0015.6672                     -0000.0552           
Sphericity    mm            +0000.0047 +000.0100           +0000.0047    ++     
 
Step 9 - Stereo fiducial 1, Z
Z Location    mm +0000.8245 +0000.9016                     +0000.0771           
Machine Serial Number: SVW5001902                                     Page:    1
================================================================================
Routine Name                                     Run #       Date & Time        
================================================================================
L123_front_4.RTN                                     5 Thu Oct 23 17:44:15 2014
================================================================================
================================================================================
Feature      Unit   Nominal     Actual      Tolerances      Deviation   Exceeded
================================================================================
 
Step 1 - Cold block face, focus
X Location    mm +0216.1241 +0216.1265                     +0000.0024           
Y Location    mm -0028.7074 -0028.7080                     +0000.0006           
Z Location    mm -0016.0614 -0016.0381                     -0000.0232           
Flatness      mm            +0000.0009 +000.0100           +0000.0009    +      
XY Angle      dd -0074.8722 -0081.2010                     -0006.3288           
Elevation     dd +0089.8699 +0089.8570                     -0000.0128           
 
Step 3 - Cold block face, touch
X Location    mm +0215.4933 +0215.4951                     +0000.0018           
Y Location    mm -0027.5842 -0027.5858                     +0000.0015           
Z Location    mm +0000.0000 -0000.0264 +000.0500 -000.0500 -0000.0264    ---    
Flatness      mm            +0000.0003 +000.0100           +0000.0003    +      
XY Angle      dd +0159.2971 -0053.7327                     -0213.0298           
Elevation     dd +0089.9964 +0089.9967                     +0000.0003           
 
Step 4 - Axis ball, touch
Sphere Diame  mm +0006.3500 +0006.3512 +000.0100 -000.0100 +0000.0012    +      
X Location    mm +0309.8200 +0309.8232                     +0000.0032           
Y Location    mm -0005.9540 -0005.9527                     -0000.0013           
Z Location    mm +0009.7136 +0009.6681                     -0000.0455           
Sphericity    mm            +0000.0027 +000.0100           +0000.0027    ++     
 
Step 5 - Origin ball, touch
Sphere Diame  mm +0006.3500 +0006.3499 +000.0100 -000.0100 -0000.0001           
X Location    mm -0005.1230 -0005.1194                     -0000.0036           
Y Location    mm -0005.9020 -0005.9000                     -0000.0020           
Z Location    mm +0009.5400 +0009.5039                     -0000.0361           
Sphericity    mm            +0000.0044 +000.0100           +0000.0044    ++     
 
Step 6 - Diagonal ball, touch
Sphere Diame  mm +0006.3500 +0006.3522 +000.0100 -000.0100 +0000.0022    +      
X Location    mm -0005.0760 -0005.0881                     +0000.0121           
Y Location    mm -0031.3310 -0031.3343                     +0000.0033           
Z Location    mm -0015.7224 -0015.6638                     -0000.0586           
Sphericity    mm            +0000.0049 +000.0100           +0000.0049    ++     
 
Step 9 - Stereo fiducial 1, Z
Z Location    mm +0000.8245 +0000.9033                     +0000.0788           
Machine Serial Number: SVW5001902                                     Page:    2
================================================================================
Feature      Unit   Nominal     Actual      Tolerances      Deviation   Exceeded
================================================================================
 
Step 11 - Stereo fiducial 1, XY
Diameter      mm +0000.1900 +0000.1867 +000.0100 -000.0200 -0000.0033    -      
X Location    mm -0128.4440 -0128.3626                     -0000.0814           
Y Location    mm +0059.1630 +0059.1387                     -0000.0243           
2D Circulari  mm            +0000.0014 +000.0100           +0000.0014    +      
 
Step 13 - Stereo fiducial 2, Z
Z Location    mm +0000.8860 +0000.9450                     +0000.0590           
 
Step 15 - Stereo fiducial 2, XY
Diameter      mm +0000.1900 +0000.1879 +000.0100 -000.0200 -0000.0021    -      
X Location    mm -0150.4632 -0150.5714                     +0000.1082           
Y Location    mm +0061.3390 +0061.3722                     +0000.0332           
2D Circulari  mm            +0000.0009 +000.0100           +0000.0009    +      
 
Step 17 - Stereo fiducial 3, Z
Z Location    mm +0000.9148 +0000.9820                     +0000.0672           
 
Step 19 - Stereo fiducial 3, XY
Diameter      mm +0000.1900 +0000.1863 +000.0100 -000.0200 -0000.0037    -      
X Location    mm -0177.7931 -0177.9119                     +0000.1189           
Y Location    mm +0064.0790 +0064.1228                     +0000.0438           
2D Circulari  mm            +0000.0009 +000.0100           +0000.0009    +      
 
Step 21 - Stereo fiducial 4, Z
Z Location    mm +0000.8861 +0000.9238                     +0000.0377           
 
Step 23 - Stereo fiducial 4, XY
Diameter      mm +0000.1900 +0000.1841 +000.0100 -000.0200 -0000.0059    --     
X Location    mm -0179.8639 -0179.9102                     +0000.0463           
Y Location    mm +0044.2090 +0044.2546                     +0000.0456           
2D Circulari  mm            +0000.0017 +000.0100           +0000.0017    +      
 
Step 25 - Stereo fiducial 5, Z
Z Location    mm +0000.8376 +0000.8202                     -0000.0174           
 
Step 27 - Stereo fiducial 5, XY
Diameter      mm +0000.1900 +0000.1824 +000.0100 -000.0200 -0000.0076    --     
X Location    mm -0181.9364 -0181.9093                     -0000.0271           
Y Location    mm +0024.3380 +0024.3858                     +0000.0478           
2D Circulari  mm            +0000.0018 +000.0100           +0000.0018    +      
 
Step 29 - Stereo fiducial 6, Z
Z Location    mm +0000.8676 +0000.8489                     -0000.0188           
Machine Serial Number: SVW5001902                                     Page:    3
================================================================================
Feature      Unit   Nominal     Actual      Tolerances      Deviation   Exceeded
================================================================================
 
Step 31 - Stereo fiducial 6, XY
Diameter      mm +0000.1900 +0000.1865 +000.0100 -000.0200 -0000.0035    -      
X Location    mm -0154.6069 -0154.5712                     -0000.0356           
Y Location    mm +0021.5990 +0021.6331                     +0000.0341           
2D Circulari  mm            +0000.0010 +000.0100           +0000.0010    +      
 
Step 33 - Stereo fiducial 7, Z
Z Location    mm +0000.9030 +0000.8671                     -0000.0359           
 
Step 35 - Stereo fiducial 7, XY
Diameter      mm +0000.1900 +0000.1870 +000.0100 -000.0200 -0000.0030    -      
X Location    mm -0132.4052 -0132.3623                     -0000.0429           
Y Location    mm +0019.3720 +0019.3998                     +0000.0278           
2D Circulari  mm            +0000.0016 +000.0100           +0000.0016    +      
 
Step 37 - Stereo focus 1
X Location    mm -0090.4464 -0090.5036                     +0000.0572           
Y Location    mm +0016.5790 +0016.5749                     -0000.0041           
Z Location    mm +0000.9572 +0000.8746                     -0000.0827           
 
Step 38 - Stereo focus 2
X Location    mm -0090.3200 -0090.5626                     +0000.2426           
Y Location    mm +0053.7170 +0053.7188                     +0000.0018           
Z Location    mm +0000.8051 +0000.8235                     +0000.0184           
 
Step 39 - Stereo focus 3
X Location    mm -0090.3841 -0090.5290                     +0000.1449           
Y Location    mm +0034.8940 +0034.8923                     -0000.0017           
Z Location    mm +0000.8790 +0000.8458                     -0000.0332           
 
Step 40 - Stereo focus 4
X Location    mm -0131.5071 -0131.6913                     +0000.1842           
Y Location    mm +0039.6750 +0039.6774                     +0000.0024           
Z Location    mm +0000.8967 +0000.9018                     +0000.0051           
 
Step 41 - Axial corner Z
Z Location    mm -0006.9683 -0007.0354                     +0000.0671           
 
Step 43 - Axial corner, left edge
X Location    mm -0180.3793 -0180.3711                     -0000.0082           
Y Location    mm +0019.5620 +0019.5604                     -0000.0016           
2D Straightn  mm            +0000.0040 +000.0100           +0000.0040    ++     
XY Angle      dd -0090.0000 -0090.1286 +001.0000 -001.0000 -0000.1286    -      
Machine Serial Number: SVW5001902                                     Page:    4
================================================================================
Feature      Unit   Nominal     Actual      Tolerances      Deviation   Exceeded
================================================================================
 
Step 44 - Axial corner, lower edge
X Location    mm -0179.7449 -0179.8478                     +0000.1029           
Y Location    mm +0019.0110 +0019.0749                     +0000.0639           
2D Straightn  mm            +0000.0017 +000.0100           +0000.0017    +      
XY Angle      dd +0000.0000 -0000.0887 +001.0000 -001.0000 -0000.0887    -      
 
Step 46 - Axial lower edge Z
Z Location    mm -0006.9389 -0007.0523                     +0000.1134           
 
Step 48 - Axial lower edge, XY
X Location    mm -0139.8504 -0139.9338                     +0000.0834           
Y Location    mm +0019.0110 +0019.0573                     +0000.0463           
2D Straightn  mm            +0000.0018 +000.0100           +0000.0018    +      
XY Angle      dd +0000.0000 -0000.0319 +001.0000 -001.0000 -0000.0319    -      
 
Step 50 - Axial upper edge 1, Z
Z Location    mm -0007.0661 -0006.8573                     -0000.2087           
 
Step 52 - Axial upper edge 1, XY
X Location    mm -0082.8706 -0083.1510                     +0000.2804           
Y Location    mm +0059.3640 +0059.3827                     +0000.0187           
2D Straightn  mm            +0000.0022 +000.0100           +0000.0022    +      
XY Angle      dd +0180.0000 +0179.8881 +001.0000 -001.0000 -0000.1119    -      
 
Step 54 - Axial upper edge 2, Z
Z Location    mm -0007.0802 -0006.9086                     -0000.1716           
 
Step 56 - Axial upper edge 2, XY
X Location    mm -0114.6053 -0114.8597                     +0000.2544           
Y Location    mm +0059.3690 +0059.3979                     +0000.0289           
2D Straightn  mm            +0000.0016 +000.0100           +0000.0016    +      
XY Angle      dd +0180.0000 +0179.9638 +001.0000 -001.0000 -0000.0362    -      
 
Step 58 - Stereo upper fiducial line
X Location    mm -0153.0282 -0153.1373                     +0000.1091           
Y Location    mm +0061.5960 +0061.6306                     +0000.0346           
Z Location    mm +0000.8759 +0000.9448                     +0000.0688           
3D Straightn  mm            +0000.0073                     +0000.0073           
XY Angle      dd -0005.9531 -0005.7441                     +0000.2090           
Elevation     dd -0000.1055 -0000.0919                     +0000.0136           
 
Step 59 - Stereo lower fiducial line
X Location    mm -0157.1708 -0157.1358                     -0000.0350           
Y Location    mm +0021.8550 +0021.8922                     +0000.0372           
Z Location    mm +0000.8691 +0000.8457                     -0000.0234           
3D Straightn  mm            +0000.0037                     +0000.0037           
XY Angle      dd -0005.9524 -0005.7466                     +0000.2059           
Elevation     dd +0000.0747 +0000.0545                     -0000.0202           
Machine Serial Number: SVW5001902                                     Page:    5
================================================================================
Feature      Unit   Nominal     Actual      Tolerances      Deviation   Exceeded
================================================================================
 
Step 60 - Axial upper edge
X Location    mm -0098.7376 -0099.0127                     +0000.2751           
Y Location    mm +0059.3640 +0059.3903                     +0000.0263           
Z Location    mm -0007.0722 -0006.8818                     -0000.1904           
3D Straightn  mm            +0000.0022                     +0000.0022           
XY Angle      dd +0179.7670 +0179.9725                     +0000.2055           
Elevation     dd -0000.0261 -0000.0923                     -0000.0663           
 
Step 61 - Axial lower edge
X Location    mm -0159.8084 -0159.8890                     +0000.0806           
Y Location    mm +0019.0150 +0019.0661                     +0000.0511           
Z Location    mm -0006.9531 -0007.0418                     +0000.0887           
3D Straightn  mm            +0000.0021                     +0000.0021           
XY Angle      dd -0000.2407 -0000.0254                     +0000.2153           
Elevation     dd +0000.0442 -0000.0219                     -0000.0661           
 
Step 62 - Stereo sensor plane
X Location    mm -0137.0900 -0137.1714                     +0000.0814           
Y Location    mm +0039.9010 +0039.9246                     +0000.0236           
Z Location    mm +0000.8780 +0000.8854                     +0000.0074           
Flatness      mm            +0000.1118 +000.2000           +0000.1118    +++    
XY Angle      dd -0094.7647 +0107.0615                     +0201.8262           
Elevation     dd -0089.9523 -0089.9025                     +0000.0498           
 
Step 63 - Axial sensor plane
X Location    mm -0139.4901 -0139.6327                     +0000.1426           
Y Location    mm +0035.2640 +0035.2946                     +0000.0306           
Z Location    mm -0007.0039 -0006.9766                     -0000.0273           
Flatness      mm            +0000.0423 +000.2000           +0000.0423    +      
XY Angle      dd +0099.1545 -0094.6049                     -0193.7593           
Elevation     dd +0089.7717 +0089.8009                     +0000.0292           
 
Step 64 - Axial sensor corner
X Location    mm            -0180.3722                                          
Y Location    mm            +0019.0752                                          
Z Location    mm            -0007.0348                                          
 
Step 65 - Origin ball reference
X Location    mm            -0259.1786                                          
Y Location    mm            +0053.5976                                          
Z Location    mm            +0009.5039                                          
 
Step 66 - Axis ball reference
X Location    mm            +0055.7639                                          
Y Location    mm            +0053.4190                                          
Z Location    mm            +0009.6681                                          
Machine Serial Number: SVW5001902                                     Page:    6
================================================================================
Feature      Unit   Nominal     Actual      Tolerances      Deviation   Exceeded
================================================================================
 
Step 67 - Diagonal ball reference
X Location    mm            -0259.1575                                          
Y Location    mm            +0028.1633                                          
Z Location    mm            -0015.6638                                          
Machine Serial Number: SVW5001902                                     Page:    1
================================================================================
Routine Name                                     Run #       Date & Time        
================================================================================
L123_front_4.RTN                                     1 Wed Oct 29 15:35:21 2014
================================================================================
================================================================================
Feature      Unit   Nominal     Actual      Tolerances      Deviation   Exceeded
================================================================================
 
Step 1 - Cold block face, focus
X Location    mm +0216.1241 +0216.1262                     +0000.0021           
Y Location    mm -0028.7074 -0028.7077                     +0000.0004           
Z Location    mm -0016.0614 -0016.0126                     -0000.0487           
Flatness      mm            +0000.0002 +000.0100           +0000.0002    +      
XY Angle      dd -0074.8722 -0079.2482                     -0004.3760           
Elevation     dd +0089.8699 +0089.7881                     -0000.0817           
 
Step 3 - Cold block face, touch
X Location    mm +0215.4933 +0215.4916                     -0000.0017           
Y Location    mm -0027.5842 -0027.5838                     -0000.0005           
Z Location    mm +0000.0000 -0000.0268 +000.0500 -000.0500 -0000.0268    ---    
Flatness      mm            +0000.0005 +000.0100           +0000.0005    +      
XY Angle      dd +0159.2971 -0055.9624                     -0215.2595           
Elevation     dd +0089.9964 +0089.9982                     +0000.0019           
Machine Serial Number: SVW5001902                                     Page:    1
================================================================================
Routine Name                                     Run #       Date & Time        
================================================================================
L123_front_4.RTN                                     2 Wed Oct 29 15:37:57 2014
================================================================================
================================================================================
Feature      Unit   Nominal     Actual      Tolerances      Deviation   Exceeded
================================================================================
 
Step 1 - Cold block face, focus
X Location    mm +0216.1241 +0216.1262                     +0000.0021           
Y Location    mm -0028.7074 -0028.7077                     +0000.0004           
Z Location    mm -0016.0614 -0016.0135                     -0000.0479           
Flatness      mm            +0000.0013 +000.0100           +0000.0013    +      
XY Angle      dd -0074.8722 -0079.1428                     -0004.2706           
Elevation     dd +0089.8699 +0089.7868                     -0000.0831           
 
Step 3 - Cold block face, touch
X Location    mm +0215.4933 +0215.4921                     -0000.0012           
Y Location    mm -0027.5842 -0027.5836                     -0000.0006           
Z Location    mm +0000.0000 -0000.0274 +000.0500 -000.0500 -0000.0274    ---    
Flatness      mm            +0000.0007 +000.0100           +0000.0007    +      
XY Angle      dd +0159.2971 -0077.1215                     -0236.4186           
Elevation     dd +0089.9964 +0089.9977                     +0000.0013           
 
Step 4 - Axis ball, touch
Sphere Diame  mm +0006.3500 +0006.3511 +000.0100 -000.0100 +0000.0011    +      
X Location    mm +0309.8200 +0309.8306                     +0000.0106           
Y Location    mm -0005.9540 -0005.9597                     +0000.0057           
Z Location    mm +0009.7136 +0009.6220                     -0000.0916           
Sphericity    mm            +0000.0031 +000.0100           +0000.0031    ++     
 
Step 5 - Origin ball, touch
Sphere Diame  mm +0006.3500 +0006.3515 +000.0100 -000.0100 +0000.0015    +      
X Location    mm -0005.1230 -0005.1140                     -0000.0090           
Y Location    mm -0005.9020 -0005.9038                     +0000.0018           
Z Location    mm +0009.5400 +0009.3799                     -0000.1601           
Sphericity    mm            +0000.0037 +000.0100           +0000.0037    ++     
 
Step 6 - Diagonal ball, touch
Sphere Diame  mm +0006.3500 +0006.3521 +000.0100 -000.0100 +0000.0021    +      
X Location    mm -0005.0760 -0005.0777                     +0000.0017           
Y Location    mm -0031.3310 -0031.3683                     +0000.0373           
Z Location    mm -0015.7224 -0015.7567                     +0000.0343           
Sphericity    mm            +0000.0054 +000.0100           +0000.0054    +++    
 
Step 9 - Stereo fiducial 1, Z
Z Location    mm +0000.8245 +0000.8969                     +0000.0725           
Machine Serial Number: SVW5001902                                     Page:    2
================================================================================
Feature      Unit   Nominal     Actual      Tolerances      Deviation   Exceeded
================================================================================
 
Step 11 - Stereo fiducial 1, XY
Diameter      mm +0000.1900 +0000.1877 +000.0100 -000.0200 -0000.0023    -      
X Location    mm -0128.4440 -0128.4002                     -0000.0438           
Y Location    mm +0059.1630 +0059.1339                     -0000.0291           
2D Circulari  mm            +0000.0028 +000.0100           +0000.0028    ++     
 
Step 13 - Stereo fiducial 2, Z
Z Location    mm +0000.8860 +0000.9137                     +0000.0277           
 
Step 15 - Stereo fiducial 2, XY
Diameter      mm +0000.1900 +0000.1883 +000.0100 -000.0200 -0000.0017    -      
X Location    mm -0150.4632 -0150.6083                     +0000.1451           
Y Location    mm +0061.3390 +0061.3668                     +0000.0278           
2D Circulari  mm            +0000.0021 +000.0100           +0000.0021    +      
 
Step 17 - Stereo fiducial 3, Z
Z Location    mm +0000.9148 +0000.9138                     -0000.0010           
 
Step 19 - Stereo fiducial 3, XY
Diameter      mm +0000.1900 +0000.1846 +000.0100 -000.0200 -0000.0054    --     
X Location    mm -0177.7931 -0177.9504                     +0000.1573           
Y Location    mm +0064.0790 +0064.1114                     +0000.0324           
2D Circulari  mm            +0000.0022 +000.0100           +0000.0022    +      
 
Step 21 - Stereo fiducial 4, Z
Z Location    mm +0000.8861 +0000.8760                     -0000.0101           
 
Step 23 - Stereo fiducial 4, XY
Diameter      mm +0000.1900 +0000.1849 +000.0100 -000.0200 -0000.0051    --     
X Location    mm -0179.8639 -0179.9477                     +0000.0838           
Y Location    mm +0044.2090 +0044.2442                     +0000.0352           
2D Circulari  mm            +0000.0019 +000.0100           +0000.0019    +      
 
Step 25 - Stereo fiducial 5, Z
Z Location    mm +0000.8376 +0000.8178                     -0000.0198           
 
Step 27 - Stereo fiducial 5, XY
Diameter      mm +0000.1900 +0000.1836 +000.0100 -000.0200 -0000.0064    --     
X Location    mm -0181.9364 -0181.9445                     +0000.0081           
Y Location    mm +0024.3380 +0024.3754                     +0000.0374           
2D Circulari  mm            +0000.0018 +000.0100           +0000.0018    +      
 
Step 29 - Stereo fiducial 6, Z
Z Location    mm +0000.8676 +0000.8570                     -0000.0106           
Machine Serial Number: SVW5001902                                     Page:    3
================================================================================
Feature      Unit   Nominal     Actual      Tolerances      Deviation   Exceeded
================================================================================
 
Step 31 - Stereo fiducial 6, XY
Diameter      mm +0000.1900 +0000.1872 +000.0100 -000.0200 -0000.0028    -      
X Location    mm -0154.6069 -0154.6039                     -0000.0029           
Y Location    mm +0021.5990 +0021.6260                     +0000.0270           
2D Circulari  mm            +0000.0017 +000.0100           +0000.0017    +      
 
Step 33 - Stereo fiducial 7, Z
Z Location    mm +0000.9030 +0000.8802                     -0000.0228           
 
Step 35 - Stereo fiducial 7, XY
Diameter      mm +0000.1900 +0000.1878 +000.0100 -000.0200 -0000.0022    -      
X Location    mm -0132.4052 -0132.3953                     -0000.0099           
Y Location    mm +0019.3720 +0019.3950                     +0000.0230           
2D Circulari  mm            +0000.0022 +000.0100           +0000.0022    +      
 
Step 37 - Stereo focus 1
X Location    mm -0090.4464 -0090.5031                     +0000.0567           
Y Location    mm +0016.5790 +0016.5750                     -0000.0040           
Z Location    mm +0000.9572 +0000.8855                     -0000.0717           
 
Step 38 - Stereo focus 2
X Location    mm -0090.3200 -0090.5630                     +0000.2430           
Y Location    mm +0053.7170 +0053.7188                     +0000.0018           
Z Location    mm +0000.8051 +0000.8308                     +0000.0257           
 
Step 39 - Stereo focus 3
X Location    mm -0090.3841 -0090.5285                     +0000.1445           
Y Location    mm +0034.8940 +0034.8924                     -0000.0016           
Z Location    mm +0000.8790 +0000.8556                     -0000.0234           
 
Step 40 - Stereo focus 4
X Location    mm -0131.5071 -0131.6923                     +0000.1852           
Y Location    mm +0039.6750 +0039.6772                     +0000.0022           
Z Location    mm +0000.8967 +0000.9039                     +0000.0072           
 
Step 41 - Axial corner Z
Z Location    mm -0006.9683 -0007.0171                     +0000.0488           
 
Step 43 - Axial corner, left edge
X Location    mm -0180.3793 -0180.4251                     +0000.0458           
Y Location    mm +0019.5620 +0019.5802                     +0000.0182           
2D Straightn  mm            +0000.0008 +000.0100           +0000.0008    +      
XY Angle      dd -0090.0000 -0090.0213 +001.0000 -001.0000 -0000.0213    -      
Machine Serial Number: SVW5001902                                     Page:    4
================================================================================
Feature      Unit   Nominal     Actual      Tolerances      Deviation   Exceeded
================================================================================
 
Step 44 - Axial corner, lower edge
X Location    mm -0179.7449 -0179.8461                     +0000.1012           
Y Location    mm +0019.0110 +0019.0578                     +0000.0468           
2D Straightn  mm            +0000.0012 +000.0100           +0000.0012    +      
XY Angle      dd +0000.0000 -0000.1041 +001.0000 -001.0000 -0000.1041    -      
 
Step 46 - Axial lower edge Z
Z Location    mm -0006.9389 -0007.0254                     +0000.0865           
 
Step 48 - Axial lower edge, XY
X Location    mm -0139.8504 -0139.9333                     +0000.0829           
Y Location    mm +0019.0110 +0019.0443                     +0000.0333           
2D Straightn  mm            +0000.0019 +000.0100           +0000.0019    +      
XY Angle      dd +0000.0000 -0000.0418 +001.0000 -001.0000 -0000.0418    -      
 
Step 50 - Axial upper edge 1, Z
Z Location    mm -0007.0661 -0006.8698                     -0000.1963           
 
Step 52 - Axial upper edge 1, XY
X Location    mm -0082.8706 -0083.1530                     +0000.2824           
Y Location    mm +0059.3640 +0059.3731                     +0000.0091           
2D Straightn  mm            +0000.0022 +000.0100           +0000.0022    +      
XY Angle      dd +0180.0000 +0179.8853 +001.0000 -001.0000 -0000.1147    -      
 
Step 54 - Axial upper edge 2, Z
Z Location    mm -0007.0802 -0006.9841                     -0000.0962           
 
Step 56 - Axial upper edge 2, XY
X Location    mm -0114.6053 -0114.8592                     +0000.2538           
Y Location    mm +0059.3690 +0059.3853                     +0000.0163           
2D Straightn  mm            +0000.0023 +000.0100           +0000.0023    +      
XY Angle      dd +0180.0000 +0179.9580 +001.0000 -001.0000 -0000.0420    -      
 
Step 58 - Stereo upper fiducial line
X Location    mm -0153.0282 -0153.1753                     +0000.1470           
Y Location    mm +0061.5960 +0061.6233                     +0000.0273           
Z Location    mm +0000.8759 +0000.9080                     +0000.0320           
3D Straightn  mm            +0000.0121                     +0000.0121           
XY Angle      dd -0005.9531 -0005.7362                     +0000.2169           
Elevation     dd -0000.1055 -0000.0227                     +0000.0828           
 
Step 59 - Stereo lower fiducial line
X Location    mm -0157.1708 -0157.1699                     -0000.0009           
Y Location    mm +0021.8550 +0021.8848                     +0000.0298           
Z Location    mm +0000.8691 +0000.8515                     -0000.0176           
3D Straightn  mm            +0000.0053                     +0000.0053           
XY Angle      dd -0005.9524 -0005.7399                     +0000.2125           
Elevation     dd +0000.0747 +0000.0727                     -0000.0020           
Machine Serial Number: SVW5001902                                     Page:    5
================================================================================
Feature      Unit   Nominal     Actual      Tolerances      Deviation   Exceeded
================================================================================
 
Step 60 - Axial upper edge
X Location    mm -0098.7376 -0099.0131                     +0000.2755           
Y Location    mm +0059.3640 +0059.3792                     +0000.0152           
Z Location    mm -0007.0722 -0006.9257                     -0000.1465           
3D Straightn  mm            +0000.0034                     +0000.0034           
XY Angle      dd +0179.7670 +0179.9779                     +0000.2109           
Elevation     dd -0000.0261 -0000.2063                     -0000.1803           
 
Step 61 - Axial lower edge
X Location    mm -0159.8084 -0159.8880                     +0000.0795           
Y Location    mm +0019.0150 +0019.0510                     +0000.0360           
Z Location    mm -0006.9531 -0007.0211                     +0000.0681           
3D Straightn  mm            +0000.0024                     +0000.0024           
XY Angle      dd -0000.2407 -0000.0193                     +0000.2213           
Elevation     dd +0000.0442 -0000.0094                     -0000.0535           
 
Step 62 - Stereo sensor plane
X Location    mm -0137.0900 -0137.1943                     +0000.1043           
Y Location    mm +0039.9010 +0039.9196                     +0000.0186           
Z Location    mm +0000.8780 +0000.8757                     -0000.0023           
Flatness      mm            +0000.0828 +000.2000           +0000.0828    ++     
XY Angle      dd -0094.7647 +0094.2279                     +0188.9926           
Elevation     dd -0089.9523 -0089.9566                     -0000.0043           
 
Step 63 - Axial sensor plane
X Location    mm -0139.4901 -0139.6433                     +0000.1532           
Y Location    mm +0035.2640 +0035.2881                     +0000.0241           
Z Location    mm -0007.0039 -0006.9823                     -0000.0215           
Flatness      mm            +0000.0815 +000.2000           +0000.0815    ++     
XY Angle      dd +0099.1545 -0149.1842                     -0248.3387           
Elevation     dd +0089.7717 +0089.9311                     +0000.1595           
 
Step 64 - Axial sensor corner
X Location    mm            -0180.4253                                          
Y Location    mm            +0019.0579                                          
Z Location    mm            -0007.0180                                          
 
Step 65 - Origin ball reference
X Location    mm            -0259.1817                                          
Y Location    mm            +0053.5827                                          
Z Location    mm            +0009.3799                                          
 
Step 66 - Axis ball reference
X Location    mm            +0055.7629                                          
Y Location    mm            +0053.4190                                          
Z Location    mm            +0009.6220                                          
Machine Serial Number: SVW5001902                                     Page:    6
================================================================================
Feature      Unit   Nominal     Actual      Tolerances      Deviation   Exceeded
================================================================================
 
Step 67 - Diagonal ball reference
X Location    mm            -0259.1540                                          
Y Location    mm            +0028.1182                                          
Z Location    mm            -0015.7567                                          
