Machine Serial Number: SVW5001902                                     Page:    1
================================================================================
Routine Name                                     Run #       Date & Time        
================================================================================
L123_front_9.RTN                                     1 Thu Oct 23 19:35:45 2014
================================================================================
================================================================================
Feature      Unit   Nominal     Actual      Tolerances      Deviation   Exceeded
================================================================================
 
Step 1 - Cold block face, focus
X Location    mm +0216.1241 +0216.1246                     +0000.0004           
Y Location    mm -0028.7074 -0028.7076                     +0000.0002           
Z Location    mm -0016.0614 -0016.0507                     -0000.0107           
Flatness      mm            +0000.0031 +000.0100           +0000.0031    ++     
XY Angle      dd -0074.8722 -0076.5430                     -0001.6708           
Elevation     dd +0089.8699 +0089.8670                     -0000.0029           
 
Step 3 - Cold block face, touch
X Location    mm +0215.4933 +0215.4934                     +0000.0001           
Y Location    mm -0027.5842 -0027.5852                     +0000.0010           
Z Location    mm +0000.0000 -0000.0221 +000.0500 -000.0500 -0000.0221    --     
Flatness      mm            +0000.0003 +000.0100           +0000.0003    +      
XY Angle      dd +0159.2971 +0116.3157                     -0042.9815           
Elevation     dd +0089.9964 +0089.9986                     +0000.0022           
 
Step 4 - Axis ball, touch
Sphere Diame  mm +0006.3500 +0006.3517 +000.0100 -000.0100 +0000.0017    +      
X Location    mm +0309.8200 +0309.8194                     -0000.0006           
Y Location    mm -0005.9540 -0005.9526                     -0000.0014           
Z Location    mm +0009.7136 +0009.6963                     -0000.0173           
Sphericity    mm            +0000.0038 +000.0100           +0000.0038    ++     
 
Step 5 - Origin ball, touch
Sphere Diame  mm +0006.3500 +0006.3505 +000.0100 -000.0100 +0000.0005    +      
X Location    mm -0005.1230 -0005.1223                     -0000.0007           
Y Location    mm -0005.9020 -0005.8985                     -0000.0035           
Z Location    mm +0009.5400 +0009.4700                     -0000.0700           
Sphericity    mm            +0000.0041 +000.0100           +0000.0041    ++     
 
Step 6 - Diagonal ball, touch
Sphere Diame  mm +0006.3500 +0006.3517 +000.0100 -000.0100 +0000.0017    +      
X Location    mm -0005.0760 -0005.0859                     +0000.0099           
Y Location    mm -0031.3310 -0031.3302                     -0000.0008           
Z Location    mm -0015.7224 -0015.7006                     -0000.0218           
Sphericity    mm            +0000.0043 +000.0100           +0000.0043    ++     
 
Step 9 - Stereo fiducial 1, Z
Z Location    mm +0000.8245 +0000.9840                     +0000.1595           
Machine Serial Number: SVW5001902                                     Page:    2
================================================================================
Feature      Unit   Nominal     Actual      Tolerances      Deviation   Exceeded
================================================================================
 
Step 11 - Stereo fiducial 1, XY
Diameter      mm +0000.1900 +0000.1848 +000.0100 -000.0200 -0000.0052    --     
X Location    mm -0128.4440 -0128.4006                     -0000.0434           
Y Location    mm +0059.1630 +0059.1508                     -0000.0122           
2D Circulari  mm            +0000.0027 +000.0100           +0000.0027    ++     
 
Step 13 - Stereo fiducial 2, Z
Z Location    mm +0000.8860 +0000.9776                     +0000.0917           
 
Step 15 - Stereo fiducial 2, XY
Diameter      mm +0000.1900 +0000.1859 +000.0100 -000.0200 -0000.0041    -      
X Location    mm -0150.4632 -0150.6095                     +0000.1463           
Y Location    mm +0061.3390 +0061.3806                     +0000.0416           
2D Circulari  mm            +0000.0004 +000.0100           +0000.0004    +      
 
Step 17 - Stereo fiducial 3, Z
Z Location    mm +0000.9148 +0000.9532                     +0000.0384           
 
Step 19 - Stereo fiducial 3, XY
Diameter      mm +0000.1900 +0000.1848 +000.0100 -000.0200 -0000.0052    --     
X Location    mm -0177.7931 -0177.9497                     +0000.1567           
Y Location    mm +0064.0790 +0064.1295                     +0000.0505           
2D Circulari  mm            +0000.0025 +000.0100           +0000.0025    +      
 
Step 21 - Stereo fiducial 4, Z
Z Location    mm +0000.8861 +0000.9245                     +0000.0384           
 
Step 23 - Stereo fiducial 4, XY
Diameter      mm +0000.1900 +0000.1864 +000.0100 -000.0200 -0000.0036    -      
X Location    mm -0179.8639 -0179.9462                     +0000.0823           
Y Location    mm +0044.2090 +0044.2578                     +0000.0488           
2D Circulari  mm            +0000.0016 +000.0100           +0000.0016    +      
 
Step 25 - Stereo fiducial 5, Z
Z Location    mm +0000.8376 +0000.8574                     +0000.0198           
 
Step 27 - Stereo fiducial 5, XY
Diameter      mm +0000.1900 +0000.1867 +000.0100 -000.0200 -0000.0033    -      
X Location    mm -0181.9364 -0181.9437                     +0000.0073           
Y Location    mm +0024.3380 +0024.3895                     +0000.0515           
2D Circulari  mm            +0000.0018 +000.0100           +0000.0018    +      
 
Step 29 - Stereo fiducial 6, Z
Z Location    mm +0000.8676 +0000.9350                     +0000.0673           
Machine Serial Number: SVW5001902                                     Page:    3
================================================================================
Feature      Unit   Nominal     Actual      Tolerances      Deviation   Exceeded
================================================================================
 
Step 31 - Stereo fiducial 6, XY
Diameter      mm +0000.1900 +0000.1860 +000.0100 -000.0200 -0000.0040    -      
X Location    mm -0154.6069 -0154.6047                     -0000.0021           
Y Location    mm +0021.5990 +0021.6421                     +0000.0431           
2D Circulari  mm            +0000.0007 +000.0100           +0000.0007    +      
 
Step 33 - Stereo fiducial 7, Z
Z Location    mm +0000.9030 +0000.9694                     +0000.0664           
 
Step 35 - Stereo fiducial 7, XY
Diameter      mm +0000.1900 +0000.1862 +000.0100 -000.0200 -0000.0038    -      
X Location    mm -0132.4052 -0132.3955                     -0000.0097           
Y Location    mm +0019.3720 +0019.4115                     +0000.0395           
2D Circulari  mm            +0000.0014 +000.0100           +0000.0014    +      
 
Step 37 - Stereo focus 1
X Location    mm -0090.4464 -0090.5003                     +0000.0539           
Y Location    mm +0016.5790 +0016.5741                     -0000.0049           
Z Location    mm +0000.9572 +0000.9595                     +0000.0022           
 
Step 38 - Stereo focus 2
X Location    mm -0090.3200 -0090.5629                     +0000.2429           
Y Location    mm +0053.7170 +0053.7197                     +0000.0027           
Z Location    mm +0000.8051 +0000.9669                     +0000.1619           
 
Step 39 - Stereo focus 3
X Location    mm -0090.3841 -0090.5284                     +0000.1443           
Y Location    mm +0034.8940 +0034.8927                     -0000.0013           
Z Location    mm +0000.8790 +0000.9739                     +0000.0949           
 
Step 40 - Stereo focus 4
X Location    mm -0131.5071 -0131.6918                     +0000.1847           
Y Location    mm +0039.6750 +0039.6773                     +0000.0023           
Z Location    mm +0000.8967 +0000.9922                     +0000.0955           
 
Step 41 - Axial corner Z
Z Location    mm -0006.9683 -0006.9279                     -0000.0404           
 
Step 43 - Axial corner, left edge
X Location    mm -0180.3793 -0180.3518                     -0000.0275           
Y Location    mm +0019.5620 +0019.5596                     -0000.0024           
2D Straightn  mm            +0000.0068 +000.0100           +0000.0068    +++    
XY Angle      dd -0090.0000 -0090.2258 +001.0000 -001.0000 -0000.2258    -      
Machine Serial Number: SVW5001902                                     Page:    4
================================================================================
Feature      Unit   Nominal     Actual      Tolerances      Deviation   Exceeded
================================================================================
 
Step 44 - Axial corner, lower edge
X Location    mm -0179.7449 -0179.8465                     +0000.1016           
Y Location    mm +0019.0110 +0019.0825                     +0000.0715           
2D Straightn  mm            +0000.0014 +000.0100           +0000.0014    +      
XY Angle      dd +0000.0000 -0000.0325 +001.0000 -001.0000 -0000.0325    -      
 
Step 46 - Axial lower edge Z
Z Location    mm -0006.9389 -0006.9848                     +0000.0459           
 
Step 48 - Axial lower edge, XY
X Location    mm -0139.8504 -0139.9335                     +0000.0831           
Y Location    mm +0019.0110 +0019.0657                     +0000.0547           
2D Straightn  mm            +0000.0011 +000.0100           +0000.0011    +      
XY Angle      dd +0000.0000 -0000.0319 +001.0000 -001.0000 -0000.0319    -      
 
Step 50 - Axial upper edge 1, Z
Z Location    mm -0007.0661 -0006.8938                     -0000.1722           
 
Step 52 - Axial upper edge 1, XY
X Location    mm -0082.8706 -0083.1521                     +0000.2815           
Y Location    mm +0059.3640 +0059.3948                     +0000.0308           
2D Straightn  mm            +0000.0018 +000.0100           +0000.0018    +      
XY Angle      dd +0180.0000 +0179.9202 +001.0000 -001.0000 -0000.0798    -      
 
Step 54 - Axial upper edge 2, Z
Z Location    mm -0007.0802 -0006.9904                     -0000.0898           
 
Step 56 - Axial upper edge 2, XY
X Location    mm -0114.6053 -0114.8596                     +0000.2543           
Y Location    mm +0059.3690 +0059.4075                     +0000.0385           
2D Straightn  mm            +0000.0022 +000.0100           +0000.0022    +      
XY Angle      dd +0180.0000 +0179.8804 +001.0000 -001.0000 -0000.1196    -      
 
Step 58 - Stereo upper fiducial line
X Location    mm -0153.0282 -0153.1752                     +0000.1470           
Y Location    mm +0061.5960 +0061.6396                     +0000.0436           
Z Location    mm +0000.8759 +0000.9702                     +0000.0942           
3D Straightn  mm            +0000.0098                     +0000.0098           
XY Angle      dd -0005.9531 -0005.7379                     +0000.2151           
Elevation     dd -0000.1055 +0000.0324                     +0000.1379           
 
Step 59 - Stereo lower fiducial line
X Location    mm -0157.1708 -0157.1696                     -0000.0012           
Y Location    mm +0021.8550 +0021.9003                     +0000.0453           
Z Location    mm +0000.8691 +0000.9189                     +0000.0498           
3D Straightn  mm            +0000.0171                     +0000.0171           
XY Angle      dd -0005.9524 -0005.7372                     +0000.2152           
Elevation     dd +0000.0747 +0000.1313                     +0000.0566           
Machine Serial Number: SVW5001902                                     Page:    5
================================================================================
Feature      Unit   Nominal     Actual      Tolerances      Deviation   Exceeded
================================================================================
 
Step 60 - Axial upper edge
X Location    mm -0098.7376 -0099.0132                     +0000.2756           
Y Location    mm +0059.3640 +0059.4012                     +0000.0372           
Z Location    mm -0007.0722 -0006.9413                     -0000.1309           
3D Straightn  mm            +0000.0030                     +0000.0030           
XY Angle      dd +0179.7670 +0179.9771                     +0000.2101           
Elevation     dd -0000.0261 -0000.1746                     -0000.1485           
 
Step 61 - Axial lower edge
X Location    mm -0159.8084 -0159.8883                     +0000.0798           
Y Location    mm +0019.0150 +0019.0741                     +0000.0591           
Z Location    mm -0006.9531 -0006.9560                     +0000.0030           
3D Straightn  mm            +0000.0018                     +0000.0018           
XY Angle      dd -0000.2407 -0000.0242                     +0000.2165           
Elevation     dd +0000.0442 -0000.0788                     -0000.1230           
 
Step 62 - Stereo sensor plane
X Location    mm -0137.0900 -0137.1939                     +0000.1040           
Y Location    mm +0039.9010 +0039.9296                     +0000.0286           
Z Location    mm +0000.8780 +0000.9538                     +0000.0757           
Flatness      mm            +0000.0848 +000.2000           +0000.0848    ++     
XY Angle      dd -0094.7647 +0053.6995                     +0148.4642           
Elevation     dd -0089.9523 -0089.9312                     +0000.0211           
 
Step 63 - Axial sensor plane
X Location    mm -0139.4901 -0139.6287                     +0000.1386           
Y Location    mm +0035.2640 +0035.3020                     +0000.0380           
Z Location    mm -0007.0039 -0006.9445                     -0000.0594           
Flatness      mm            +0000.0959 +000.2000           +0000.0959    ++     
XY Angle      dd +0099.1545 -0103.4880                     -0202.6425           
Elevation     dd +0089.7717 +0089.9942                     +0000.2225           
 
Step 64 - Axial sensor corner
X Location    mm            -0180.3537                                          
Y Location    mm            +0019.0828                                          
Z Location    mm            -0006.9279                                          
 
Step 65 - Origin ball reference
X Location    mm            -0259.1799                                          
Y Location    mm            +0053.5911                                          
Z Location    mm            +0009.4700                                          
 
Step 66 - Axis ball reference
X Location    mm            +0055.7617                                          
Y Location    mm            +0053.4190                                          
Z Location    mm            +0009.6963                                          
Machine Serial Number: SVW5001902                                     Page:    6
================================================================================
Feature      Unit   Nominal     Actual      Tolerances      Deviation   Exceeded
================================================================================
 
Step 67 - Diagonal ball reference
X Location    mm            -0259.1531                                          
Y Location    mm            +0028.1594                                          
Z Location    mm            -0015.7006                                          
Machine Serial Number: SVW5001902                                     Page:    1
================================================================================
Routine Name                                     Run #       Date & Time        
================================================================================
L123_front_9.RTN                                     1 Mon Nov 03 18:57:39 2014
================================================================================
================================================================================
Feature      Unit   Nominal     Actual      Tolerances      Deviation   Exceeded
================================================================================
 
Step 1 - Cold block face, focus
X Location    mm +0216.1241 +0216.1252                     +0000.0011           
Y Location    mm -0028.7074 -0028.7077                     +0000.0004           
Z Location    mm -0016.0614 -0016.0846                     +0000.0233           
Flatness      mm            +0000.0048 +000.0100           +0000.0048    ++     
XY Angle      dd -0074.8722 -0076.2564                     -0001.3842           
Elevation     dd +0089.8699 +0089.7938                     -0000.0760           
 
Step 3 - Cold block face, touch
X Location    mm +0215.4933 +0215.4908                     -0000.0025           
Y Location    mm -0027.5842 -0027.5822                     -0000.0020           
Z Location    mm +0000.0000 -0000.0254 +000.0500 -000.0500 -0000.0254    ---    
Flatness      mm            +0000.0026 +000.0100           +0000.0026    ++     
XY Angle      dd +0159.2971 +0122.9764                     -0036.3207           
Elevation     dd +0089.9964 +0089.9971                     +0000.0007           
 
Step 4 - Axis ball, touch
Sphere Diame  mm +0006.3500 +0006.3523 +000.0100 -000.0100 +0000.0023    +      
X Location    mm +0309.8200 +0309.8259                     +0000.0059           
Y Location    mm -0005.9540 -0005.9655                     +0000.0115           
Z Location    mm +0009.7136 +0009.6392                     -0000.0744           
Sphericity    mm            +0000.0039 +000.0100           +0000.0039    ++     
 
Step 5 - Origin ball, touch
Sphere Diame  mm +0006.3500 +0006.3507 +000.0100 -000.0100 +0000.0007    +      
X Location    mm -0005.1230 -0005.1174                     -0000.0056           
Y Location    mm -0005.9020 -0005.9022                     +0000.0002           
Z Location    mm +0009.5400 +0009.3456                     -0000.1944           
Sphericity    mm            +0000.0049 +000.0100           +0000.0049    ++     
 
Step 6 - Diagonal ball, touch
Sphere Diame  mm +0006.3500 +0006.3527 +000.0100 -000.0100 +0000.0027    ++     
X Location    mm -0005.0760 -0005.0760                     -0000.0000           
Y Location    mm -0031.3310 -0031.3614                     +0000.0304           
Z Location    mm -0015.7224 -0015.7970                     +0000.0746           
Sphericity    mm            +0000.0048 +000.0100           +0000.0048    ++     
 
Step 9 - Stereo fiducial 1, Z
Z Location    mm +0000.8245 +0001.0490                     +0000.2245           
Machine Serial Number: SVW5001902                                     Page:    2
================================================================================
Feature      Unit   Nominal     Actual      Tolerances      Deviation   Exceeded
================================================================================
 
Step 11 - Stereo fiducial 1, XY
Diameter      mm +0000.1900 +0000.1888 +000.0100 -000.0200 -0000.0012    -      
X Location    mm -0128.4440 -0128.4165                     -0000.0275           
Y Location    mm +0059.1630 +0059.1204                     -0000.0426           
2D Circulari  mm            +0000.0026 +000.0100           +0000.0026    ++     
 
Step 13 - Stereo fiducial 2, Z
Z Location    mm +0000.8860 +0001.0282                     +0000.1422           
 
Step 15 - Stereo fiducial 2, XY
Diameter      mm +0000.1900 +0000.1901 +000.0100 -000.0200 +0000.0001    +      
X Location    mm -0150.4632 -0150.6222                     +0000.1590           
Y Location    mm +0061.3390 +0061.3498                     +0000.0108           
2D Circulari  mm            +0000.0022 +000.0100           +0000.0022    +      
 
Step 17 - Stereo fiducial 3, Z
Z Location    mm +0000.9148 +0000.9774                     +0000.0626           
 
Step 19 - Stereo fiducial 3, XY
Diameter      mm +0000.1900 +0000.1826 +000.0100 -000.0200 -0000.0074    --     
X Location    mm -0177.7931 -0177.9684                     +0000.1754           
Y Location    mm +0064.0790 +0064.0933                     +0000.0143           
2D Circulari  mm            +0000.0018 +000.0100           +0000.0018    +      
 
Step 21 - Stereo fiducial 4, Z
Z Location    mm +0000.8861 +0000.9063                     +0000.0202           
 
Step 23 - Stereo fiducial 4, XY
Diameter      mm +0000.1900 +0000.1858 +000.0100 -000.0200 -0000.0042    -      
X Location    mm -0179.8639 -0179.9630                     +0000.0991           
Y Location    mm +0044.2090 +0044.2235                     +0000.0145           
2D Circulari  mm            +0000.0026 +000.0100           +0000.0026    ++     
 
Step 25 - Stereo fiducial 5, Z
Z Location    mm +0000.8376 +0000.8111                     -0000.0265           
 
Step 27 - Stereo fiducial 5, XY
Diameter      mm +0000.1900 +0000.1858 +000.0100 -000.0200 -0000.0042    -      
X Location    mm -0181.9364 -0181.9543                     +0000.0179           
Y Location    mm +0024.3380 +0024.3539                     +0000.0159           
2D Circulari  mm            +0000.0014 +000.0100           +0000.0014    +      
 
Step 29 - Stereo fiducial 6, Z
Z Location    mm +0000.8676 +0000.9198                     +0000.0522           
Machine Serial Number: SVW5001902                                     Page:    3
================================================================================
Feature      Unit   Nominal     Actual      Tolerances      Deviation   Exceeded
================================================================================
 
Step 31 - Stereo fiducial 6, XY
Diameter      mm +0000.1900 +0000.1877 +000.0100 -000.0200 -0000.0023    -      
X Location    mm -0154.6069 -0154.6130                     +0000.0062           
Y Location    mm +0021.5990 +0021.6110                     +0000.0120           
2D Circulari  mm            +0000.0021 +000.0100           +0000.0021    +      
 
Step 33 - Stereo fiducial 7, Z
Z Location    mm +0000.9030 +0000.9794                     +0000.0764           
 
Step 35 - Stereo fiducial 7, XY
Diameter      mm +0000.1900 +0000.1881 +000.0100 -000.0200 -0000.0019    -      
X Location    mm -0132.4052 -0132.4061                     +0000.0009           
Y Location    mm +0019.3720 +0019.3840                     +0000.0120           
2D Circulari  mm            +0000.0023 +000.0100           +0000.0023    +      
 
Step 37 - Stereo focus 1
X Location    mm -0090.4464 -0090.5004                     +0000.0540           
Y Location    mm +0016.5790 +0016.5744                     -0000.0046           
Z Location    mm +0000.9572 +0000.9958                     +0000.0386           
 
Step 38 - Stereo focus 2
X Location    mm -0090.3200 -0090.5586                     +0000.2386           
Y Location    mm +0053.7170 +0053.7187                     +0000.0017           
Z Location    mm +0000.8051 +0001.0126                     +0000.2075           
 
Step 39 - Stereo focus 3
X Location    mm -0090.3841 -0090.5317                     +0000.1476           
Y Location    mm +0034.8940 +0034.8931                     -0000.0009           
Z Location    mm +0000.8790 +0001.0159                     +0000.1368           
 
Step 40 - Stereo focus 4
X Location    mm -0131.5071 -0131.6919                     +0000.1848           
Y Location    mm +0039.6750 +0039.6775                     +0000.0025           
Z Location    mm +0000.8967 +0001.0275                     +0000.1307           
 
Step 41 - Axial corner Z
Z Location    mm -0006.9683 -0006.9439                     -0000.0244           
 
Step 43 - Axial corner, left edge
X Location    mm -0180.3793 -0180.4371                     +0000.0578           
Y Location    mm +0019.5620 +0019.5395                     -0000.0225           
2D Straightn  mm            +0000.0034 +000.0100           +0000.0034    ++     
XY Angle      dd -0090.0000 -0090.0919 +001.0000 -001.0000 -0000.0919    -      
Machine Serial Number: SVW5001902                                     Page:    4
================================================================================
Feature      Unit   Nominal     Actual      Tolerances      Deviation   Exceeded
================================================================================
 
Step 44 - Axial corner, lower edge
X Location    mm -0179.7449 -0179.8473                     +0000.1024           
Y Location    mm +0019.0110 +0019.0344                     +0000.0234           
2D Straightn  mm            +0000.0013 +000.0100           +0000.0013    +      
XY Angle      dd +0000.0000 -0000.0204 +001.0000 -001.0000 -0000.0204    -      
 
Step 46 - Axial lower edge Z
Z Location    mm -0006.9389 -0006.9949                     +0000.0560           
 
Step 48 - Axial lower edge, XY
X Location    mm -0139.8504 -0139.9335                     +0000.0831           
Y Location    mm +0019.0110 +0019.0239                     +0000.0129           
2D Straightn  mm            +0000.0012 +000.0100           +0000.0012    +      
XY Angle      dd +0000.0000 -0000.0545 +001.0000 -001.0000 -0000.0545    -      
 
Step 50 - Axial upper edge 1, Z
Z Location    mm -0007.0661 -0006.9000                     -0000.1660           
 
Step 52 - Axial upper edge 1, XY
X Location    mm -0082.8706 -0083.1516                     +0000.2811           
Y Location    mm +0059.3640 +0059.3594                     -0000.0046           
2D Straightn  mm            +0000.0020 +000.0100           +0000.0020    +      
XY Angle      dd +0180.0000 +0179.8971 +001.0000 -001.0000 -0000.1029    -      
 
Step 54 - Axial upper edge 2, Z
Z Location    mm -0007.0802 -0007.0456                     -0000.0346           
 
Step 56 - Axial upper edge 2, XY
X Location    mm -0114.6053 -0114.8593                     +0000.2540           
Y Location    mm +0059.3690 +0059.3673                     -0000.0017           
2D Straightn  mm            +0000.0010 +000.0100           +0000.0010    +      
XY Angle      dd +0180.0000 +0179.9580 +001.0000 -001.0000 -0000.0420    -      
 
Step 58 - Stereo upper fiducial line
X Location    mm -0153.0282 -0153.1924                     +0000.1642           
Y Location    mm +0061.5960 +0061.6071                     +0000.0111           
Z Location    mm +0000.8759 +0001.0168                     +0000.1409           
3D Straightn  mm            +0000.0129                     +0000.0129           
XY Angle      dd -0005.9531 -0005.7308                     +0000.2223           
Elevation     dd -0000.1055 +0000.0823                     +0000.1878           
 
Step 59 - Stereo lower fiducial line
X Location    mm -0157.1708 -0157.1802                     +0000.0094           
Y Location    mm +0021.8550 +0021.8688                     +0000.0138           
Z Location    mm +0000.8691 +0000.9009                     +0000.0318           
3D Straightn  mm            +0000.0171                     +0000.0171           
XY Angle      dd -0005.9524 -0005.7279                     +0000.2246           
Elevation     dd +0000.0747 +0000.1960                     +0000.1213           
Machine Serial Number: SVW5001902                                     Page:    5
================================================================================
Feature      Unit   Nominal     Actual      Tolerances      Deviation   Exceeded
================================================================================
 
Step 60 - Axial upper edge
X Location    mm -0098.7376 -0099.0125                     +0000.2749           
Y Location    mm +0059.3640 +0059.3634                     -0000.0006           
Z Location    mm -0007.0722 -0006.9718                     -0000.1004           
3D Straightn  mm            +0000.0032                     +0000.0032           
XY Angle      dd +0179.7670 +0179.9858                     +0000.2188           
Elevation     dd -0000.0261 -0000.2622                     -0000.2361           
 
Step 61 - Axial lower edge
X Location    mm -0159.8084 -0159.8883                     +0000.0799           
Y Location    mm +0019.0150 +0019.0291                     +0000.0141           
Z Location    mm -0006.9531 -0006.9678                     +0000.0147           
3D Straightn  mm            +0000.0018                     +0000.0018           
XY Angle      dd -0000.2407 -0000.0152                     +0000.2255           
Elevation     dd +0000.0442 -0000.0701                     -0000.1143           
 
Step 62 - Stereo sensor plane
X Location    mm -0137.0900 -0137.2024                     +0000.1124           
Y Location    mm +0039.9010 +0039.9091                     +0000.0081           
Z Location    mm +0000.8780 +0000.9749                     +0000.0969           
Flatness      mm            +0000.1096 +000.2000           +0000.1096    +++    
XY Angle      dd -0094.7647 +0056.9339                     +0151.6986           
Elevation     dd -0089.9523 -0089.8477                     +0000.1046           
 
Step 63 - Axial sensor plane
X Location    mm -0139.4901 -0139.6458                     +0000.1557           
Y Location    mm +0035.2640 +0035.2649                     +0000.0009           
Z Location    mm -0007.0039 -0006.9648                     -0000.0391           
Flatness      mm            +0000.1255 +000.2000           +0000.1255    +++    
XY Angle      dd +0099.1545 +0114.9723                     +0015.8179           
Elevation     dd +0089.7717 +0089.9161                     +0000.1444           
 
Step 64 - Axial sensor corner
X Location    mm            -0180.4379                                          
Y Location    mm            +0019.0346                                          
Z Location    mm            -0006.9436                                          
 
Step 65 - Origin ball reference
X Location    mm            -0259.1888                                          
Y Location    mm            +0053.5483                                          
Z Location    mm            +0009.3456                                          
 
Step 66 - Axis ball reference
X Location    mm            +0055.7545                                          
Y Location    mm            +0053.4190                                          
Z Location    mm            +0009.6392                                          
Machine Serial Number: SVW5001902                                     Page:    6
================================================================================
Feature      Unit   Nominal     Actual      Tolerances      Deviation   Exceeded
================================================================================
 
Step 67 - Diagonal ball reference
X Location    mm            -0259.1527                                          
Y Location    mm            +0028.0891                                          
Z Location    mm            -0015.7970                                          
