Machine Serial Number: SVW5001902                                     Page:    1
================================================================================
Routine Name                                     Run #       Date & Time        
================================================================================
L123_front_5.RTN                                     1 Thu Oct 23 18:14:48 2014
================================================================================
================================================================================
Feature      Unit   Nominal     Actual      Tolerances      Deviation   Exceeded
================================================================================
 
Step 1 - Cold block face, focus
X Location    mm +0216.1241 +0216.1244                     +0000.0003           
Y Location    mm -0028.7074 -0028.7078                     +0000.0005           
Z Location    mm -0016.0614 -0016.0437                     -0000.0177           
Flatness      mm            +0000.0042 +000.0100           +0000.0042    ++     
XY Angle      dd -0074.8722 -0078.1181                     -0003.2459           
Elevation     dd +0089.8699 +0089.8880                     +0000.0182           
 
Step 3 - Cold block face, touch
X Location    mm +0215.4933 +0215.4943                     +0000.0010           
Y Location    mm -0027.5842 -0027.5849                     +0000.0007           
Z Location    mm +0000.0000 -0000.0241 +000.0500 -000.0500 -0000.0241    --     
Flatness      mm            +0000.0041 +000.0100           +0000.0041    ++     
XY Angle      dd +0159.2971 +0070.9739                     -0088.3232           
Elevation     dd +0089.9964 +0089.9968                     +0000.0004           
 
Step 4 - Axis ball, touch
Sphere Diame  mm +0006.3500 +0006.3522 +000.0100 -000.0100 +0000.0022    +      
X Location    mm +0309.8200 +0309.8227                     +0000.0027           
Y Location    mm -0005.9540 -0005.9509                     -0000.0031           
Z Location    mm +0009.7136 +0009.7074                     -0000.0062           
Sphericity    mm            +0000.0033 +000.0100           +0000.0033    ++     
 
Step 5 - Origin ball, touch
Sphere Diame  mm +0006.3500 +0006.3513 +000.0100 -000.0100 +0000.0013    +      
X Location    mm -0005.1230 -0005.1229                     -0000.0001           
Y Location    mm -0005.9020 -0005.8941                     -0000.0079           
Z Location    mm +0009.5400 +0009.5246                     -0000.0154           
Sphericity    mm            +0000.0033 +000.0100           +0000.0033    ++     
 
Step 6 - Diagonal ball, touch
Sphere Diame  mm +0006.3500 +0006.3524 +000.0100 -000.0100 +0000.0024    +      
X Location    mm -0005.0760 -0005.0894                     +0000.0134           
Y Location    mm -0031.3310 -0031.3166                     -0000.0144           
Z Location    mm -0015.7224 -0015.6538                     -0000.0686           
Sphericity    mm            +0000.0047 +000.0100           +0000.0047    ++     
 
Step 9 - Stereo fiducial 1, Z
Z Location    mm +0000.8245 +0000.9558                     +0000.1314           
Machine Serial Number: SVW5001902                                     Page:    2
================================================================================
Feature      Unit   Nominal     Actual      Tolerances      Deviation   Exceeded
================================================================================
 
Step 11 - Stereo fiducial 1, XY
Diameter      mm +0000.1900 +0000.1998 +000.0100 -000.0200 +0000.0098    ++++   
X Location    mm -0128.4440 -0128.2997                     -0000.1443           
Y Location    mm +0059.1630 +0059.1668                     +0000.0038           
2D Circulari  mm            +0000.0000 +000.0100           +0000.0000           
 
Step 13 - Stereo fiducial 2, Z
Z Location    mm +0000.8860 +0000.9916                     +0000.1056           
Machine Serial Number: SVW5001902                                     Page:    1
================================================================================
Routine Name                                     Run #       Date & Time        
================================================================================
L123_front_5.RTN                                     3 Thu Oct 23 18:20:37 2014
================================================================================
================================================================================
Feature      Unit   Nominal     Actual      Tolerances      Deviation   Exceeded
================================================================================
 
Step 1 - Cold block face, focus
X Location    mm +0216.1241 +0216.1257                     +0000.0016           
Y Location    mm -0028.7074 -0028.7075                     +0000.0001           
Z Location    mm -0016.0614 -0016.0436                     -0000.0177           
Flatness      mm            +0000.0051 +000.0100           +0000.0051    +++    
XY Angle      dd -0074.8722 -0077.9218                     -0003.0496           
Elevation     dd +0089.8699 +0089.8892                     +0000.0193           
 
Step 3 - Cold block face, touch
X Location    mm +0215.4933 +0215.4939                     +0000.0006           
Y Location    mm -0027.5842 -0027.5844                     +0000.0002           
Z Location    mm +0000.0000 -0000.0269 +000.0500 -000.0500 -0000.0269    ---    
Flatness      mm            +0000.0040 +000.0100           +0000.0040    ++     
XY Angle      dd +0159.2971 +0063.7695                     -0095.5276           
Elevation     dd +0089.9964 +0089.9960                     -0000.0004           
 
Step 4 - Axis ball, touch
Sphere Diame  mm +0006.3500 +0006.3517 +000.0100 -000.0100 +0000.0017    +      
X Location    mm +0309.8200 +0309.8224                     +0000.0024           
Y Location    mm -0005.9540 -0005.9508                     -0000.0032           
Z Location    mm +0009.7136 +0009.7086                     -0000.0050           
Sphericity    mm            +0000.0025 +000.0100           +0000.0025    +      
 
Step 5 - Origin ball, touch
Sphere Diame  mm +0006.3500 +0006.3505 +000.0100 -000.0100 +0000.0005    +      
X Location    mm -0005.1230 -0005.1233                     +0000.0003           
Y Location    mm -0005.9020 -0005.8941                     -0000.0079           
Z Location    mm +0009.5400 +0009.5250                     -0000.0150           
Sphericity    mm            +0000.0031 +000.0100           +0000.0031    ++     
 
Step 6 - Diagonal ball, touch
Sphere Diame  mm +0006.3500 +0006.3525 +000.0100 -000.0100 +0000.0025    +      
X Location    mm -0005.0760 -0005.0891                     +0000.0131           
Y Location    mm -0031.3310 -0031.3162                     -0000.0148           
Z Location    mm -0015.7224 -0015.6543                     -0000.0681           
Sphericity    mm            +0000.0042 +000.0100           +0000.0042    ++     
 
Step 9 - Stereo fiducial 1, Z
Z Location    mm +0000.8245 +0000.9565                     +0000.1321           
Machine Serial Number: SVW5001902                                     Page:    2
================================================================================
Feature      Unit   Nominal     Actual      Tolerances      Deviation   Exceeded
================================================================================
 
Step 11 - Stereo fiducial 1, XY
Diameter      mm +0000.1900 +0000.1846 +000.0100 -000.0200 -0000.0054    --     
X Location    mm -0128.4440 -0128.4454                     +0000.0014           
Y Location    mm +0059.1630 +0059.1515                     -0000.0115           
2D Circulari  mm            +0000.0009 +000.0100           +0000.0009    +      
 
Step 13 - Stereo fiducial 2, Z
Z Location    mm +0000.8860 +0000.9921                     +0000.1061           
 
Step 15 - Stereo fiducial 2, XY
Diameter      mm +0000.1900 +0000.1845 +000.0100 -000.0200 -0000.0055    --     
X Location    mm -0150.4632 -0150.6536                     +0000.1904           
Y Location    mm +0061.3390 +0061.3859                     +0000.0469           
2D Circulari  mm            +0000.0016 +000.0100           +0000.0016    +      
 
Step 17 - Stereo fiducial 3, Z
Z Location    mm +0000.9148 +0001.0143                     +0000.0995           
 
Step 19 - Stereo fiducial 3, XY
Diameter      mm +0000.1900 +0000.1857 +000.0100 -000.0200 -0000.0043    -      
X Location    mm -0177.7931 -0177.9934                     +0000.2003           
Y Location    mm +0064.0790 +0064.1395                     +0000.0605           
2D Circulari  mm            +0000.0017 +000.0100           +0000.0017    +      
 
Step 21 - Stereo fiducial 4, Z
Z Location    mm +0000.8861 +0001.0350                     +0000.1489           
 
Step 23 - Stereo fiducial 4, XY
Diameter      mm +0000.1900 +0000.1853 +000.0100 -000.0200 -0000.0047    -      
X Location    mm -0179.8639 -0179.9936                     +0000.1297           
Y Location    mm +0044.2090 +0044.2708                     +0000.0618           
2D Circulari  mm            +0000.0018 +000.0100           +0000.0018    +      
 
Step 25 - Stereo fiducial 5, Z
Z Location    mm +0000.8376 +0001.0210                     +0000.1834           
 
Step 27 - Stereo fiducial 5, XY
Diameter      mm +0000.1900 +0000.1861 +000.0100 -000.0200 -0000.0039    -      
X Location    mm -0181.9364 -0181.9957                     +0000.0593           
Y Location    mm +0024.3380 +0024.4017                     +0000.0637           
2D Circulari  mm            +0000.0018 +000.0100           +0000.0018    +      
 
Step 29 - Stereo fiducial 6, Z
Z Location    mm +0000.8676 +0001.0246                     +0000.1570           
Machine Serial Number: SVW5001902                                     Page:    3
================================================================================
Feature      Unit   Nominal     Actual      Tolerances      Deviation   Exceeded
================================================================================
 
Step 31 - Stereo fiducial 6, XY
Diameter      mm +0000.1900 +0000.1835 +000.0100 -000.0200 -0000.0065    --     
X Location    mm -0154.6069 -0154.6551                     +0000.0483           
Y Location    mm +0021.5990 +0021.6488                     +0000.0498           
2D Circulari  mm            +0000.0011 +000.0100           +0000.0011    +      
 
Step 33 - Stereo fiducial 7, Z
Z Location    mm +0000.9030 +0001.0103                     +0000.1073           
 
Step 35 - Stereo fiducial 7, XY
Diameter      mm +0000.1900 +0000.1874 +000.0100 -000.0200 -0000.0026    -      
X Location    mm -0132.4052 -0132.4462                     +0000.0410           
Y Location    mm +0019.3720 +0019.4135                     +0000.0415           
2D Circulari  mm            +0000.0018 +000.0100           +0000.0018    +      
 
Step 37 - Stereo focus 1
X Location    mm -0090.4464 -0090.5001                     +0000.0537           
Y Location    mm +0016.5790 +0016.5745                     -0000.0045           
Z Location    mm +0000.9572 +0000.9572                     -0000.0000           
 
Step 38 - Stereo focus 2
X Location    mm -0090.3200 -0090.5618                     +0000.2418           
Y Location    mm +0053.7170 +0053.7188                     +0000.0018           
Z Location    mm +0000.8051 +0000.8656                     +0000.0605           
 
Step 39 - Stereo focus 3
X Location    mm -0090.3841 -0090.5285                     +0000.1445           
Y Location    mm +0034.8940 +0034.8920                     -0000.0020           
Z Location    mm +0000.8790 +0000.9177                     +0000.0387           
 
Step 40 - Stereo focus 4
X Location    mm -0131.5071 -0131.6906                     +0000.1835           
Y Location    mm +0039.6750 +0039.6773                     +0000.0023           
Z Location    mm +0000.8967 +0001.0022                     +0000.1055           
 
Step 41 - Axial corner Z
Z Location    mm -0006.9683 -0006.9129                     -0000.0554           
 
Step 43 - Axial corner, left edge
X Location    mm -0180.3793 -0180.4186                     +0000.0393           
Y Location    mm +0019.5620 +0019.5595                     -0000.0025           
2D Straightn  mm            +0000.0035 +000.0100           +0000.0035    ++     
XY Angle      dd -0090.0000 -0089.7823 +001.0000 -001.0000 +0000.2177    +      
Machine Serial Number: SVW5001902                                     Page:    4
================================================================================
Feature      Unit   Nominal     Actual      Tolerances      Deviation   Exceeded
================================================================================
 
Step 44 - Axial corner, lower edge
X Location    mm -0179.7449 -0179.8470                     +0000.1021           
Y Location    mm +0019.0110 +0019.0843                     +0000.0733           
2D Straightn  mm            +0000.0022 +000.0100           +0000.0022    +      
XY Angle      dd +0000.0000 -0000.0161 +001.0000 -001.0000 -0000.0161    -      
 
Step 46 - Axial lower edge Z
Z Location    mm -0006.9389 -0006.9034                     -0000.0355           
 
Step 48 - Axial lower edge, XY
X Location    mm -0139.8504 -0139.9337                     +0000.0833           
Y Location    mm +0019.0110 +0019.0688                     +0000.0578           
2D Straightn  mm            +0000.0007 +000.0100           +0000.0007    +      
XY Angle      dd +0000.0000 +0000.0258 +001.0000 -001.0000 +0000.0258    +      
 
Step 50 - Axial upper edge 1, Z
Z Location    mm -0007.0661 -0006.9602                     -0000.1058           
 
Step 52 - Axial upper edge 1, XY
X Location    mm -0082.8706 -0083.1519                     +0000.2813           
Y Location    mm +0059.3640 +0059.3980                     +0000.0340           
2D Straightn  mm            +0000.0006 +000.0100           +0000.0006    +      
XY Angle      dd +0180.0000 +0179.9810 +001.0000 -001.0000 -0000.0190    -      
 
Step 54 - Axial upper edge 2, Z
Z Location    mm -0007.0802 -0007.0383                     -0000.0419           
 
Step 56 - Axial upper edge 2, XY
X Location    mm -0114.6053 -0114.8593                     +0000.2539           
Y Location    mm +0059.3690 +0059.4103                     +0000.0413           
2D Straightn  mm            +0000.0017 +000.0100           +0000.0017    +      
XY Angle      dd +0180.0000 +0179.8594 +001.0000 -001.0000 -0000.1406    -      
 
Step 58 - Stereo upper fiducial line
X Location    mm -0153.0282 -0153.2195                     +0000.1912           
Y Location    mm +0061.5960 +0061.6451                     +0000.0491           
Z Location    mm +0000.8759 +0000.9889                     +0000.1130           
3D Straightn  mm            +0000.0107                     +0000.0107           
XY Angle      dd -0005.9531 -0005.7488                     +0000.2043           
Elevation     dd -0000.1055 -0000.0671                     +0000.0384           
 
Step 59 - Stereo lower fiducial line
X Location    mm -0157.1708 -0157.2209                     +0000.0501           
Y Location    mm +0021.8550 +0021.9075                     +0000.0525           
Z Location    mm +0000.8691 +0001.0196                     +0000.1505           
3D Straightn  mm            +0000.0104                     +0000.0104           
XY Angle      dd -0005.9524 -0005.7487                     +0000.2037           
Elevation     dd +0000.0747 -0000.0113                     -0000.0860           
Machine Serial Number: SVW5001902                                     Page:    5
================================================================================
Feature      Unit   Nominal     Actual      Tolerances      Deviation   Exceeded
================================================================================
 
Step 60 - Axial upper edge
X Location    mm -0098.7376 -0099.0126                     +0000.2749           
Y Location    mm +0059.3640 +0059.4041                     +0000.0401           
Z Location    mm -0007.0722 -0006.9983                     -0000.0739           
3D Straightn  mm            +0000.0025                     +0000.0025           
XY Angle      dd +0179.7670 +0179.9777                     +0000.2107           
Elevation     dd -0000.0261 -0000.1406                     -0000.1145           
 
Step 61 - Axial lower edge
X Location    mm -0159.8084 -0159.8882                     +0000.0798           
Y Location    mm +0019.0150 +0019.0766                     +0000.0616           
Z Location    mm -0006.9531 -0006.9073                     -0000.0457           
3D Straightn  mm            +0000.0022                     +0000.0022           
XY Angle      dd -0000.2407 -0000.0221                     +0000.2186           
Elevation     dd +0000.0442 +0000.0139                     -0000.0303           
 
Step 62 - Stereo sensor plane
X Location    mm -0137.0900 -0137.2240                     +0000.1340           
Y Location    mm +0039.9010 +0039.9340                     +0000.0330           
Z Location    mm +0000.8780 +0000.9818                     +0000.1038           
Flatness      mm            +0000.0665 +000.2000           +0000.0665    ++     
XY Angle      dd -0094.7647 -0141.7399                     -0046.9752           
Elevation     dd -0089.9523 -0089.9020                     +0000.0503           
 
Step 63 - Axial sensor plane
X Location    mm -0139.4901 -0139.6421                     +0000.1520           
Y Location    mm +0035.2640 +0035.3042                     +0000.0402           
Z Location    mm -0007.0039 -0006.9449                     -0000.0590           
Flatness      mm            +0000.0482 +000.2000           +0000.0482    +      
XY Angle      dd +0099.1545 +0103.8426                     +0004.6881           
Elevation     dd +0089.7717 +0089.7767                     +0000.0051           
 
Step 64 - Axial sensor corner
X Location    mm            -0180.4168                                          
Y Location    mm            +0019.0845                                          
Z Location    mm            -0006.9128                                          
 
Step 65 - Origin ball reference
X Location    mm            -0259.1824                                          
Y Location    mm            +0053.5792                                          
Z Location    mm            +0009.5250                                          
 
Step 66 - Axis ball reference
X Location    mm            +0055.7632                                          
Y Location    mm            +0053.4190                                          
Z Location    mm            +0009.7086                                          
Machine Serial Number: SVW5001902                                     Page:    6
================================================================================
Feature      Unit   Nominal     Actual      Tolerances      Deviation   Exceeded
================================================================================
 
Step 67 - Diagonal ball reference
X Location    mm            -0259.1566                                          
Y Location    mm            +0028.1571                                          
Z Location    mm            -0015.6543                                          
Machine Serial Number: SVW5001902                                     Page:    1
================================================================================
Routine Name                                     Run #       Date & Time        
================================================================================
L123_front_5.RTN                                     1 Wed Oct 29 16:25:33 2014
================================================================================
================================================================================
Feature      Unit   Nominal     Actual      Tolerances      Deviation   Exceeded
================================================================================
 
Step 1 - Cold block face, focus
X Location    mm +0216.1241 +0216.1264                     +0000.0023           
Y Location    mm -0028.7074 -0028.7080                     +0000.0006           
Z Location    mm -0016.0614 -0016.0134                     -0000.0480           
Flatness      mm            +0000.0060 +000.0100           +0000.0060    +++    
XY Angle      dd -0074.8722 -0080.7555                     -0005.8833           
Elevation     dd +0089.8699 +0089.7329                     -0000.1370           
 
Step 3 - Cold block face, touch
X Location    mm +0215.4933 +0215.4920                     -0000.0013           
Y Location    mm -0027.5842 -0027.5849                     +0000.0006           
Z Location    mm +0000.0000 -0000.0268 +000.0500 -000.0500 -0000.0268    ---    
Flatness      mm            +0000.0027 +000.0100           +0000.0027    ++     
XY Angle      dd +0159.2971 +0091.0955                     -0068.2017           
Elevation     dd +0089.9964 +0089.9935                     -0000.0029           
 
Step 4 - Axis ball, touch
Sphere Diame  mm +0006.3500 +0006.3523 +000.0100 -000.0100 +0000.0023    +      
X Location    mm +0309.8200 +0309.8300                     +0000.0100           
Y Location    mm -0005.9540 -0005.9725                     +0000.0185           
Z Location    mm +0009.7136 +0009.5949                     -0000.1187           
Sphericity    mm            +0000.0033 +000.0100           +0000.0033    ++     
 
Step 5 - Origin ball, touch
Sphere Diame  mm +0006.3500 +0006.3509 +000.0100 -000.0100 +0000.0009    +      
X Location    mm -0005.1230 -0005.1200                     -0000.0030           
Y Location    mm -0005.9020 -0005.9100                     +0000.0080           
Z Location    mm +0009.5400 +0009.3412                     -0000.1988           
Sphericity    mm            +0000.0037 +000.0100           +0000.0037    ++     
 
Step 6 - Diagonal ball, touch
Sphere Diame  mm +0006.3500 +0006.3519 +000.0100 -000.0100 +0000.0019    +      
X Location    mm -0005.0760 -0005.0818                     +0000.0058           
Y Location    mm -0031.3310 -0031.3964                     +0000.0654           
Z Location    mm -0015.7224 -0015.7732                     +0000.0508           
Sphericity    mm            +0000.0051 +000.0100           +0000.0051    +++    
 
Step 9 - Stereo fiducial 1, Z
Z Location    mm +0000.8245 +0000.8878                     +0000.0634           
Machine Serial Number: SVW5001902                                     Page:    2
================================================================================
Feature      Unit   Nominal     Actual      Tolerances      Deviation   Exceeded
================================================================================
 
Step 11 - Stereo fiducial 1, XY
Diameter      mm +0000.1900 +0000.1957 +000.0100 -000.0200 +0000.0057    +++    
X Location    mm -0128.4440 -0128.4493                     +0000.0053           
Y Location    mm +0059.1630 +0059.1903                     +0000.0273           
2D Circulari  mm            +0000.0024 +000.0100           +0000.0024    +      
 
Step 13 - Stereo fiducial 2, Z
Z Location    mm +0000.8860 +0000.8907                     +0000.0048           
Machine Serial Number: SVW5001902                                     Page:    1
================================================================================
Routine Name                                     Run #       Date & Time        
================================================================================
L123_front_5.RTN                                     3 Wed Oct 29 16:30:56 2014
================================================================================
================================================================================
Feature      Unit   Nominal     Actual      Tolerances      Deviation   Exceeded
================================================================================
 
Step 1 - Cold block face, focus
X Location    mm +0216.1241 +0216.1255                     +0000.0014           
Y Location    mm -0028.7074 -0028.7080                     +0000.0006           
Z Location    mm -0016.0614 -0016.0145                     -0000.0469           
Flatness      mm            +0000.0045 +000.0100           +0000.0045    ++     
XY Angle      dd -0074.8722 -0080.7986                     -0005.9264           
Elevation     dd +0089.8699 +0089.7338                     -0000.1360           
 
Step 3 - Cold block face, touch
X Location    mm +0215.4933 +0215.4922                     -0000.0011           
Y Location    mm -0027.5842 -0027.5851                     +0000.0008           
Z Location    mm +0000.0000 -0000.0288 +000.0500 -000.0500 -0000.0288    ---    
Flatness      mm            +0000.0039 +000.0100           +0000.0039    ++     
XY Angle      dd +0159.2971 +0085.7804                     -0073.5168           
Elevation     dd +0089.9964 +0089.9940                     -0000.0023           
 
Step 4 - Axis ball, touch
Sphere Diame  mm +0006.3500 +0006.3521 +000.0100 -000.0100 +0000.0021    +      
X Location    mm +0309.8200 +0309.8295                     +0000.0095           
Y Location    mm -0005.9540 -0005.9732                     +0000.0192           
Z Location    mm +0009.7136 +0009.5959                     -0000.1177           
Sphericity    mm            +0000.0042 +000.0100           +0000.0042    ++     
 
Step 5 - Origin ball, touch
Sphere Diame  mm +0006.3500 +0006.3513 +000.0100 -000.0100 +0000.0013    +      
X Location    mm -0005.1230 -0005.1194                     -0000.0036           
Y Location    mm -0005.9020 -0005.9099                     +0000.0079           
Z Location    mm +0009.5400 +0009.3431                     -0000.1969           
Sphericity    mm            +0000.0040 +000.0100           +0000.0040    ++     
 
Step 6 - Diagonal ball, touch
Sphere Diame  mm +0006.3500 +0006.3526 +000.0100 -000.0100 +0000.0026    ++     
X Location    mm -0005.0760 -0005.0805                     +0000.0045           
Y Location    mm -0031.3310 -0031.3962                     +0000.0652           
Z Location    mm -0015.7224 -0015.7715                     +0000.0491           
Sphericity    mm            +0000.0051 +000.0100           +0000.0051    +++    
 
Step 9 - Stereo fiducial 1, Z
Z Location    mm +0000.8245 +0000.8895                     +0000.0651           
Machine Serial Number: SVW5001902                                     Page:    2
================================================================================
Feature      Unit   Nominal     Actual      Tolerances      Deviation   Exceeded
================================================================================
 
Step 11 - Stereo fiducial 1, XY
Diameter      mm +0000.1900 +0000.1846 +000.0100 -000.0200 -0000.0054    --     
X Location    mm -0128.4440 -0128.5005                     +0000.0565           
Y Location    mm +0059.1630 +0059.1244                     -0000.0386           
2D Circulari  mm            +0000.0010 +000.0100           +0000.0010    +      
 
Step 13 - Stereo fiducial 2, Z
Z Location    mm +0000.8860 +0000.8909                     +0000.0050           
 
Step 15 - Stereo fiducial 2, XY
Diameter      mm +0000.1900 +0000.1846 +000.0100 -000.0200 -0000.0054    --     
X Location    mm -0150.4632 -0150.7087                     +0000.2455           
Y Location    mm +0061.3390 +0061.3532                     +0000.0142           
2D Circulari  mm            +0000.0013 +000.0100           +0000.0013    +      
 
Step 17 - Stereo fiducial 3, Z
Z Location    mm +0000.9148 +0000.8809                     -0000.0339           
 
Step 19 - Stereo fiducial 3, XY
Diameter      mm +0000.1900 +0000.1854 +000.0100 -000.0200 -0000.0046    -      
X Location    mm -0177.7931 -0178.0508                     +0000.2577           
Y Location    mm +0064.0790 +0064.0986                     +0000.0196           
2D Circulari  mm            +0000.0022 +000.0100           +0000.0022    +      
 
Step 21 - Stereo fiducial 4, Z
Z Location    mm +0000.8861 +0000.9283                     +0000.0422           
 
Step 23 - Stereo fiducial 4, XY
Diameter      mm +0000.1900 +0000.1854 +000.0100 -000.0200 -0000.0046    -      
X Location    mm -0179.8639 -0180.0457                     +0000.1817           
Y Location    mm +0044.2090 +0044.2296                     +0000.0206           
2D Circulari  mm            +0000.0019 +000.0100           +0000.0019    +      
 
Step 25 - Stereo fiducial 5, Z
Z Location    mm +0000.8376 +0000.9372                     +0000.0996           
 
Step 27 - Stereo fiducial 5, XY
Diameter      mm +0000.1900 +0000.1862 +000.0100 -000.0200 -0000.0038    -      
X Location    mm -0181.9364 -0182.0426                     +0000.1062           
Y Location    mm +0024.3380 +0024.3602                     +0000.0222           
2D Circulari  mm            +0000.0020 +000.0100           +0000.0020    +      
 
Step 29 - Stereo fiducial 6, Z
Z Location    mm +0000.8676 +0000.9700                     +0000.1023           
Machine Serial Number: SVW5001902                                     Page:    3
================================================================================
Feature      Unit   Nominal     Actual      Tolerances      Deviation   Exceeded
================================================================================
 
Step 31 - Stereo fiducial 6, XY
Diameter      mm +0000.1900 +0000.1834 +000.0100 -000.0200 -0000.0066    --     
X Location    mm -0154.6069 -0154.7002                     +0000.0934           
Y Location    mm +0021.5990 +0021.6149                     +0000.0159           
2D Circulari  mm            +0000.0010 +000.0100           +0000.0010    +      
 
Step 33 - Stereo fiducial 7, Z
Z Location    mm +0000.9030 +0000.9810                     +0000.0780           
 
Step 35 - Stereo fiducial 7, XY
Diameter      mm +0000.1900 +0000.1873 +000.0100 -000.0200 -0000.0027    -      
X Location    mm -0132.4052 -0132.4909                     +0000.0857           
Y Location    mm +0019.3720 +0019.3857                     +0000.0137           
2D Circulari  mm            +0000.0021 +000.0100           +0000.0021    +      
 
Step 37 - Stereo focus 1
X Location    mm -0090.4464 -0090.4964                     +0000.0500           
Y Location    mm +0016.5790 +0016.5736                     -0000.0054           
Z Location    mm +0000.9572 +0000.9637                     +0000.0064           
 
Step 38 - Stereo focus 2
X Location    mm -0090.3200 -0090.5625                     +0000.2425           
Y Location    mm +0053.7170 +0053.7187                     +0000.0017           
Z Location    mm +0000.8051 +0000.8515                     +0000.0465           
 
Step 39 - Stereo focus 3
X Location    mm -0090.3841 -0090.5283                     +0000.1443           
Y Location    mm +0034.8940 +0034.8924                     -0000.0016           
Z Location    mm +0000.8790 +0000.9151                     +0000.0361           
 
Step 40 - Stereo focus 4
X Location    mm -0131.5071 -0131.6910                     +0000.1839           
Y Location    mm +0039.6750 +0039.6772                     +0000.0022           
Z Location    mm +0000.8967 +0000.9505                     +0000.0538           
 
Step 41 - Axial corner Z
Z Location    mm -0006.9683 -0006.8982                     -0000.0701           
 
Step 43 - Axial corner, left edge
X Location    mm -0180.3793 -0180.5710                     +0000.1916           
Y Location    mm +0019.5620 +0019.5393                     -0000.0227           
2D Straightn  mm            +0000.0034 +000.0100           +0000.0034    ++     
XY Angle      dd -0090.0000 -0089.8864 +001.0000 -001.0000 +0000.1136    +      
Machine Serial Number: SVW5001902                                     Page:    4
================================================================================
Feature      Unit   Nominal     Actual      Tolerances      Deviation   Exceeded
================================================================================
 
Step 44 - Axial corner, lower edge
X Location    mm -0179.7449 -0179.8471                     +0000.1023           
Y Location    mm +0019.0110 +0019.0212                     +0000.0102           
2D Straightn  mm            +0000.0019 +000.0100           +0000.0019    +      
XY Angle      dd +0000.0000 +0000.0766 +001.0000 -001.0000 +0000.0766    +      
 
Step 46 - Axial lower edge Z
Z Location    mm -0006.9389 -0006.9173                     -0000.0216           
 
Step 48 - Axial lower edge, XY
X Location    mm -0139.8504 -0139.9328                     +0000.0824           
Y Location    mm +0019.0110 +0019.0087                     -0000.0023           
2D Straightn  mm            +0000.0009 +000.0100           +0000.0009    +      
XY Angle      dd +0000.0000 +0000.0242 +001.0000 -001.0000 +0000.0242    +      
 
Step 50 - Axial upper edge 1, Z
Z Location    mm -0007.0661 -0006.9906                     -0000.0755           
 
Step 52 - Axial upper edge 1, XY
X Location    mm -0082.8706 -0083.1510                     +0000.2804           
Y Location    mm +0059.3640 +0059.3404                     -0000.0236           
2D Straightn  mm            +0000.0007 +000.0100           +0000.0007    +      
XY Angle      dd +0180.0000 +0179.9935 +001.0000 -001.0000 -0000.0065           
 
Step 54 - Axial upper edge 2, Z
Z Location    mm -0007.0802 -0007.1248                     +0000.0446           
 
Step 56 - Axial upper edge 2, XY
X Location    mm -0114.6053 -0114.8597                     +0000.2544           
Y Location    mm +0059.3690 +0059.3505                     -0000.0185           
2D Straightn  mm            +0000.0022 +000.0100           +0000.0022    +      
XY Angle      dd +0180.0000 +0179.8714 +001.0000 -001.0000 -0000.1286    -      
 
Step 58 - Stereo upper fiducial line
X Location    mm -0153.0282 -0153.2757                     +0000.2474           
Y Location    mm +0061.5960 +0061.6113                     +0000.0153           
Z Location    mm +0000.8759 +0000.8873                     +0000.0113           
3D Straightn  mm            +0000.0061                     +0000.0061           
XY Angle      dd -0005.9531 -0005.7326                     +0000.2205           
Elevation     dd -0000.1055 +0000.0098                     +0000.1153           
 
Step 59 - Stereo lower fiducial line
X Location    mm -0157.1708 -0157.2668                     +0000.0960           
Y Location    mm +0021.8550 +0021.8728                     +0000.0178           
Z Location    mm +0000.8691 +0000.9628                     +0000.0937           
3D Straightn  mm            +0000.0091                     +0000.0091           
XY Angle      dd -0005.9524 -0005.7327                     +0000.2197           
Elevation     dd +0000.0747 +0000.0508                     -0000.0238           
Machine Serial Number: SVW5001902                                     Page:    5
================================================================================
Feature      Unit   Nominal     Actual      Tolerances      Deviation   Exceeded
================================================================================
 
Step 60 - Axial upper edge
X Location    mm -0098.7376 -0099.0127                     +0000.2751           
Y Location    mm +0059.3640 +0059.3454                     -0000.0186           
Z Location    mm -0007.0722 -0007.0567                     -0000.0155           
3D Straightn  mm            +0000.0029                     +0000.0029           
XY Angle      dd +0179.7670 +0179.9817                     +0000.2147           
Elevation     dd -0000.0261 -0000.2440                     -0000.2180           
 
Step 61 - Axial lower edge
X Location    mm -0159.8084 -0159.8882                     +0000.0798           
Y Location    mm +0019.0150 +0019.0149                     -0000.0001           
Z Location    mm -0006.9531 -0006.9062                     -0000.0469           
3D Straightn  mm            +0000.0022                     +0000.0022           
XY Angle      dd -0000.2407 -0000.0179                     +0000.2228           
Elevation     dd +0000.0442 -0000.0277                     -0000.0719           
 
Step 62 - Stereo sensor plane
X Location    mm -0137.0900 -0137.2562                     +0000.1662           
Y Location    mm +0039.9010 +0039.9117                     +0000.0107           
Z Location    mm +0000.8780 +0000.9238                     +0000.0458           
Flatness      mm            +0000.0592 +000.2000           +0000.0592    ++     
XY Angle      dd -0094.7647 -0097.4533                     -0002.6886           
Elevation     dd -0089.9523 -0089.8765                     +0000.0758           
 
Step 63 - Axial sensor plane
X Location    mm -0139.4901 -0139.6723                     +0000.1822           
Y Location    mm +0035.2640 +0035.2520                     -0000.0120           
Z Location    mm -0007.0039 -0006.9650                     -0000.0388           
Flatness      mm            +0000.1029 +000.2000           +0000.1029    +++    
XY Angle      dd +0099.1545 +0100.4090                     +0001.2545           
Elevation     dd +0089.7717 +0089.6792                     -0000.0925           
 
Step 64 - Axial sensor corner
X Location    mm            -0180.5699                                          
Y Location    mm            +0019.0214                                          
Z Location    mm            -0006.8978                                          
 
Step 65 - Origin ball reference
X Location    mm            -0259.1888                                          
Y Location    mm            +0053.5485                                          
Z Location    mm            +0009.3431                                          
 
Step 66 - Axis ball reference
X Location    mm            +0055.7602                                          
Y Location    mm            +0053.4190                                          
Z Location    mm            +0009.5959                                          
Machine Serial Number: SVW5001902                                     Page:    6
================================================================================
Feature      Unit   Nominal     Actual      Tolerances      Deviation   Exceeded
================================================================================
 
Step 67 - Diagonal ball reference
X Location    mm            -0259.1552                                          
Y Location    mm            +0028.0622                                          
Z Location    mm            -0015.7715                                          
