Machine Serial Number: SVW5001902                                     Page:    1
================================================================================
Routine Name                                     Run #       Date & Time        
================================================================================
L123_Ulower_noballs.RTN                              4 Fri Oct 17 17:16:09 2014
================================================================================
================================================================================
Feature      Unit   Nominal     Actual      Tolerances      Deviation   Exceeded
================================================================================
 
Step 2
X Location    mm            +0215.9488                                          
Y Location    mm            +0081.2140                                          
Z Location    mm            -0056.5328                                          
 
Step 3
X Location    mm            +0215.9406                                          
Y Location    mm            +0094.3380                                          
Z Location    mm            -0056.5387                                          
 
Step 4
X Location    mm            +0215.9340                                          
Y Location    mm            +0108.0911                                          
Z Location    mm            -0056.5422                                          
 
Step 5
X Location    mm            +0215.8979                                          
Y Location    mm            +0182.2071                                          
Z Location    mm            -0058.0261                                          
 
Step 6
X Location    mm            +0215.8938                                          
Y Location    mm            +0194.7107                                          
Z Location    mm            -0058.0203                                          
 
Step 7
X Location    mm            +0215.8850                                          
Y Location    mm            +0208.0772                                          
Z Location    mm            -0058.0255                                          
 
Step 8
X Location    mm            +0215.8295                                          
Y Location    mm            +0282.1730                                          
Z Location    mm            -0059.5055                                          
 
Step 9
X Location    mm            +0215.8271                                          
Y Location    mm            +0294.3279                                          
Z Location    mm            -0059.5022                                          
Machine Serial Number: SVW5001902                                     Page:    2
================================================================================
Feature      Unit   Nominal     Actual      Tolerances      Deviation   Exceeded
================================================================================
 
Step 10
X Location    mm            +0215.8181                                          
Y Location    mm            +0308.1274                                          
Z Location    mm            -0059.4989                                          
 
Step 13
X Location    mm            +0120.5188                                          
Y Location    mm            +0307.2045                                          
Z Location    mm            -0059.5198                                          
 
Step 14
X Location    mm            +0120.5200                                          
Y Location    mm            +0295.7330                                          
Z Location    mm            -0059.5292                                          
 
Step 15
X Location    mm            +0120.5259                                          
Y Location    mm            +0283.3536                                          
Z Location    mm            -0059.5294                                          
 
Step 16
X Location    mm            +0120.5646                                          
Y Location    mm            +0206.9474                                          
Z Location    mm            -0058.0477                                          
 
Step 17
X Location    mm            +0120.5659                                          
Y Location    mm            +0195.2488                                          
Z Location    mm            -0058.0406                                          
 
Step 18
X Location    mm            +0120.5734                                          
Y Location    mm            +0184.4467                                          
Z Location    mm            -0058.0463                                          
 
Step 19
X Location    mm            +0120.6131                                          
Y Location    mm            +0107.3589                                          
Z Location    mm            -0056.5663                                          
 
Step 20
X Location    mm            +0120.6141                                          
Y Location    mm            +0095.2418                                          
Z Location    mm            -0056.5645                                          
Machine Serial Number: SVW5001902                                     Page:    3
================================================================================
Feature      Unit   Nominal     Actual      Tolerances      Deviation   Exceeded
================================================================================
 
Step 21
X Location    mm            +0120.6238                                          
Y Location    mm            +0083.8643                                          
Z Location    mm            -0056.5588                                          
 
Step 22
X Location    mm            +0018.6319                                          
Y Location    mm            +0082.3179                                          
Z Location    mm            -0056.5135                                          
 
Step 23
X Location    mm            +0018.6302                                          
Y Location    mm            +0095.0435                                          
Z Location    mm            -0056.5267                                          
 
Step 24
X Location    mm            +0018.6231                                          
Y Location    mm            +0108.1291                                          
Z Location    mm            -0056.5379                                          
 
Step 25
X Location    mm            +0018.5859                                          
Y Location    mm            +0182.1078                                          
Z Location    mm            -0058.0457                                          
 
Step 26
X Location    mm            +0018.5822                                          
Y Location    mm            +0195.1284                                          
Z Location    mm            -0058.0580                                          
 
Step 27
X Location    mm            +0018.5730                                          
Y Location    mm            +0208.1634                                          
Z Location    mm            -0058.0496                                          
 
Step 28
X Location    mm            +0018.5372                                          
Y Location    mm            +0282.0746                                          
Z Location    mm            -0059.5251                                          
 
Step 29
X Location    mm            +0018.5360                                          
Y Location    mm            +0295.0616                                          
Z Location    mm            -0059.5161                                          
Machine Serial Number: SVW5001902                                     Page:    4
================================================================================
Feature      Unit   Nominal     Actual      Tolerances      Deviation   Exceeded
================================================================================
 
Step 30
X Location    mm            +0018.5258                                          
Y Location    mm            +0308.1436                                          
Z Location    mm            -0059.5059                                          
 
Step 31 - L2 plane, touch
X Location    mm            +0118.6292                                          
Y Location    mm            +0195.1115                                          
Z Location    mm            -0058.0706                                          
Flatness      mm            +0000.0146                                          
XY Angle      dd            -0007.0806                                          
Elevation     dd            -0089.9929                                          
 
Step 33 - L2 slot pin
Diameter      mm +0003.1750 +0003.1731                     -0000.0019           
X Location    mm +0022.0254 +0022.0264                     +0000.0010           
Y Location    mm +0204.8300 +0204.8344                     +0000.0044           
Z Location    mm +0000.8500 +0000.8489                     -0000.0011           
Cylindricity  mm            +0000.0024                     +0000.0024           
XY Angle      dd +0046.0748 +0140.7914                     +0094.7166           
Elevation     dd -0090.0000 -0089.9696                     +0000.0304           
 
Step 34 - L2 hole pin
Diameter      mm +0003.1750 +0003.1743                     -0000.0007           
X Location    mm +0212.4953 +0212.4955                     +0000.0002           
Y Location    mm +0204.8391 +0204.8404                     +0000.0013           
Z Location    mm +0000.8500 +0000.8505                     +0000.0005           
Cylindricity  mm            +0000.0040                     +0000.0040           
XY Angle      dd -0121.7739 -0118.1443                     +0003.6296           
Elevation     dd +0090.0000 +0089.9043                     -0000.0957           
 
Step 35 - L2 hole pin intersection
X Location    mm            +0212.4962                                          
Y Location    mm            +0204.8416                                          
Z Location    mm            +0000.0000                                          
 
Step 36 - L2 slot pin intersection
X Location    mm            +0022.0260                                          
Y Location    mm            +0204.8347                                          
Z Location    mm            -0000.0000                                          
 
Step 39 - L3 plane, touch
X Location    mm            -0094.0050                                          
Y Location    mm            +0090.3639                                          
Z Location    mm            -0001.4728                                          
XY Angle      dd            +0096.1645                                          
Elevation     dd            -0089.9713                                          
Machine Serial Number: SVW5001902                                     Page:    5
================================================================================
Feature      Unit   Nominal     Actual      Tolerances      Deviation   Exceeded
================================================================================
 
Step 40 - L3 slot pin
Diameter      mm +0003.1750 +0003.1754                     +0000.0004           
X Location    mm -0190.5000 -0190.4236                     -0000.0764           
Y Location    mm +0100.0000 +0100.0122                     +0000.0122           
Z Location    mm -0000.6500 -0000.6511                     +0000.0011           
Cylindricity  mm            +0000.0041                     +0000.0041           
XY Angle      dd +0123.9059 +0175.5526                     +0051.6467           
Elevation     dd -0090.0000 -0089.8908                     +0000.1092           
 
Step 41 - L3 hole pin
Diameter      mm +0003.1750 +0003.1749                     -0000.0001           
X Location    mm +0000.0000 +0000.0607                     +0000.0607           
Y Location    mm +0100.0000 +0100.0007                     +0000.0007           
Z Location    mm -0000.6500 -0000.6501                     +0000.0001           
Cylindricity  mm            +0000.0022                     +0000.0022           
XY Angle      dd +0000.0000 +0054.4025                     +0054.4025           
Elevation     dd -0090.0000 -0089.8857                     +0000.1143           
 
Step 42 - L1 plane, touch
X Location    mm            -0093.9912                                          
Y Location    mm            -0109.8236                                          
Z Location    mm            +0001.4960                                          
Flatness      mm            +0000.0360                                          
XY Angle      dd            -0109.5740                                          
Elevation     dd            -0089.9673                                          
 
Step 43 - L1 slot pin
Diameter      mm +0003.1750 +0003.1717                     -0000.0033           
X Location    mm -0190.5000 -0190.4398                     -0000.0602           
Y Location    mm -0100.0000 -0099.9869                     -0000.0131           
Z Location    mm +0002.3500 +0002.3502                     +0000.0002           
Cylindricity  mm            +0000.0039                     +0000.0039           
XY Angle      dd +0110.5340 -0127.3998                     -0237.9338           
Elevation     dd +0090.0000 +0089.9489                     -0000.0511           
 
Step 44 - L1 hole pin
Diameter      mm +0003.1750 +0003.1726                     -0000.0024           
X Location    mm +0000.0000 +0000.0289                     +0000.0289           
Y Location    mm -0100.0000 -0100.0472                     +0000.0472           
Z Location    mm +0002.3500 +0002.3495                     -0000.0005           
Cylindricity  mm            +0000.0047                     +0000.0047           
XY Angle      dd +0135.3228 -0152.7271                     +0071.9501           
Elevation     dd +0090.0000 +0089.8556                     -0000.1444           
 
Step 45 - L1 hole pin intersection
X Location    mm            +0000.0309                                          
Y Location    mm            -0100.0462                                          
Z Location    mm            +0001.4727                                          
Machine Serial Number: SVW5001902                                     Page:    6
================================================================================
Feature      Unit   Nominal     Actual      Tolerances      Deviation   Exceeded
================================================================================
 
Step 46 - L1 slot pin intersection
X Location    mm            -0190.4393                                          
Y Location    mm            -0099.9864                                          
Z Location    mm            +0001.5092                                          
 
Step 47 - L3 hole pin intersection
X Location    mm            +0000.0617                                          
Y Location    mm            +0100.0021                                          
Z Location    mm            -0001.4730                                          
 
Step 48 - L3 slot pin intersection
X Location    mm            -0190.4252                                          
Y Location    mm            +0100.0123                                          
Z Location    mm            -0001.4628                                          
 
Step 49 - L3 plane, focus
X Location    mm            -0094.2070                                          
Y Location    mm            +0090.2960                                          
Z Location    mm            -0001.4425                                          
Flatness      mm            +0000.0246                                          
XY Angle      dd            +0096.9069                                          
Elevation     dd            -0089.9731                                          
 
Step 50 - L2 plane, focus
X Location    mm            -0094.1568                                          
Y Location    mm            -0009.6109                                          
Z Location    mm            +0000.0307                                          
Flatness      mm            +0000.0144                                          
XY Angle      dd            -0077.4292                                          
Elevation     dd            -0089.9965                                          
 
Step 51 - L1 plane, focus
X Location    mm            -0094.1117                                          
Y Location    mm            -0109.7708                                          
Z Location    mm            +0001.5268                                          
Flatness      mm            +0000.0377                                          
XY Angle      dd            -0108.2761                                          
Elevation     dd            -0089.9655                                          
Machine Serial Number: SVW5001902                                     Page:    1
================================================================================
Routine Name                                     Run #       Date & Time        
================================================================================
L123_Ulower_noballs.RTN                              5 Fri Oct 17 17:42:18 2014
================================================================================
================================================================================
Feature      Unit   Nominal     Actual      Tolerances      Deviation   Exceeded
================================================================================
 
Step 2
X Location    mm            +0215.9489                                          
Y Location    mm            +0081.2140                                          
Z Location    mm            -0056.5334                                          
 
Step 3
X Location    mm            +0215.9406                                          
Y Location    mm            +0094.3385                                          
Z Location    mm            -0056.5378                                          
 
Step 4
X Location    mm            +0215.9336                                          
Y Location    mm            +0108.0916                                          
Z Location    mm            -0056.5441                                          
 
Step 5
X Location    mm            +0215.8974                                          
Y Location    mm            +0182.2071                                          
Z Location    mm            -0058.0240                                          
 
Step 6
X Location    mm            +0215.8938                                          
Y Location    mm            +0194.7107                                          
Z Location    mm            -0058.0254                                          
 
Step 7
X Location    mm            +0215.8850                                          
Y Location    mm            +0208.0772                                          
Z Location    mm            -0058.0254                                          
 
Step 8
X Location    mm            +0215.8300                                          
Y Location    mm            +0282.1730                                          
Z Location    mm            -0059.5059                                          
 
Step 9
X Location    mm            +0215.8266                                          
Y Location    mm            +0294.3279                                          
Z Location    mm            -0059.5014                                          
Machine Serial Number: SVW5001902                                     Page:    2
================================================================================
Feature      Unit   Nominal     Actual      Tolerances      Deviation   Exceeded
================================================================================
 
Step 10
X Location    mm            +0215.8181                                          
Y Location    mm            +0308.1274                                          
Z Location    mm            -0059.4862                                          
 
Step 13
X Location    mm            +0120.5193                                          
Y Location    mm            +0307.2045                                          
Z Location    mm            -0059.5210                                          
 
Step 14
X Location    mm            +0120.5195                                          
Y Location    mm            +0295.7330                                          
Z Location    mm            -0059.5295                                          
 
Step 15
X Location    mm            +0120.5269                                          
Y Location    mm            +0283.3536                                          
Z Location    mm            -0059.5281                                          
 
Step 16
X Location    mm            +0120.5646                                          
Y Location    mm            +0206.9474                                          
Z Location    mm            -0058.0472                                          
 
Step 17
X Location    mm            +0120.5660                                          
Y Location    mm            +0195.2483                                          
Z Location    mm            -0058.0367                                          
 
Step 18
X Location    mm            +0120.5735                                          
Y Location    mm            +0184.4467                                          
Z Location    mm            -0058.0468                                          
 
Step 19
X Location    mm            +0120.6126                                          
Y Location    mm            +0107.3589                                          
Z Location    mm            -0056.5673                                          
 
Step 20
X Location    mm            +0120.6146                                          
Y Location    mm            +0095.2418                                          
Z Location    mm            -0056.5629                                          
Machine Serial Number: SVW5001902                                     Page:    3
================================================================================
Feature      Unit   Nominal     Actual      Tolerances      Deviation   Exceeded
================================================================================
 
Step 21
X Location    mm            +0120.6238                                          
Y Location    mm            +0083.8648                                          
Z Location    mm            -0056.5578                                          
 
Step 22
X Location    mm            +0018.6324                                          
Y Location    mm            +0082.3179                                          
Z Location    mm            -0056.5137                                          
 
Step 23
X Location    mm            +0018.6313                                          
Y Location    mm            +0095.0440                                          
Z Location    mm            -0056.5259                                          
 
Step 24
X Location    mm            +0018.6220                                          
Y Location    mm            +0108.1291                                          
Z Location    mm            -0056.5380                                          
 
Step 25
X Location    mm            +0018.5859                                          
Y Location    mm            +0182.1078                                          
Z Location    mm            -0058.0450                                          
 
Step 26
X Location    mm            +0018.5822                                          
Y Location    mm            +0195.1284                                          
Z Location    mm            -0058.0487                                          
 
Step 27
X Location    mm            +0018.5735                                          
Y Location    mm            +0208.1634                                          
Z Location    mm            -0058.0490                                          
 
Step 28
X Location    mm            +0018.5367                                          
Y Location    mm            +0282.0746                                          
Z Location    mm            -0059.5240                                          
 
Step 29
X Location    mm            +0018.5360                                          
Y Location    mm            +0295.0616                                          
Z Location    mm            -0059.5172                                          
Machine Serial Number: SVW5001902                                     Page:    4
================================================================================
Feature      Unit   Nominal     Actual      Tolerances      Deviation   Exceeded
================================================================================
 
Step 30
X Location    mm            +0018.5258                                          
Y Location    mm            +0308.1436                                          
Z Location    mm            -0059.5051                                          
 
Step 31 - L2 plane, touch
X Location    mm            +0118.6291                                          
Y Location    mm            +0195.1113                                          
Z Location    mm            -0058.0697                                          
Flatness      mm            +0000.0146                                          
XY Angle      dd            -0007.3460                                          
Elevation     dd            -0089.9929                                          
 
Step 33 - L2 slot pin
Diameter      mm +0003.1750 +0003.1728                     -0000.0022           
X Location    mm +0022.0254 +0022.0260                     +0000.0006           
Y Location    mm +0204.8300 +0204.8344                     +0000.0044           
Z Location    mm +0000.8500 +0000.8488                     -0000.0012           
Cylindricity  mm            +0000.0025                     +0000.0025           
XY Angle      dd +0046.0748 -0120.7212                     -0166.7960           
Elevation     dd -0090.0000 -0089.9029                     +0000.0971           
 
Step 34 - L2 hole pin
Diameter      mm +0003.1750 +0003.1753                     +0000.0003           
X Location    mm +0212.4953 +0212.4952                     -0000.0001           
Y Location    mm +0204.8391 +0204.8410                     +0000.0019           
Z Location    mm +0000.8500 +0000.8499                     -0000.0001           
Cylindricity  mm            +0000.0032                     +0000.0032           
XY Angle      dd -0121.7739 -0117.6148                     +0004.1591           
Elevation     dd +0090.0000 +0089.9239                     -0000.0761           
 
Step 35 - L2 hole pin intersection
X Location    mm            +0212.4957                                          
Y Location    mm            +0204.8420                                          
Z Location    mm            +0000.0000                                          
 
Step 36 - L2 slot pin intersection
X Location    mm            +0022.0253                                          
Y Location    mm            +0204.8332                                          
Z Location    mm            +0000.0000                                          
 
Step 39 - L3 plane, touch
X Location    mm            -0094.0048                                          
Y Location    mm            +0090.3638                                          
Z Location    mm            -0001.4727                                          
XY Angle      dd            +0096.2222                                          
Elevation     dd            -0089.9721                                          
Machine Serial Number: SVW5001902                                     Page:    5
================================================================================
Feature      Unit   Nominal     Actual      Tolerances      Deviation   Exceeded
================================================================================
 
Step 40 - L3 slot pin
Diameter      mm +0003.1750 +0003.1752                     +0000.0002           
X Location    mm -0190.5000 -0190.4229                     -0000.0771           
Y Location    mm +0100.0000 +0100.0140                     +0000.0140           
Z Location    mm -0000.6500 -0000.6512                     +0000.0012           
Cylindricity  mm            +0000.0034                     +0000.0034           
XY Angle      dd +0123.9059 -0173.0341                     +0063.0600           
Elevation     dd -0090.0000 -0089.7922                     +0000.2078           
 
Step 41 - L3 hole pin
Diameter      mm +0003.1750 +0003.1752                     +0000.0002           
X Location    mm +0000.0000 +0000.0625                     +0000.0625           
Y Location    mm +0100.0000 +0100.0008                     +0000.0008           
Z Location    mm -0000.6500 -0000.6500                     +0000.0000           
Cylindricity  mm            +0000.0025                     +0000.0025           
XY Angle      dd +0000.0000 +0104.0378                     +0104.0378           
Elevation     dd -0090.0000 -0089.9059                     +0000.0941           
 
Step 42 - L1 plane, touch
X Location    mm            -0093.9911                                          
Y Location    mm            -0109.8236                                          
Z Location    mm            +0001.4958                                          
Flatness      mm            +0000.0357                                          
XY Angle      dd            -0110.2863                                          
Elevation     dd            -0089.9684                                          
 
Step 43 - L1 slot pin
Diameter      mm +0003.1750 +0003.1728                     -0000.0022           
X Location    mm -0190.5000 -0190.4405                     -0000.0595           
Y Location    mm -0100.0000 -0099.9845                     -0000.0155           
Z Location    mm +0002.3500 +0002.3503                     +0000.0003           
Cylindricity  mm            +0000.0030                     +0000.0030           
XY Angle      dd +0110.5340 -0083.5614                     -0194.0954           
Elevation     dd +0090.0000 +0089.9064                     -0000.0936           
 
Step 44 - L1 hole pin
Diameter      mm +0003.1750 +0003.1736                     -0000.0014           
X Location    mm +0000.0000 +0000.0284                     +0000.0284           
Y Location    mm -0100.0000 -0100.0471                     +0000.0471           
Z Location    mm +0002.3500 +0002.3497                     -0000.0003           
Cylindricity  mm            +0000.0049                     +0000.0049           
XY Angle      dd +0135.3228 -0169.5855                     +0055.0917           
Elevation     dd +0090.0000 +0089.7421                     -0000.2579           
 
Step 45 - L1 hole pin intersection
X Location    mm            +0000.0323                                          
Y Location    mm            -0100.0464                                          
Z Location    mm            +0001.4727                                          
Machine Serial Number: SVW5001902                                     Page:    6
================================================================================
Feature      Unit   Nominal     Actual      Tolerances      Deviation   Exceeded
================================================================================
 
Step 46 - L1 slot pin intersection
X Location    mm            -0190.4407                                          
Y Location    mm            -0099.9832                                          
Z Location    mm            +0001.5091                                          
 
Step 47 - L3 hole pin intersection
X Location    mm            +0000.0622                                          
Y Location    mm            +0100.0021                                          
Z Location    mm            -0001.4730                                          
 
Step 48 - L3 slot pin intersection
X Location    mm            -0190.4258                                          
Y Location    mm            +0100.0136                                          
Z Location    mm            -0001.4629                                          
 
Step 49 - L3 plane, focus
X Location    mm            -0094.2056                                          
Y Location    mm            +0090.2966                                          
Z Location    mm            -0001.4418                                          
Flatness      mm            +0000.0276                                          
XY Angle      dd            +0093.3710                                          
Elevation     dd            -0089.9651                                          
 
Step 50 - L2 plane, focus
X Location    mm            -0094.1564                                          
Y Location    mm            -0009.6104                                          
Z Location    mm            +0000.0311                                          
Flatness      mm            +0000.0131                                          
XY Angle      dd            -0097.2783                                          
Elevation     dd            -0089.9957                                          
 
Step 51 - L1 plane, focus
X Location    mm            -0094.1122                                          
Y Location    mm            -0109.7700                                          
Z Location    mm            +0001.5259                                          
Flatness      mm            +0000.0361                                          
XY Angle      dd            -0107.4472                                          
Elevation     dd            -0089.9633                                          
