Machine Serial Number: SVW5001902                                     Page:    1
================================================================================
Routine Name                                     Run #       Date & Time        
================================================================================
L123_front_3.RTN                                     1 Tue Oct 14 18:52:12 2014
================================================================================
================================================================================
Feature      Unit   Nominal     Actual      Tolerances      Deviation   Exceeded
================================================================================
 
Step 1 - Cold block face, focus
X Location    mm +0216.1241 +0216.1240                     -0000.0001           
Y Location    mm -0028.7074 -0028.7080                     +0000.0006           
Z Location    mm -0016.0614 -0016.0539                     -0000.0075           
Flatness      mm            +0000.0031 +000.0100           +0000.0031    ++     
XY Angle      dd -0074.8722 -0072.1057                     +0002.7665           
Elevation     dd +0089.8699 +0089.8780                     +0000.0081           
 
Step 3 - Cold block face, touch
X Location    mm +0215.4933 +0215.4930                     -0000.0004           
Y Location    mm -0027.5842 -0027.5842                     +0000.0000           
Z Location    mm +0000.0000 -0000.0257 +000.0500 -000.0500 -0000.0257    ---    
Flatness      mm            +0000.0021 +000.0100           +0000.0021    +      
XY Angle      dd +0159.2971 +0097.4724                     -0061.8247           
Elevation     dd +0089.9964 +0089.9992                     +0000.0029           
 
Step 4 - Axis ball, touch
Sphere Diame  mm +0006.3500 +0006.3518 +000.0100 -000.0100 +0000.0018    +      
X Location    mm +0309.8200 +0309.8209                     +0000.0009           
Y Location    mm -0005.9540 -0005.9581                     +0000.0041           
Z Location    mm +0009.7136 +0009.7073                     -0000.0063           
Sphericity    mm            +0000.0034 +000.0100           +0000.0034    ++     
 
Step 5 - Origin ball, touch
Sphere Diame  mm +0006.3500 +0006.3515 +000.0100 -000.0100 +0000.0015    +      
X Location    mm -0005.1230 -0005.1203                     -0000.0027           
Y Location    mm -0005.9020 -0005.9022                     +0000.0002           
Z Location    mm +0009.5400 +0009.4581                     -0000.0819           
Sphericity    mm            +0000.0042 +000.0100           +0000.0042    ++     
 
Step 6 - Diagonal ball, touch
Sphere Diame  mm +0006.3500 +0006.3527 +000.0100 -000.0100 +0000.0027    ++     
X Location    mm -0005.0760 -0005.0833                     +0000.0073           
Y Location    mm -0031.3310 -0031.3270                     -0000.0040           
Z Location    mm -0015.7224 -0015.7186                     -0000.0038           
Sphericity    mm            +0000.0052 +000.0100           +0000.0052    +++    
 
Step 9 - Stereo fiducial 1, Z
Z Location    mm +0000.8245 +0000.9505                     +0000.1261           
Machine Serial Number: SVW5001902                                     Page:    2
================================================================================
Feature      Unit   Nominal     Actual      Tolerances      Deviation   Exceeded
================================================================================
 
Step 11 - Stereo fiducial 1, XY
Diameter      mm +0000.1900 +0000.1895 +000.0100 -000.0200 -0000.0005    -      
X Location    mm -0128.4440 -0128.4188                     -0000.0252           
Y Location    mm +0059.1630 +0059.1563                     -0000.0067           
2D Circulari  mm            +0000.0027 +000.0100           +0000.0027    ++     
 
Step 13 - Stereo fiducial 2, Z
Z Location    mm +0000.8860 +0000.9920                     +0000.1060           
 
Step 15 - Stereo fiducial 2, XY
Diameter      mm +0000.1900 +0000.1783 +000.0100 -000.0200 -0000.0117    ---    
X Location    mm -0150.4632 -0150.6189                     +0000.1557           
Y Location    mm +0061.3390 +0061.4072                     +0000.0682           
2D Circulari  mm            +0000.0020 +000.0100           +0000.0020    +      
 
Step 17 - Stereo fiducial 3, Z
Z Location    mm +0000.9148 +0001.0400                     +0000.1252           
 
Step 19 - Stereo fiducial 3, XY
Diameter      mm +0000.1900 +0000.1767 +000.0100 -000.0200 -0000.0133    ---    
X Location    mm -0177.7931 -0177.9555                     +0000.1625           
Y Location    mm +0064.0790 +0064.1540                     +0000.0750           
2D Circulari  mm            +0000.0010 +000.0100           +0000.0010    +      
 
Step 21 - Stereo fiducial 4, Z
Z Location    mm +0000.8861 +0000.9392                     +0000.0531           
Machine Serial Number: SVW5001902                                     Page:    1
================================================================================
Routine Name                                     Run #       Date & Time        
================================================================================
L123_front_3.RTN                                     3 Tue Oct 14 18:59:33 2014
================================================================================
================================================================================
Feature      Unit   Nominal     Actual      Tolerances      Deviation   Exceeded
================================================================================
 
Step 1 - Cold block face, focus
X Location    mm +0216.1241 +0216.1255                     +0000.0013           
Y Location    mm -0028.7074 -0028.7075                     +0000.0002           
Z Location    mm -0016.0614 -0016.0537                     -0000.0077           
Flatness      mm            +0000.0028 +000.0100           +0000.0028    ++     
XY Angle      dd -0074.8722 -0072.0934                     +0002.7788           
Elevation     dd +0089.8699 +0089.8782                     +0000.0084           
 
Step 3 - Cold block face, touch
X Location    mm +0215.4933 +0215.4931                     -0000.0002           
Y Location    mm -0027.5842 -0027.5839                     -0000.0003           
Z Location    mm +0000.0000 -0000.0288 +000.0500 -000.0500 -0000.0288    ---    
Flatness      mm            +0000.0033 +000.0100           +0000.0033    ++     
XY Angle      dd +0159.2971 +0051.4219                     -0107.8753           
Elevation     dd +0089.9964 +0089.9997                     +0000.0034           
 
Step 4 - Axis ball, touch
Sphere Diame  mm +0006.3500 +0006.3515 +000.0100 -000.0100 +0000.0015    +      
X Location    mm +0309.8200 +0309.8207                     +0000.0007           
Y Location    mm -0005.9540 -0005.9581                     +0000.0041           
Z Location    mm +0009.7136 +0009.7072                     -0000.0064           
Sphericity    mm            +0000.0026 +000.0100           +0000.0026    ++     
Machine Serial Number: SVW5001902                                     Page:    1
================================================================================
Routine Name                                     Run #       Date & Time        
================================================================================
L123_front_3.RTN                                     4 Tue Oct 14 19:03:12 2014
================================================================================
================================================================================
Feature      Unit   Nominal     Actual      Tolerances      Deviation   Exceeded
================================================================================
 
Step 1 - Cold block face, focus
X Location    mm +0216.1241 +0216.1250                     +0000.0008           
Y Location    mm -0028.7074 -0028.7079                     +0000.0005           
Z Location    mm -0016.0614 -0016.0543                     -0000.0070           
Flatness      mm            +0000.0023 +000.0100           +0000.0023    +      
XY Angle      dd -0074.8722 -0071.6850                     +0003.1872           
Elevation     dd +0089.8699 +0089.8775                     +0000.0076           
 
Step 3 - Cold block face, touch
X Location    mm +0215.4933 +0215.4930                     -0000.0003           
Y Location    mm -0027.5842 -0027.5844                     +0000.0002           
Z Location    mm +0000.0000 -0000.0278 +000.0500 -000.0500 -0000.0278    ---    
Flatness      mm            +0000.0036 +000.0100           +0000.0036    ++     
XY Angle      dd +0159.2971 +0127.5172                     -0031.7800           
Elevation     dd +0089.9964 +0089.9995                     +0000.0031           
 
Step 4 - Axis ball, touch
Sphere Diame  mm +0006.3500 +0006.3515 +000.0100 -000.0100 +0000.0015    +      
X Location    mm +0309.8200 +0309.8218                     +0000.0018           
Y Location    mm -0005.9540 -0005.9578                     +0000.0038           
Z Location    mm +0009.7136 +0009.7096                     -0000.0040           
Sphericity    mm            +0000.0029 +000.0100           +0000.0029    ++     
 
Step 5 - Origin ball, touch
Sphere Diame  mm +0006.3500 +0006.3508 +000.0100 -000.0100 +0000.0008    +      
X Location    mm -0005.1230 -0005.1195                     -0000.0035           
Y Location    mm -0005.9020 -0005.9020                     -0000.0000           
Z Location    mm +0009.5400 +0009.4547                     -0000.0853           
Sphericity    mm            +0000.0048 +000.0100           +0000.0048    ++     
 
Step 6 - Diagonal ball, touch
Sphere Diame  mm +0006.3500 +0006.3518 +000.0100 -000.0100 +0000.0018    +      
X Location    mm -0005.0760 -0005.0826                     +0000.0066           
Y Location    mm -0031.3310 -0031.3270                     -0000.0040           
Z Location    mm -0015.7224 -0015.7217                     -0000.0007           
Sphericity    mm            +0000.0055 +000.0100           +0000.0055    +++    
 
Step 9 - Stereo fiducial 1, Z
Z Location    mm +0000.8245 +0000.9548                     +0000.1304           
Machine Serial Number: SVW5001902                                     Page:    2
================================================================================
Feature      Unit   Nominal     Actual      Tolerances      Deviation   Exceeded
================================================================================
 
Step 11 - Stereo fiducial 1, XY
Diameter      mm +0000.1900 +0000.1866 +000.0100 -000.0200 -0000.0034    -      
X Location    mm -0128.4440 -0128.3313                     -0000.1127           
Y Location    mm +0059.1630 +0059.1458                     -0000.0172           
2D Circulari  mm            +0000.0013 +000.0100           +0000.0013    +      
 
Step 13 - Stereo fiducial 2, Z
Z Location    mm +0000.8860 +0000.9849                     +0000.0989           
 
Step 15 - Stereo fiducial 2, XY
Diameter      mm +0000.1900 +0000.1863 +000.0100 -000.0200 -0000.0037    -      
X Location    mm -0150.4632 -0150.5395                     +0000.0763           
Y Location    mm +0061.3390 +0061.3774                     +0000.0384           
2D Circulari  mm            +0000.0019 +000.0100           +0000.0019    +      
 
Step 17 - Stereo fiducial 3, Z
Z Location    mm +0000.9148 +0001.0389                     +0000.1241           
 
Step 19 - Stereo fiducial 3, XY
Diameter      mm +0000.1900 +0000.1855 +000.0100 -000.0200 -0000.0045    -      
X Location    mm -0177.7931 -0177.8818                     +0000.0887           
Y Location    mm +0064.0790 +0064.1247                     +0000.0457           
2D Circulari  mm            +0000.0018 +000.0100           +0000.0018    +      
 
Step 21 - Stereo fiducial 4, Z
Z Location    mm +0000.8861 +0000.9373                     +0000.0512           
 
Step 23 - Stereo fiducial 4, XY
Diameter      mm +0000.1900 +0000.1850 +000.0100 -000.0200 -0000.0050    -      
X Location    mm -0179.8639 -0179.8787                     +0000.0148           
Y Location    mm +0044.2090 +0044.2554                     +0000.0464           
2D Circulari  mm            +0000.0019 +000.0100           +0000.0019    +      
 
Step 25 - Stereo fiducial 5, Z
Z Location    mm +0000.8376 +0000.7952                     -0000.0424           
 
Step 27 - Stereo fiducial 5, XY
Diameter      mm +0000.1900 +0000.1858 +000.0100 -000.0200 -0000.0042    -      
X Location    mm -0181.9364 -0181.8765                     -0000.0600           
Y Location    mm +0024.3380 +0024.3864                     +0000.0484           
2D Circulari  mm            +0000.0015 +000.0100           +0000.0015    +      
 
Step 29 - Stereo fiducial 6, Z
Z Location    mm +0000.8676 +0000.7694                     -0000.0983           
Machine Serial Number: SVW5001902                                     Page:    3
================================================================================
Feature      Unit   Nominal     Actual      Tolerances      Deviation   Exceeded
================================================================================
 
Step 31 - Stereo fiducial 6, XY
Diameter      mm +0000.1900 +0000.1856 +000.0100 -000.0200 -0000.0044    -      
X Location    mm -0154.6069 -0154.5343                     -0000.0726           
Y Location    mm +0021.5990 +0021.6390                     +0000.0400           
2D Circulari  mm            +0000.0018 +000.0100           +0000.0018    +      
 
Step 33 - Stereo fiducial 7, Z
Z Location    mm +0000.9030 +0000.7594                     -0000.1436           
Machine Serial Number: SVW5001902                                     Page:    1
================================================================================
Routine Name                                     Run #       Date & Time        
================================================================================
L123_front_3.RTN                                     7 Tue Oct 14 19:10:05 2014
================================================================================
================================================================================
Feature      Unit   Nominal     Actual      Tolerances      Deviation   Exceeded
================================================================================
 
Step 1 - Cold block face, focus
X Location    mm +0216.1241 +0216.1263                     +0000.0022           
Y Location    mm -0028.7074 -0028.7077                     +0000.0003           
Z Location    mm -0016.0614 -0016.0515                     -0000.0098           
Flatness      mm            +0000.0067 +000.0100           +0000.0067    +++    
XY Angle      dd -0074.8722 -0070.8632                     +0004.0090           
Elevation     dd +0089.8699 +0089.8725                     +0000.0027           
 
Step 3 - Cold block face, touch
X Location    mm +0215.4933 +0215.4928                     -0000.0005           
Y Location    mm -0027.5842 -0027.5844                     +0000.0001           
Z Location    mm +0000.0000 -0000.0306 +000.0500 -000.0500 -0000.0306    ---    
Flatness      mm            +0000.0033 +000.0100           +0000.0033    ++     
XY Angle      dd +0159.2971 +0131.2850                     -0028.0121           
Elevation     dd +0089.9964 +0089.9937                     -0000.0027           
 
Step 4 - Axis ball, touch
Sphere Diame  mm +0006.3500 +0006.3516 +000.0100 -000.0100 +0000.0016    +      
X Location    mm +0309.8200 +0309.8213                     +0000.0013           
Y Location    mm -0005.9540 -0005.9579                     +0000.0039           
Z Location    mm +0009.7136 +0009.7107                     -0000.0029           
Sphericity    mm            +0000.0033 +000.0100           +0000.0033    ++     
 
Step 5 - Origin ball, touch
Sphere Diame  mm +0006.3500 +0006.3509 +000.0100 -000.0100 +0000.0009    +      
X Location    mm -0005.1230 -0005.1202                     -0000.0028           
Y Location    mm -0005.9020 -0005.9027                     +0000.0007           
Z Location    mm +0009.5400 +0009.4375                     -0000.1025           
Sphericity    mm            +0000.0055 +000.0100           +0000.0055    +++    
 
Step 6 - Diagonal ball, touch
Sphere Diame  mm +0006.3500 +0006.3526 +000.0100 -000.0100 +0000.0026    ++     
X Location    mm -0005.0760 -0005.0805                     +0000.0045           
Y Location    mm -0031.3310 -0031.3294                     -0000.0016           
Z Location    mm -0015.7224 -0015.7366                     +0000.0142           
Sphericity    mm            +0000.0055 +000.0100           +0000.0055    +++    
 
Step 9 - Stereo fiducial 1, Z
Z Location    mm +0000.8245 +0000.9402                     +0000.1157           
Machine Serial Number: SVW5001902                                     Page:    2
================================================================================
Feature      Unit   Nominal     Actual      Tolerances      Deviation   Exceeded
================================================================================
 
Step 11 - Stereo fiducial 1, XY
Diameter      mm +0000.1900 +0000.1866 +000.0100 -000.0200 -0000.0034    -      
X Location    mm -0128.4440 -0128.3294                     -0000.1146           
Y Location    mm +0059.1630 +0059.1477                     -0000.0153           
2D Circulari  mm            +0000.0013 +000.0100           +0000.0013    +      
 
Step 13 - Stereo fiducial 2, Z
Z Location    mm +0000.8860 +0000.9728                     +0000.0868           
 
Step 15 - Stereo fiducial 2, XY
Diameter      mm +0000.1900 +0000.1864 +000.0100 -000.0200 -0000.0036    -      
X Location    mm -0150.4632 -0150.5378                     +0000.0746           
Y Location    mm +0061.3390 +0061.3787                     +0000.0397           
2D Circulari  mm            +0000.0017 +000.0100           +0000.0017    +      
 
Step 17 - Stereo fiducial 3, Z
Z Location    mm +0000.9148 +0001.0262                     +0000.1114           
 
Step 19 - Stereo fiducial 3, XY
Diameter      mm +0000.1900 +0000.1856 +000.0100 -000.0200 -0000.0044    -      
X Location    mm -0177.7931 -0177.8797                     +0000.0866           
Y Location    mm +0064.0790 +0064.1263                     +0000.0473           
2D Circulari  mm            +0000.0020 +000.0100           +0000.0020    +      
 
Step 21 - Stereo fiducial 4, Z
Z Location    mm +0000.8861 +0000.9264                     +0000.0403           
 
Step 23 - Stereo fiducial 4, XY
Diameter      mm +0000.1900 +0000.1849 +000.0100 -000.0200 -0000.0051    --     
X Location    mm -0179.8639 -0179.8763                     +0000.0124           
Y Location    mm +0044.2090 +0044.2574                     +0000.0484           
2D Circulari  mm            +0000.0020 +000.0100           +0000.0020    +      
 
Step 25 - Stereo fiducial 5, Z
Z Location    mm +0000.8376 +0000.7850                     -0000.0526           
 
Step 27 - Stereo fiducial 5, XY
Diameter      mm +0000.1900 +0000.1858 +000.0100 -000.0200 -0000.0042    -      
X Location    mm -0181.9364 -0181.8745                     -0000.0619           
Y Location    mm +0024.3380 +0024.3880                     +0000.0500           
2D Circulari  mm            +0000.0014 +000.0100           +0000.0014    +      
 
Step 29 - Stereo fiducial 6, Z
Z Location    mm +0000.8676 +0000.7606                     -0000.1070           
Machine Serial Number: SVW5001902                                     Page:    3
================================================================================
Feature      Unit   Nominal     Actual      Tolerances      Deviation   Exceeded
================================================================================
 
Step 31 - Stereo fiducial 6, XY
Diameter      mm +0000.1900 +0000.1856 +000.0100 -000.0200 -0000.0044    -      
X Location    mm -0154.6069 -0154.5326                     -0000.0743           
Y Location    mm +0021.5990 +0021.6407                     +0000.0417           
2D Circulari  mm            +0000.0019 +000.0100           +0000.0019    +      
 
Step 33 - Stereo fiducial 7, Z
Z Location    mm +0000.9030 +0000.7458                     -0000.1572           
 
Step 35 - Stereo fiducial 7, XY
Diameter      mm +0000.1900 +0000.1866 +000.0100 -000.0200 -0000.0034    -      
X Location    mm -0132.4052 -0132.3248                     -0000.0804           
Y Location    mm +0019.3720 +0019.4091                     +0000.0371           
2D Circulari  mm            +0000.0018 +000.0100           +0000.0018    +      
 
Step 37 - Stereo focus 1
X Location    mm -0090.4464 -0090.5054                     +0000.0590           
Y Location    mm +0016.5790 +0016.5752                     -0000.0038           
Z Location    mm +0000.9572 +0000.7741                     -0000.1831           
 
Step 38 - Stereo focus 2
X Location    mm -0090.3200 -0090.5584                     +0000.2384           
Y Location    mm +0053.7170 +0053.7185                     +0000.0015           
Z Location    mm +0000.8051 +0000.8968                     +0000.0917           
 
Step 39 - Stereo focus 3
X Location    mm -0090.3841 -0090.5318                     +0000.1477           
Y Location    mm +0034.8940 +0034.8928                     -0000.0012           
Z Location    mm +0000.8790 +0000.8320                     -0000.0471           
 
Step 40 - Stereo focus 4
X Location    mm -0131.5071 -0131.6893                     +0000.1822           
Y Location    mm +0039.6750 +0039.6762                     +0000.0012           
Z Location    mm +0000.8967 +0000.8605                     -0000.0362           
 
Step 41 - Axial corner Z
Z Location    mm -0006.9683 -0006.9171                     -0000.0513           
 
Step 43 - Axial corner, left edge
X Location    mm -0180.3793 -0180.2986                     -0000.0807           
Y Location    mm +0019.5620 +0019.5384                     -0000.0236           
2D Straightn  mm            +0000.0045 +000.0100           +0000.0045    ++     
XY Angle      dd -0090.0000 -0090.1002 +001.0000 -001.0000 -0000.1002    -      
Machine Serial Number: SVW5001902                                     Page:    4
================================================================================
Feature      Unit   Nominal     Actual      Tolerances      Deviation   Exceeded
================================================================================
 
Step 44 - Axial corner, lower edge
X Location    mm -0179.7449 -0179.8465                     +0000.1017           
Y Location    mm +0019.0110 +0019.0828                     +0000.0718           
2D Straightn  mm            +0000.0017 +000.0100           +0000.0017    +      
XY Angle      dd +0000.0000 -0000.0023 +001.0000 -001.0000 -0000.0023           
 
Step 46 - Axial lower edge Z
Z Location    mm -0006.9389 -0006.8906                     -0000.0483           
 
Step 48 - Axial lower edge, XY
X Location    mm -0139.8504 -0139.9367                     +0000.0863           
Y Location    mm +0019.0110 +0019.0680                     +0000.0570           
2D Straightn  mm            +0000.0014 +000.0100           +0000.0014    +      
XY Angle      dd +0000.0000 -0000.0879 +001.0000 -001.0000 -0000.0879    -      
 
Step 50 - Axial upper edge 1, Z
Z Location    mm -0007.0661 -0006.9542                     -0000.1119           
 
Step 52 - Axial upper edge 1, XY
X Location    mm -0082.8706 -0083.1485                     +0000.2780           
Y Location    mm +0059.3640 +0059.3972                     +0000.0332           
2D Straightn  mm            +0000.0013 +000.0100           +0000.0013    +      
XY Angle      dd +0180.0000 -0179.9690 +001.0000 -001.0000 +0000.0310    +      
 
Step 54 - Axial upper edge 2, Z
Z Location    mm -0007.0802 -0006.9718                     -0000.1084           
 
Step 56 - Axial upper edge 2, XY
X Location    mm -0114.6053 -0114.8632                     +0000.2579           
Y Location    mm +0059.3690 +0059.4087                     +0000.0397           
2D Straightn  mm            +0000.0004 +000.0100           +0000.0004    +      
XY Angle      dd +0180.0000 +0179.9577 +001.0000 -001.0000 -0000.0423    -      
 
Step 58 - Stereo upper fiducial line
X Location    mm -0153.0282 -0153.1046                     +0000.0764           
Y Location    mm +0061.5960 +0061.6369                     +0000.0409           
Z Location    mm +0000.8759 +0000.9802                     +0000.1042           
3D Straightn  mm            +0000.0035                     +0000.0035           
XY Angle      dd -0005.9531 -0005.7376                     +0000.2155           
Elevation     dd -0000.1055 -0000.1043                     +0000.0012           
 
Step 59 - Stereo lower fiducial line
X Location    mm -0157.1708 -0157.0997                     -0000.0711           
Y Location    mm +0021.8550 +0021.8986                     +0000.0436           
Z Location    mm +0000.8691 +0000.7654                     -0000.1037           
3D Straightn  mm            +0000.0024                     +0000.0024           
XY Angle      dd -0005.9524 -0005.7380                     +0000.2144           
Elevation     dd +0000.0747 -0000.0450                     -0000.1197           
Machine Serial Number: SVW5001902                                     Page:    5
================================================================================
Feature      Unit   Nominal     Actual      Tolerances      Deviation   Exceeded
================================================================================
 
Step 60 - Axial upper edge
X Location    mm -0098.7376 -0099.0129                     +0000.2753           
Y Location    mm +0059.3640 +0059.4030                     +0000.0390           
Z Location    mm -0007.0722 -0006.9622                     -0000.1100           
3D Straightn  mm            +0000.0014                     +0000.0014           
XY Angle      dd +0179.7670 +0179.9793                     +0000.2123           
Elevation     dd -0000.0261 -0000.0328                     -0000.0067           
 
Step 61 - Axial lower edge
X Location    mm -0159.8084 -0159.8902                     +0000.0818           
Y Location    mm +0019.0150 +0019.0754                     +0000.0604           
Z Location    mm -0006.9531 -0006.9033                     -0000.0498           
3D Straightn  mm            +0000.0022                     +0000.0022           
XY Angle      dd -0000.2407 -0000.0212                     +0000.2195           
Elevation     dd +0000.0442 +0000.0389                     -0000.0052           
 
Step 62 - Stereo sensor plane
X Location    mm -0137.0900 -0137.1491                     +0000.0591           
Y Location    mm +0039.9010 +0039.9282                     +0000.0272           
Z Location    mm +0000.8780 +0000.8655                     -0000.0125           
Flatness      mm            +0000.0615 +000.2000           +0000.0615    ++     
XY Angle      dd -0094.7647 +0094.0072                     +0188.7719           
Elevation     dd -0089.9523 -0089.7162                     +0000.2362           
 
Step 63 - Axial sensor plane
X Location    mm -0139.4901 -0139.6187                     +0000.1286           
Y Location    mm +0035.2640 +0035.2990                     +0000.0350           
Z Location    mm -0007.0039 -0006.9296                     -0000.0742           
Flatness      mm            +0000.0020 +000.2000           +0000.0020    +      
XY Angle      dd +0099.1545 +0104.6852                     +0005.5307           
Elevation     dd +0089.7717 +0089.8567                     +0000.0850           
 
Step 64 - Axial sensor corner
X Location    mm            -0180.2994                                          
Y Location    mm            +0019.0830                                          
Z Location    mm            -0006.9172                                          
 
Step 65 - Origin ball reference
X Location    mm            -0259.1810                                          
Y Location    mm            +0053.5858                                          
Z Location    mm            +0009.4375                                          
 
Step 66 - Axis ball reference
X Location    mm            +0055.7604                                          
Y Location    mm            +0053.4190                                          
Z Location    mm            +0009.7107                                          
Machine Serial Number: SVW5001902                                     Page:    6
================================================================================
Feature      Unit   Nominal     Actual      Tolerances      Deviation   Exceeded
================================================================================
 
Step 67 - Diagonal ball reference
X Location    mm            -0259.1504                                          
Y Location    mm            +0028.1591                                          
Z Location    mm            -0015.7366                                          
Machine Serial Number: SVW5001902                                     Page:    1
================================================================================
Routine Name                                     Run #       Date & Time        
================================================================================
L123_front_3.RTN                                     1 Wed Oct 29 14:39:35 2014
================================================================================
================================================================================
Feature      Unit   Nominal     Actual      Tolerances      Deviation   Exceeded
================================================================================
 
Step 1 - Cold block face, focus
X Location    mm +0216.1241 +0216.1261                     +0000.0020           
Y Location    mm -0028.7074 -0028.7077                     +0000.0004           
Z Location    mm -0016.0614 -0015.9817                     -0000.0796           
Flatness      mm            +0000.0010 +000.0100           +0000.0010    +      
XY Angle      dd -0074.8722 -0082.3155                     -0007.4433           
Elevation     dd +0089.8699 +0089.6853                     -0000.1846           
 
Step 3 - Cold block face, touch
X Location    mm +0215.4933 +0215.4923                     -0000.0010           
Y Location    mm -0027.5842 -0027.5837                     -0000.0006           
Z Location    mm +0000.0000 -0000.0254 +000.0500 -000.0500 -0000.0254    ---    
Flatness      mm            +0000.0016 +000.0100           +0000.0016    +      
XY Angle      dd +0159.2971 +0135.9073                     -0023.3899           
Elevation     dd +0089.9964 +0089.9975                     +0000.0012           
 
Step 4 - Axis ball, touch
Sphere Diame  mm +0006.3500 +0006.3521 +000.0100 -000.0100 +0000.0021    +      
X Location    mm +0309.8200 +0309.8386                     +0000.0186           
Y Location    mm -0005.9540 -0005.9702                     +0000.0162           
Z Location    mm +0009.7136 +0009.5484                     -0000.1652           
Sphericity    mm            +0000.0032 +000.0100           +0000.0032    ++     
 
Step 5 - Origin ball, touch
Sphere Diame  mm +0006.3500 +0006.3510 +000.0100 -000.0100 +0000.0010    +      
X Location    mm -0005.1230 -0005.1085                     -0000.0145           
Y Location    mm -0005.9020 -0005.9201                     +0000.0181           
Z Location    mm +0009.5400 +0009.3023                     -0000.2377           
Sphericity    mm            +0000.0048 +000.0100           +0000.0048    ++     
 
Step 6 - Diagonal ball, touch
Sphere Diame  mm +0006.3500 +0006.3524 +000.0100 -000.0100 +0000.0024    +      
X Location    mm -0005.0760 -0005.0702                     -0000.0058           
Y Location    mm -0031.3310 -0031.4271                     +0000.0961           
Z Location    mm -0015.7224 -0015.7911                     +0000.0687           
Sphericity    mm            +0000.0047 +000.0100           +0000.0047    ++     
 
Step 9 - Stereo fiducial 1, Z
Z Location    mm +0000.8245 +0000.9396                     +0000.1151           
Machine Serial Number: SVW5001902                                     Page:    2
================================================================================
Feature      Unit   Nominal     Actual      Tolerances      Deviation   Exceeded
================================================================================
 
Step 11 - Stereo fiducial 1, XY
Diameter      mm +0000.1900 +0000.1796 +000.0100 -000.0200 -0000.0104    ---    
X Location    mm -0128.4440 -0128.3174                     -0000.1266           
Y Location    mm +0059.1630 +0059.1141                     -0000.0489           
2D Circulari  mm            +0000.0005 +000.0100           +0000.0005    +      
 
Step 13 - Stereo fiducial 2, Z
Z Location    mm +0000.8860 +0000.9107                     +0000.0247           
Machine Serial Number: SVW5001902                                     Page:    1
================================================================================
Routine Name                                     Run #       Date & Time        
================================================================================
L123_front_3.RTN                                     2 Wed Oct 29 14:44:39 2014
================================================================================
================================================================================
Feature      Unit   Nominal     Actual      Tolerances      Deviation   Exceeded
================================================================================
 
Step 38 - Stereo focus 2
X Location    mm -0090.3200 -0090.5612                     +0000.2412           
Y Location    mm +0053.7170 +0053.7188                     +0000.0018           
Z Location    mm +0000.8051 +0000.9426                     +0000.1375           
 
Step 39 - Stereo focus 3
X Location    mm -0090.3841 -0090.5311                     +0000.1470           
Y Location    mm +0034.8940 +0034.8932                     -0000.0008           
Z Location    mm +0000.8790 +0000.8741                     -0000.0049           
 
Step 40 - Stereo focus 4
X Location    mm -0131.5071 -0131.6897                     +0000.1826           
Y Location    mm +0039.6750 +0039.6763                     +0000.0013           
Z Location    mm +0000.8967 +0000.8769                     -0000.0199           
 
Step 41 - Axial corner Z
Z Location    mm -0006.9683 -0006.8269                     -0000.1414           
 
Step 43 - Axial corner, left edge
X Location    mm -0180.3793 -0180.4310                     +0000.0516           
Y Location    mm +0019.5620 +0019.5185                     -0000.0435           
2D Straightn  mm            +0000.0053 +000.0100           +0000.0053    +++    
XY Angle      dd -0090.0000 -0090.1567 +001.0000 -001.0000 -0000.1567    -      
Machine Serial Number: SVW5001902                                     Page:    1
================================================================================
Routine Name                                     Run #       Date & Time        
================================================================================
L123_front_3.RTN                                     4 Wed Oct 29 14:46:11 2014
================================================================================
================================================================================
Feature      Unit   Nominal     Actual      Tolerances      Deviation   Exceeded
================================================================================
 
Step 1 - Cold block face, focus
X Location    mm +0216.1241 +0216.1256                     +0000.0015           
Y Location    mm -0028.7074 -0028.7077                     +0000.0004           
Z Location    mm -0016.0614 -0015.9823                     -0000.0791           
Flatness      mm            +0000.0003 +000.0100           +0000.0003    +      
XY Angle      dd -0074.8722 -0082.3330                     -0007.4608           
Elevation     dd +0089.8699 +0089.6865                     -0000.1833           
 
Step 3 - Cold block face, touch
X Location    mm +0215.4933 +0215.4920                     -0000.0013           
Y Location    mm -0027.5842 -0027.5838                     -0000.0004           
Z Location    mm +0000.0000 -0000.0279 +000.0500 -000.0500 -0000.0279    ---    
Flatness      mm            +0000.0014 +000.0100           +0000.0014    +      
XY Angle      dd +0159.2971 +0171.5761                     +0012.2790           
Elevation     dd +0089.9964 +0089.9987                     +0000.0023           
 
Step 4 - Axis ball, touch
Sphere Diame  mm +0006.3500 +0006.3517 +000.0100 -000.0100 +0000.0017    +      
X Location    mm +0309.8200 +0309.8378                     +0000.0178           
Y Location    mm -0005.9540 -0005.9708                     +0000.0168           
Z Location    mm +0009.7136 +0009.5487                     -0000.1649           
Sphericity    mm            +0000.0037 +000.0100           +0000.0037    ++     
 
Step 5 - Origin ball, touch
Sphere Diame  mm +0006.3500 +0006.3507 +000.0100 -000.0100 +0000.0007    +      
X Location    mm -0005.1230 -0005.1083                     -0000.0147           
Y Location    mm -0005.9020 -0005.9204                     +0000.0184           
Z Location    mm +0009.5400 +0009.3035                     -0000.2365           
Sphericity    mm            +0000.0049 +000.0100           +0000.0049    ++     
 
Step 6 - Diagonal ball, touch
Sphere Diame  mm +0006.3500 +0006.3519 +000.0100 -000.0100 +0000.0019    +      
X Location    mm -0005.0760 -0005.0699                     -0000.0061           
Y Location    mm -0031.3310 -0031.4270                     +0000.0960           
Z Location    mm -0015.7224 -0015.7895                     +0000.0671           
Sphericity    mm            +0000.0051 +000.0100           +0000.0051    +++    
 
Step 9 - Stereo fiducial 1, Z
Z Location    mm +0000.8245 +0000.9408                     +0000.1164           
Machine Serial Number: SVW5001902                                     Page:    2
================================================================================
Feature      Unit   Nominal     Actual      Tolerances      Deviation   Exceeded
================================================================================
 
Step 11 - Stereo fiducial 1, XY
Diameter      mm +0000.1900 +0000.1864 +000.0100 -000.0200 -0000.0036    -      
X Location    mm -0128.4440 -0128.3922                     -0000.0518           
Y Location    mm +0059.1630 +0059.1385                     -0000.0245           
2D Circulari  mm            +0000.0009 +000.0100           +0000.0009    +      
 
Step 13 - Stereo fiducial 2, Z
Z Location    mm +0000.8860 +0000.9117                     +0000.0257           
 
Step 15 - Stereo fiducial 2, XY
Diameter      mm +0000.1900 +0000.1862 +000.0100 -000.0200 -0000.0038    -      
X Location    mm -0150.4632 -0150.6004                     +0000.1372           
Y Location    mm +0061.3390 +0061.3730                     +0000.0340           
2D Circulari  mm            +0000.0013 +000.0100           +0000.0013    +      
 
Step 17 - Stereo fiducial 3, Z
Z Location    mm +0000.9148 +0000.8684                     -0000.0464           
 
Step 19 - Stereo fiducial 3, XY
Diameter      mm +0000.1900 +0000.1854 +000.0100 -000.0200 -0000.0046    -      
X Location    mm -0177.7931 -0177.9419                     +0000.1489           
Y Location    mm +0064.0790 +0064.1236                     +0000.0446           
2D Circulari  mm            +0000.0017 +000.0100           +0000.0017    +      
 
Step 21 - Stereo fiducial 4, Z
Z Location    mm +0000.8861 +0000.8178                     -0000.0683           
 
Step 23 - Stereo fiducial 4, XY
Diameter      mm +0000.1900 +0000.1848 +000.0100 -000.0200 -0000.0052    --     
X Location    mm -0179.8639 -0179.9414                     +0000.0775           
Y Location    mm +0044.2090 +0044.2548                     +0000.0458           
2D Circulari  mm            +0000.0019 +000.0100           +0000.0019    +      
 
Step 25 - Stereo fiducial 5, Z
Z Location    mm +0000.8376 +0000.7444                     -0000.0932           
 
Step 27 - Stereo fiducial 5, XY
Diameter      mm +0000.1900 +0000.1858 +000.0100 -000.0200 -0000.0042    -      
X Location    mm -0181.9364 -0181.9413                     +0000.0049           
Y Location    mm +0024.3380 +0024.3853                     +0000.0473           
2D Circulari  mm            +0000.0014 +000.0100           +0000.0014    +      
 
Step 29 - Stereo fiducial 6, Z
Z Location    mm +0000.8676 +0000.7732                     -0000.0944           
Machine Serial Number: SVW5001902                                     Page:    3
================================================================================
Feature      Unit   Nominal     Actual      Tolerances      Deviation   Exceeded
================================================================================
 
Step 31 - Stereo fiducial 6, XY
Diameter      mm +0000.1900 +0000.1854 +000.0100 -000.0200 -0000.0046    -      
X Location    mm -0154.6069 -0154.5995                     -0000.0074           
Y Location    mm +0021.5990 +0021.6349                     +0000.0359           
2D Circulari  mm            +0000.0018 +000.0100           +0000.0018    +      
 
Step 33 - Stereo fiducial 7, Z
Z Location    mm +0000.9030 +0000.7876                     -0000.1154           
 
Step 35 - Stereo fiducial 7, XY
Diameter      mm +0000.1900 +0000.1865 +000.0100 -000.0200 -0000.0035    -      
X Location    mm -0132.4052 -0132.3916                     -0000.0136           
Y Location    mm +0019.3720 +0019.4005                     +0000.0285           
2D Circulari  mm            +0000.0018 +000.0100           +0000.0018    +      
 
Step 37 - Stereo focus 1
X Location    mm -0090.4464 -0090.5028                     +0000.0564           
Y Location    mm +0016.5790 +0016.5749                     -0000.0041           
Z Location    mm +0000.9572 +0000.8035                     -0000.1537           
 
Step 38 - Stereo focus 2
X Location    mm -0090.3200 -0090.5607                     +0000.2407           
Y Location    mm +0053.7170 +0053.7189                     +0000.0019           
Z Location    mm +0000.8051 +0000.9440                     +0000.1389           
 
Step 39 - Stereo focus 3
X Location    mm -0090.3841 -0090.5310                     +0000.1469           
Y Location    mm +0034.8940 +0034.8929                     -0000.0011           
Z Location    mm +0000.8790 +0000.8750                     -0000.0040           
 
Step 40 - Stereo focus 4
X Location    mm -0131.5071 -0131.6887                     +0000.1816           
Y Location    mm +0039.6750 +0039.6763                     +0000.0013           
Z Location    mm +0000.8967 +0000.8783                     -0000.0184           
 
Step 41 - Axial corner Z
Z Location    mm -0006.9683 -0006.8262                     -0000.1421           
 
Step 43 - Axial corner, left edge
X Location    mm -0180.3793 -0180.4318                     +0000.0525           
Y Location    mm +0019.5620 +0019.5185                     -0000.0435           
2D Straightn  mm            +0000.0051 +000.0100           +0000.0051    +++    
XY Angle      dd -0090.0000 -0090.1605 +001.0000 -001.0000 -0000.1605    -      
Machine Serial Number: SVW5001902                                     Page:    4
================================================================================
Feature      Unit   Nominal     Actual      Tolerances      Deviation   Exceeded
================================================================================
 
Step 44 - Axial corner, lower edge
X Location    mm -0179.7449 -0179.8457                     +0000.1009           
Y Location    mm +0019.0110 +0019.0472                     +0000.0362           
2D Straightn  mm            +0000.0014 +000.0100           +0000.0014    +      
XY Angle      dd +0000.0000 +0000.0309 +001.0000 -001.0000 +0000.0309    +      
 
Step 46 - Axial lower edge Z
Z Location    mm -0006.9389 -0006.8584                     -0000.0805           
 
Step 48 - Axial lower edge, XY
X Location    mm -0139.8504 -0139.9334                     +0000.0830           
Y Location    mm +0019.0110 +0019.0314                     +0000.0204           
2D Straightn  mm            +0000.0021 +000.0100           +0000.0021    +      
XY Angle      dd +0000.0000 -0000.0299 +001.0000 -001.0000 -0000.0299    -      
 
Step 50 - Axial upper edge 1, Z
Z Location    mm -0007.0661 -0007.0165                     -0000.0495           
 
Step 52 - Axial upper edge 1, XY
X Location    mm -0082.8706 -0083.1513                     +0000.2808           
Y Location    mm +0059.3640 +0059.3608                     -0000.0032           
2D Straightn  mm            +0000.0010 +000.0100           +0000.0010    +      
XY Angle      dd +0180.0000 +0179.9803 +001.0000 -001.0000 -0000.0197    -      
 
Step 54 - Axial upper edge 2, Z
Z Location    mm -0007.0802 -0007.1760                     +0000.0958           
 
Step 56 - Axial upper edge 2, XY
X Location    mm -0114.6053 -0114.8654                     +0000.2600           
Y Location    mm +0059.3690 +0059.3711                     +0000.0021           
2D Straightn  mm            +0000.0005 +000.0100           +0000.0005    +      
XY Angle      dd +0180.0000 +0179.9763 +001.0000 -001.0000 -0000.0237    -      
 
Step 58 - Stereo upper fiducial line
X Location    mm -0153.0282 -0153.1670                     +0000.1388           
Y Location    mm +0061.5960 +0061.6311                     +0000.0351           
Z Location    mm +0000.8759 +0000.9038                     +0000.0278           
3D Straightn  mm            +0000.0065                     +0000.0065           
XY Angle      dd -0005.9531 -0005.7451                     +0000.2080           
Elevation     dd -0000.1055 +0000.0778                     +0000.1833           
 
Step 59 - Stereo lower fiducial line
X Location    mm -0157.1708 -0157.1665                     -0000.0043           
Y Location    mm +0021.8550 +0021.8930                     +0000.0380           
Z Location    mm +0000.8691 +0000.7688                     -0000.1004           
3D Straightn  mm            +0000.0047                     +0000.0047           
XY Angle      dd -0005.9524 -0005.7447                     +0000.2077           
Elevation     dd +0000.0747 +0000.0499                     -0000.0248           
Machine Serial Number: SVW5001902                                     Page:    5
================================================================================
Feature      Unit   Nominal     Actual      Tolerances      Deviation   Exceeded
================================================================================
 
Step 60 - Axial upper edge
X Location    mm -0098.7376 -0099.0157                     +0000.2781           
Y Location    mm +0059.3640 +0059.3660                     +0000.0020           
Z Location    mm -0007.0722 -0007.0954                     +0000.0232           
3D Straightn  mm            +0000.0033                     +0000.0033           
XY Angle      dd +0179.7670 +0179.9812                     +0000.2142           
Elevation     dd -0000.0261 -0000.2873                     -0000.2613           
 
Step 61 - Axial lower edge
X Location    mm -0159.8084 -0159.8878                     +0000.0794           
Y Location    mm +0019.0150 +0019.0393                     +0000.0243           
Z Location    mm -0006.9531 -0006.8410                     -0000.1121           
3D Straightn  mm            +0000.0021                     +0000.0021           
XY Angle      dd -0000.2407 -0000.0226                     +0000.2181           
Elevation     dd +0000.0442 -0000.0472                     -0000.0913           
 
Step 62 - Stereo sensor plane
X Location    mm -0137.0900 -0137.1901                     +0000.1002           
Y Location    mm +0039.9010 +0039.9249                     +0000.0239           
Z Location    mm +0000.8780 +0000.8493                     -0000.0287           
Flatness      mm            +0000.0446 +000.2000           +0000.0446    +      
XY Angle      dd -0094.7647 +0072.7377                     +0167.5024           
Elevation     dd -0089.9523 -0089.7953                     +0000.1571           
 
Step 63 - Axial sensor plane
X Location    mm -0139.4901 -0139.6455                     +0000.1554           
Y Location    mm +0035.2640 +0035.2658                     +0000.0018           
Z Location    mm -0007.0039 -0006.9400                     -0000.0638           
Flatness      mm            +0000.1268 +000.2000           +0000.1268    +++    
XY Angle      dd +0099.1545 +0097.1020                     -0002.0525           
Elevation     dd +0089.7717 +0089.5294                     -0000.2423           
 
Step 64 - Axial sensor corner
X Location    mm            -0180.4331                                          
Y Location    mm            +0019.0474                                          
Z Location    mm            -0006.8258                                          
 
Step 65 - Origin ball reference
X Location    mm            -0259.1764                                          
Y Location    mm            +0053.6084                                          
Z Location    mm            +0009.3035                                          
 
Step 66 - Axis ball reference
X Location    mm            +0055.7697                                          
Y Location    mm            +0053.4190                                          
Z Location    mm            +0009.5487                                          
Machine Serial Number: SVW5001902                                     Page:    6
================================================================================
Feature      Unit   Nominal     Actual      Tolerances      Deviation   Exceeded
================================================================================
 
Step 67 - Diagonal ball reference
X Location    mm            -0259.1492                                          
Y Location    mm            +0028.1018                                          
Z Location    mm            -0015.7895                                          
