Machine Serial Number: SVW5001902                                     Page:    1
================================================================================
Routine Name                                     Run #       Date & Time        
================================================================================
L123_front_6.RTN                                     1 Thu Oct 23 18:58:08 2014
================================================================================
================================================================================
Feature      Unit   Nominal     Actual      Tolerances      Deviation   Exceeded
================================================================================
 
Step 1 - Cold block face, focus
X Location    mm +0216.1241 +0216.1245                     +0000.0003           
Y Location    mm -0028.7074 -0028.7075                     +0000.0001           
Z Location    mm -0016.0614 -0016.0512                     -0000.0102           
Flatness      mm            +0000.0007 +000.0100           +0000.0007    +      
XY Angle      dd -0074.8722 -0069.7678                     +0005.1044           
Elevation     dd +0089.8699 +0089.8969                     +0000.0271           
 
Step 3 - Cold block face, touch
X Location    mm +0215.4933 +0215.4936                     +0000.0003           
Y Location    mm -0027.5842 -0027.5848                     +0000.0005           
Z Location    mm +0000.0000 -0000.0218 +000.0500 -000.0500 -0000.0218    --     
Flatness      mm            +0000.0018 +000.0100           +0000.0018    +      
XY Angle      dd +0159.2971 -0161.7954                     +0038.9075           
Elevation     dd +0089.9964 +0089.9978                     +0000.0014           
 
Step 4 - Axis ball, touch
Sphere Diame  mm +0006.3500 +0006.3520 +000.0100 -000.0100 +0000.0020    +      
X Location    mm +0309.8200 +0309.8293                     +0000.0093           
Y Location    mm -0005.9540 -0005.9483                     -0000.0057           
Z Location    mm +0009.7136 +0009.7461                     +0000.0325           
Sphericity    mm            +0000.0030 +000.0100           +0000.0030    ++     
 
Step 5 - Origin ball, touch
Sphere Diame  mm +0006.3500 +0006.3507 +000.0100 -000.0100 +0000.0007    +      
X Location    mm -0005.1230 -0005.1176                     -0000.0054           
Y Location    mm -0005.9020 -0005.8944                     -0000.0076           
Z Location    mm +0009.5400 +0009.4961                     -0000.0439           
Sphericity    mm            +0000.0040 +000.0100           +0000.0040    ++     
 
Step 6 - Diagonal ball, touch
Sphere Diame  mm +0006.3500 +0006.3524 +000.0100 -000.0100 +0000.0024    +      
X Location    mm -0005.0760 -0005.0784                     +0000.0024           
Y Location    mm -0031.3310 -0031.3122                     -0000.0188           
Z Location    mm -0015.7224 -0015.6876                     -0000.0348           
Sphericity    mm            +0000.0051 +000.0100           +0000.0051    +++    
 
Step 9 - Stereo fiducial 1, Z
Z Location    mm +0000.8245 +0000.9739                     +0000.1494           
Machine Serial Number: SVW5001902                                     Page:    2
================================================================================
Feature      Unit   Nominal     Actual      Tolerances      Deviation   Exceeded
================================================================================
 
Step 11 - Stereo fiducial 1, XY
Diameter      mm +0000.1900 +0000.1844 +000.0100 -000.0200 -0000.0056    --     
X Location    mm -0128.4440 -0128.3976                     -0000.0464           
Y Location    mm +0059.1630 +0059.1553                     -0000.0077           
2D Circulari  mm            +0000.0016 +000.0100           +0000.0016    +      
 
Step 13 - Stereo fiducial 2, Z
Z Location    mm +0000.8860 +0000.9816                     +0000.0956           
 
Step 15 - Stereo fiducial 2, XY
Diameter      mm +0000.1900 +0000.1886 +000.0100 -000.0200 -0000.0014    -      
X Location    mm -0150.4632 -0150.6091                     +0000.1459           
Y Location    mm +0061.3390 +0061.3907                     +0000.0517           
2D Circulari  mm            +0000.0026 +000.0100           +0000.0026    ++     
 
Step 17 - Stereo fiducial 3, Z
Z Location    mm +0000.9148 +0000.9681                     +0000.0533           
 
Step 19 - Stereo fiducial 3, XY
Diameter      mm +0000.1900 +0000.1892 +000.0100 -000.0200 -0000.0008    -      
X Location    mm -0177.7931 -0177.9477                     +0000.1547           
Y Location    mm +0064.0790 +0064.1402                     +0000.0612           
2D Circulari  mm            +0000.0023 +000.0100           +0000.0023    +      
 
Step 21 - Stereo fiducial 4, Z
Z Location    mm +0000.8861 +0000.9769                     +0000.0908           
 
Step 23 - Stereo fiducial 4, XY
Diameter      mm +0000.1900 +0000.1840 +000.0100 -000.0200 -0000.0060    --     
X Location    mm -0179.8639 -0179.9466                     +0000.0826           
Y Location    mm +0044.2090 +0044.2689                     +0000.0599           
2D Circulari  mm            +0000.0024 +000.0100           +0000.0024    +      
 
Step 25 - Stereo fiducial 5, Z
Z Location    mm +0000.8376 +0000.9645                     +0000.1269           
 
Step 27 - Stereo fiducial 5, XY
Diameter      mm +0000.1900 +0000.1872 +000.0100 -000.0200 -0000.0028    -      
X Location    mm -0181.9364 -0181.9489                     +0000.0125           
Y Location    mm +0024.3380 +0024.4046                     +0000.0666           
2D Circulari  mm            +0000.0009 +000.0100           +0000.0009    +      
 
Step 29 - Stereo fiducial 6, Z
Z Location    mm +0000.8676 +0001.0224                     +0000.1547           
Machine Serial Number: SVW5001902                                     Page:    3
================================================================================
Feature      Unit   Nominal     Actual      Tolerances      Deviation   Exceeded
================================================================================
 
Step 31 - Stereo fiducial 6, XY
Diameter      mm +0000.1900 +0000.1842 +000.0100 -000.0200 -0000.0058    --     
X Location    mm -0154.6069 -0154.6081                     +0000.0012           
Y Location    mm +0021.5990 +0021.6494                     +0000.0504           
2D Circulari  mm            +0000.0025 +000.0100           +0000.0025    +      
 
Step 33 - Stereo fiducial 7, Z
Z Location    mm +0000.9030 +0001.0444                     +0000.1414           
 
Step 35 - Stereo fiducial 7, XY
Diameter      mm +0000.1900 +0000.1838 +000.0100 -000.0200 -0000.0062    --     
X Location    mm -0132.4052 -0132.3987                     -0000.0065           
Y Location    mm +0019.3720 +0019.4163                     +0000.0443           
2D Circulari  mm            +0000.0018 +000.0100           +0000.0018    +      
 
Step 37 - Stereo focus 1
X Location    mm -0090.4464 -0090.4999                     +0000.0535           
Y Location    mm +0016.5790 +0016.5741                     -0000.0049           
Z Location    mm +0000.9572 +0001.0010                     +0000.0438           
 
Step 38 - Stereo focus 2
X Location    mm -0090.3200 -0090.5623                     +0000.2423           
Y Location    mm +0053.7170 +0053.7191                     +0000.0021           
Z Location    mm +0000.8051 +0000.8798                     +0000.0748           
 
Step 39 - Stereo focus 3
X Location    mm -0090.3841 -0090.5288                     +0000.1447           
Y Location    mm +0034.8940 +0034.8925                     -0000.0015           
Z Location    mm +0000.8790 +0000.9477                     +0000.0687           
 
Step 40 - Stereo focus 4
X Location    mm -0131.5071 -0131.6915                     +0000.1844           
Y Location    mm +0039.6750 +0039.6773                     +0000.0023           
Z Location    mm +0000.8967 +0001.0260                     +0000.1293           
 
Step 41 - Axial corner Z
Z Location    mm -0006.9683 -0006.9358                     -0000.0325           
 
Step 43 - Axial corner, left edge
X Location    mm -0180.3793 -0180.3759                     -0000.0035           
Y Location    mm +0019.5620 +0019.5598                     -0000.0022           
2D Straightn  mm            +0000.0046 +000.0100           +0000.0046    ++     
XY Angle      dd -0090.0000 -0089.9720 +001.0000 -001.0000 +0000.0280    +      
Machine Serial Number: SVW5001902                                     Page:    4
================================================================================
Feature      Unit   Nominal     Actual      Tolerances      Deviation   Exceeded
================================================================================
 
Step 44 - Axial corner, lower edge
X Location    mm -0179.7449 -0179.8471                     +0000.1023           
Y Location    mm +0019.0110 +0019.0925                     +0000.0815           
2D Straightn  mm            +0000.0004 +000.0100           +0000.0004    +      
XY Angle      dd +0000.0000 -0000.0004 +001.0000 -001.0000 -0000.0004           
 
Step 46 - Axial lower edge Z
Z Location    mm -0006.9389 -0006.9734                     +0000.0345           
 
Step 48 - Axial lower edge, XY
X Location    mm -0139.8504 -0139.9328                     +0000.0824           
Y Location    mm +0019.0110 +0019.0769                     +0000.0659           
2D Straightn  mm            +0000.0009 +000.0100           +0000.0009    +      
XY Angle      dd +0000.0000 -0000.0175 +001.0000 -001.0000 -0000.0175    -      
 
Step 50 - Axial upper edge 1, Z
Z Location    mm -0007.0661 -0007.0163                     -0000.0498           
 
Step 52 - Axial upper edge 1, XY
X Location    mm -0082.8706 -0083.1517                     +0000.2811           
Y Location    mm +0059.3640 +0059.4050                     +0000.0410           
2D Straightn  mm            +0000.0021 +000.0100           +0000.0021    +      
XY Angle      dd +0180.0000 +0179.9677 +001.0000 -001.0000 -0000.0323    -      
 
Step 54 - Axial upper edge 2, Z
Z Location    mm -0007.0802 -0007.0736                     -0000.0066           
 
Step 56 - Axial upper edge 2, XY
X Location    mm -0114.6053 -0114.8604                     +0000.2550           
Y Location    mm +0059.3690 +0059.4158                     +0000.0468           
2D Straightn  mm            +0000.0006 +000.0100           +0000.0006    +      
XY Angle      dd +0180.0000 +0179.9759 +001.0000 -001.0000 -0000.0241    -      
 
Step 58 - Stereo upper fiducial line
X Location    mm -0153.0282 -0153.1726                     +0000.1444           
Y Location    mm +0061.5960 +0061.6480                     +0000.0520           
Z Location    mm +0000.8759 +0000.9749                     +0000.0990           
3D Straightn  mm            +0000.0114                     +0000.0114           
XY Angle      dd -0005.9531 -0005.7447                     +0000.2083           
Elevation     dd -0000.1055 +0000.0073                     +0000.1129           
 
Step 59 - Stereo lower fiducial line
X Location    mm -0157.1708 -0157.1739                     +0000.0031           
Y Location    mm +0021.8550 +0021.9096                     +0000.0546           
Z Location    mm +0000.8691 +0001.0097                     +0000.1406           
3D Straightn  mm            +0000.0146                     +0000.0146           
XY Angle      dd -0005.9524 -0005.7489                     +0000.2035           
Elevation     dd +0000.0747 +0000.0933                     +0000.0186           
Machine Serial Number: SVW5001902                                     Page:    5
================================================================================
Feature      Unit   Nominal     Actual      Tolerances      Deviation   Exceeded
================================================================================
 
Step 60 - Axial upper edge
X Location    mm -0098.7376 -0099.0133                     +0000.2757           
Y Location    mm +0059.3640 +0059.4104                     +0000.0464           
Z Location    mm -0007.0722 -0007.0447                     -0000.0275           
3D Straightn  mm            +0000.0022                     +0000.0022           
XY Angle      dd +0179.7670 +0179.9804                     +0000.2134           
Elevation     dd -0000.0261 -0000.1025                     -0000.0764           
 
Step 61 - Axial lower edge
X Location    mm -0159.8084 -0159.8882                     +0000.0798           
Y Location    mm +0019.0150 +0019.0847                     +0000.0697           
Z Location    mm -0006.9531 -0006.9527                     -0000.0004           
3D Straightn  mm            +0000.0013                     +0000.0013           
XY Angle      dd -0000.2407 -0000.0223                     +0000.2184           
Elevation     dd +0000.0442 -0000.0512                     -0000.0953           
 
Step 62 - Stereo sensor plane
X Location    mm -0137.0900 -0137.1945                     +0000.1045           
Y Location    mm +0039.9010 +0039.9353                     +0000.0343           
Z Location    mm +0000.8780 +0000.9809                     +0000.1029           
Flatness      mm            +0000.1081 +000.2000           +0000.1081    +++    
XY Angle      dd -0094.7647 -0107.9221                     -0013.1574           
Elevation     dd -0089.9523 -0089.9162                     +0000.0361           
 
Step 63 - Axial sensor plane
X Location    mm -0139.4901 -0139.6336                     +0000.1435           
Y Location    mm +0035.2640 +0035.3100                     +0000.0460           
Z Location    mm -0007.0039 -0006.9861                     -0000.0177           
Flatness      mm            +0000.0580 +000.2000           +0000.0580    ++     
XY Angle      dd +0099.1545 +0088.9777                     -0010.1768           
Elevation     dd +0089.7717 +0089.8650                     +0000.0934           
 
Step 64 - Axial sensor corner
X Location    mm            -0180.3757                                          
Y Location    mm            +0019.0927                                          
Z Location    mm            -0006.9352                                          
 
Step 65 - Origin ball reference
X Location    mm            -0259.1798                                          
Y Location    mm            +0053.5918                                          
Z Location    mm            +0009.4961                                          
 
Step 66 - Axis ball reference
X Location    mm            +0055.7671                                          
Y Location    mm            +0053.4190                                          
Z Location    mm            +0009.7461                                          
Machine Serial Number: SVW5001902                                     Page:    6
================================================================================
Feature      Unit   Nominal     Actual      Tolerances      Deviation   Exceeded
================================================================================
 
Step 67 - Diagonal ball reference
X Location    mm            -0259.1502                                          
Y Location    mm            +0028.1740                                          
Z Location    mm            -0015.6876                                          
Machine Serial Number: SVW5001902                                     Page:    1
================================================================================
Routine Name                                     Run #       Date & Time        
================================================================================
L123_front_6.RTN                                     1 Wed Oct 29 17:19:57 2014
================================================================================
================================================================================
Feature      Unit   Nominal     Actual      Tolerances      Deviation   Exceeded
================================================================================
 
Step 1 - Cold block face, focus
X Location    mm +0216.1241 +0216.1251                     +0000.0010           
Y Location    mm -0028.7074 -0028.7082                     +0000.0008           
Z Location    mm -0016.0614 -0016.0558                     -0000.0055           
Flatness      mm            +0000.0033 +000.0100           +0000.0033    ++     
XY Angle      dd -0074.8722 -0080.6688                     -0005.7966           
Elevation     dd +0089.8699 +0089.7588                     -0000.1110           
 
Step 3 - Cold block face, touch
X Location    mm +0215.4933 +0215.4915                     -0000.0019           
Y Location    mm -0027.5842 -0027.5845                     +0000.0003           
Z Location    mm +0000.0000 -0000.0221 +000.0500 -000.0500 -0000.0221    --     
Flatness      mm            +0000.0042 +000.0100           +0000.0042    ++     
XY Angle      dd +0159.2971 -0088.0173                     -0247.3144           
Elevation     dd +0089.9964 +0089.9986                     +0000.0022           
 
Step 4 - Axis ball, touch
Sphere Diame  mm +0006.3500 +0006.3525 +000.0100 -000.0100 +0000.0025    +      
X Location    mm +0309.8200 +0309.8315                     +0000.0115           
Y Location    mm -0005.9540 -0005.9648                     +0000.0108           
Z Location    mm +0009.7136 +0009.6209                     -0000.0927           
Sphericity    mm            +0000.0037 +000.0100           +0000.0037    ++     
 
Step 5 - Origin ball, touch
Sphere Diame  mm +0006.3500 +0006.3507 +000.0100 -000.0100 +0000.0007    +      
X Location    mm -0005.1230 -0005.1161                     -0000.0069           
Y Location    mm -0005.9020 -0005.9065                     +0000.0045           
Z Location    mm +0009.5400 +0009.3837                     -0000.1563           
Sphericity    mm            +0000.0037 +000.0100           +0000.0037    ++     
 
Step 6 - Diagonal ball, touch
Sphere Diame  mm +0006.3500 +0006.3520 +000.0100 -000.0100 +0000.0020    +      
X Location    mm -0005.0760 -0005.0792                     +0000.0032           
Y Location    mm -0031.3310 -0031.3802                     +0000.0492           
Z Location    mm -0015.7224 -0015.7442                     +0000.0218           
Sphericity    mm            +0000.0049 +000.0100           +0000.0049    ++     
 
Step 9 - Stereo fiducial 1, Z
Z Location    mm +0000.8245 +0000.9391                     +0000.1146           
Machine Serial Number: SVW5001902                                     Page:    2
================================================================================
Feature      Unit   Nominal     Actual      Tolerances      Deviation   Exceeded
================================================================================
 
Step 11 - Stereo fiducial 1, XY
Diameter      mm +0000.1900 +0000.1850 +000.0100 -000.0200 -0000.0050    --     
X Location    mm -0128.4440 -0128.4557                     +0000.0117           
Y Location    mm +0059.1630 +0059.1339                     -0000.0291           
2D Circulari  mm            +0000.0023 +000.0100           +0000.0023    +      
 
Step 13 - Stereo fiducial 2, Z
Z Location    mm +0000.8860 +0000.9130                     +0000.0271           
 
Step 15 - Stereo fiducial 2, XY
Diameter      mm +0000.1900 +0000.1851 +000.0100 -000.0200 -0000.0049    -      
X Location    mm -0150.4632 -0150.6638                     +0000.2006           
Y Location    mm +0061.3390 +0061.3681                     +0000.0291           
2D Circulari  mm            +0000.0019 +000.0100           +0000.0019    +      
 
Step 17 - Stereo fiducial 3, Z
Z Location    mm +0000.9148 +0000.8594                     -0000.0554           
 
Step 19 - Stereo fiducial 3, XY
Diameter      mm +0000.1900 +0000.1857 +000.0100 -000.0200 -0000.0043    -      
X Location    mm -0177.7931 -0178.0062                     +0000.2132           
Y Location    mm +0064.0790 +0064.1194                     +0000.0404           
2D Circulari  mm            +0000.0026 +000.0100           +0000.0026    ++     
 
Step 21 - Stereo fiducial 4, Z
Z Location    mm +0000.8861 +0000.8890                     +0000.0029           
 
Step 23 - Stereo fiducial 4, XY
Diameter      mm +0000.1900 +0000.1826 +000.0100 -000.0200 -0000.0074    --     
X Location    mm -0179.8639 -0180.0044                     +0000.1405           
Y Location    mm +0044.2090 +0044.2512                     +0000.0422           
2D Circulari  mm            +0000.0022 +000.0100           +0000.0022    +      
 
Step 25 - Stereo fiducial 5, Z
Z Location    mm +0000.8376 +0000.8928                     +0000.0552           
 
Step 27 - Stereo fiducial 5, XY
Diameter      mm +0000.1900 +0000.1864 +000.0100 -000.0200 -0000.0036    -      
X Location    mm -0181.9364 -0182.0048                     +0000.0684           
Y Location    mm +0024.3380 +0024.3812                     +0000.0432           
2D Circulari  mm            +0000.0026 +000.0100           +0000.0026    ++     
 
Step 29 - Stereo fiducial 6, Z
Z Location    mm +0000.8676 +0000.9813                     +0000.1136           
Machine Serial Number: SVW5001902                                     Page:    3
================================================================================
Feature      Unit   Nominal     Actual      Tolerances      Deviation   Exceeded
================================================================================
 
Step 31 - Stereo fiducial 6, XY
Diameter      mm +0000.1900 +0000.1850 +000.0100 -000.0200 -0000.0050    --     
X Location    mm -0154.6069 -0154.6642                     +0000.0574           
Y Location    mm +0021.5990 +0021.6292                     +0000.0302           
2D Circulari  mm            +0000.0016 +000.0100           +0000.0016    +      
 
Step 33 - Stereo fiducial 7, Z
Z Location    mm +0000.9030 +0001.0316                     +0000.1286           
 
Step 35 - Stereo fiducial 7, XY
Diameter      mm +0000.1900 +0000.1856 +000.0100 -000.0200 -0000.0044    -      
X Location    mm -0132.4052 -0132.4551                     +0000.0499           
Y Location    mm +0019.3720 +0019.3947                     +0000.0227           
2D Circulari  mm            +0000.0025 +000.0100           +0000.0025    ++     
 
Step 37 - Stereo focus 1
X Location    mm -0090.4464 -0090.5004                     +0000.0540           
Y Location    mm +0016.5790 +0016.5744                     -0000.0046           
Z Location    mm +0000.9572 +0001.0193                     +0000.0620           
 
Step 38 - Stereo focus 2
X Location    mm -0090.3200 -0090.5628                     +0000.2428           
Y Location    mm +0053.7170 +0053.7189                     +0000.0019           
Z Location    mm +0000.8051 +0000.8832                     +0000.0782           
 
Step 39 - Stereo focus 3
X Location    mm -0090.3841 -0090.5284                     +0000.1444           
Y Location    mm +0034.8940 +0034.8927                     -0000.0013           
Z Location    mm +0000.8790 +0000.9591                     +0000.0801           
 
Step 40 - Stereo focus 4
X Location    mm -0131.5071 -0131.6918                     +0000.1847           
Y Location    mm +0039.6750 +0039.6773                     +0000.0023           
Z Location    mm +0000.8967 +0000.9992                     +0000.1024           
 
Step 41 - Axial corner Z
Z Location    mm -0006.9683 -0007.0502                     +0000.0818           
 
Step 43 - Axial corner, left edge
X Location    mm -0180.3793 -0180.4388                     +0000.0595           
Y Location    mm +0019.5620 +0019.5595                     -0000.0025           
2D Straightn  mm            +0000.0063 +000.0100           +0000.0063    +++    
XY Angle      dd -0090.0000 -0090.2004 +001.0000 -001.0000 -0000.2004    -      
Machine Serial Number: SVW5001902                                     Page:    4
================================================================================
Feature      Unit   Nominal     Actual      Tolerances      Deviation   Exceeded
================================================================================
 
Step 44 - Axial corner, lower edge
X Location    mm -0179.7449 -0179.8465                     +0000.1017           
Y Location    mm +0019.0110 +0019.0447                     +0000.0337           
2D Straightn  mm            +0000.0004 +000.0100           +0000.0004    +      
XY Angle      dd +0000.0000 -0000.0167 +001.0000 -001.0000 -0000.0167    -      
 
Step 46 - Axial lower edge Z
Z Location    mm -0006.9389 -0007.0761                     +0000.1372           
 
Step 48 - Axial lower edge, XY
X Location    mm -0139.8504 -0139.9334                     +0000.0830           
Y Location    mm +0019.0110 +0019.0306                     +0000.0196           
2D Straightn  mm            +0000.0009 +000.0100           +0000.0009    +      
XY Angle      dd +0000.0000 -0000.0173 +001.0000 -001.0000 -0000.0173    -      
 
Step 50 - Axial upper edge 1, Z
Z Location    mm -0007.0661 -0007.0348                     -0000.0312           
 
Step 52 - Axial upper edge 1, XY
X Location    mm -0082.8706 -0083.1515                     +0000.2809           
Y Location    mm +0059.3640 +0059.3570                     -0000.0070           
2D Straightn  mm            +0000.0013 +000.0100           +0000.0013    +      
XY Angle      dd +0180.0000 +0179.9968 +001.0000 -001.0000 -0000.0032           
 
Step 54 - Axial upper edge 2, Z
Z Location    mm -0007.0802 -0007.1512                     +0000.0710           
 
Step 56 - Axial upper edge 2, XY
X Location    mm -0114.6053 -0114.8593                     +0000.2539           
Y Location    mm +0059.3690 +0059.3688                     -0000.0002           
2D Straightn  mm            +0000.0005 +000.0100           +0000.0005    +      
XY Angle      dd +0180.0000 +0179.9849 +001.0000 -001.0000 -0000.0151    -      
 
Step 58 - Stereo upper fiducial line
X Location    mm -0153.0282 -0153.2310                     +0000.2027           
Y Location    mm +0061.5960 +0061.6266                     +0000.0306           
Z Location    mm +0000.8759 +0000.9023                     +0000.0264           
3D Straightn  mm            +0000.0102                     +0000.0102           
XY Angle      dd -0005.9531 -0005.7455                     +0000.2075           
Elevation     dd -0000.1055 +0000.0916                     +0000.1971           
 
Step 59 - Stereo lower fiducial line
X Location    mm -0157.1708 -0157.2300                     +0000.0592           
Y Location    mm +0021.8550 +0021.8878                     +0000.0328           
Z Location    mm +0000.8691 +0000.9668                     +0000.0977           
3D Straightn  mm            +0000.0122                     +0000.0122           
XY Angle      dd -0005.9524 -0005.7467                     +0000.2058           
Elevation     dd +0000.0747 +0000.1607                     +0000.0861           
Machine Serial Number: SVW5001902                                     Page:    5
================================================================================
Feature      Unit   Nominal     Actual      Tolerances      Deviation   Exceeded
================================================================================
 
Step 60 - Axial upper edge
X Location    mm -0098.7376 -0099.0123                     +0000.2747           
Y Location    mm +0059.3640 +0059.3629                     -0000.0011           
Z Location    mm -0007.0722 -0007.0920                     +0000.0198           
3D Straightn  mm            +0000.0023                     +0000.0023           
XY Angle      dd +0179.7670 +0179.9788                     +0000.2117           
Elevation     dd -0000.0261 -0000.2108                     -0000.1847           
 
Step 61 - Axial lower edge
X Location    mm -0159.8084 -0159.8879                     +0000.0795           
Y Location    mm +0019.0150 +0019.0377                     +0000.0227           
Z Location    mm -0006.9531 -0007.0625                     +0000.1094           
3D Straightn  mm            +0000.0011                     +0000.0011           
XY Angle      dd -0000.2407 -0000.0203                     +0000.2204           
Elevation     dd +0000.0442 -0000.0341                     -0000.0782           
 
Step 62 - Stereo sensor plane
X Location    mm -0137.0900 -0137.2307                     +0000.1407           
Y Location    mm +0039.9010 +0039.9219                     +0000.0209           
Z Location    mm +0000.8780 +0000.9426                     +0000.0646           
Flatness      mm            +0000.1107 +000.2000           +0000.1107    +++    
XY Angle      dd -0094.7647 -0074.2452                     +0020.5195           
Elevation     dd -0089.9523 -0089.8728                     +0000.0795           
 
Step 63 - Axial sensor plane
X Location    mm -0139.4901 -0139.6459                     +0000.1558           
Y Location    mm +0035.2640 +0035.2721                     +0000.0081           
Z Location    mm -0007.0039 -0007.0720                     +0000.0682           
Flatness      mm            +0000.0928 +000.2000           +0000.0928    ++     
XY Angle      dd +0099.1545 +0109.7586                     +0010.6041           
Elevation     dd +0089.7717 +0089.8726                     +0000.1009           
 
Step 64 - Axial sensor corner
X Location    mm            -0180.4406                                          
Y Location    mm            +0019.0449                                          
Z Location    mm            -0007.0507                                          
 
Step 65 - Origin ball reference
X Location    mm            -0259.1839                                          
Y Location    mm            +0053.5717                                          
Z Location    mm            +0009.3837                                          
 
Step 66 - Axis ball reference
X Location    mm            +0055.7637                                          
Y Location    mm            +0053.4190                                          
Z Location    mm            +0009.6209                                          
Machine Serial Number: SVW5001902                                     Page:    6
================================================================================
Feature      Unit   Nominal     Actual      Tolerances      Deviation   Exceeded
================================================================================
 
Step 67 - Diagonal ball reference
X Location    mm            -0259.1546                                          
Y Location    mm            +0028.0981                                          
Z Location    mm            -0015.7442                                          
