Machine Serial Number: SVW5001902                                     Page:    1
================================================================================
Routine Name                                     Run #       Date & Time        
================================================================================
L456_front_3.RTN                                     1 Wed Oct 29 14:06:22 2014
================================================================================
================================================================================
Feature      Unit   Nominal     Actual      Tolerances      Deviation   Exceeded
================================================================================
 
Step 1 - Cold block face, focus
X Location    mm +0334.0834 +0334.0839                     +0000.0005           
Y Location    mm -0024.2142 -0024.2142                     +0000.0000           
Z Location    mm -0016.1669 -0016.0423                     -0000.1246           
Flatness      mm            +0000.0041 +000.0100           +0000.0041    ++     
XY Angle      dd -0135.3048 -0085.5669                     +0049.7380           
Elevation     dd +0090.0000 +0089.8680 +000.0000 -001.0000 -0000.1320    -      
 
Step 3 - Cold block face, touch
X Location    mm +0338.5042 +0338.5072                     +0000.0029           
Y Location    mm -0029.8703 -0029.8715                     +0000.0011           
Z Location    mm +0000.0000 -0000.0229 +000.0500 -000.0500 -0000.0229    --     
Flatness      mm            +0000.0028 +000.0100           +0000.0028    ++     
XY Angle      dd -0160.8370 +0170.2377                     -0028.9253           
Elevation     dd +0090.0000 +0089.9962 +000.0000 -001.0000 -0000.0038           
 
Step 4 - Axis ball, touch
Sphere Diame  mm +0006.3500 +0006.3525 +000.0100 -000.0100 +0000.0025    ++     
X Location    mm +0417.7587 +0417.7822                     +0000.0235           
Y Location    mm -0005.9292 -0005.9313                     +0000.0021           
Z Location    mm +0010.3045 +0010.2841                     -0000.0204           
Sphericity    mm            +0000.0066 +000.0100           +0000.0066    +++    
 
Step 5 - Origin ball, touch
Sphere Diame  mm +0006.3500 +0006.3496 +000.0100 -000.0100 -0000.0004    -      
X Location    mm -0005.1002 -0005.0826                     -0000.0176           
Y Location    mm -0006.0192 -0006.0189                     -0000.0003           
Z Location    mm +0010.7148 +0010.3764                     -0000.3384           
Sphericity    mm            +0000.0054 +000.0100           +0000.0054    +++    
 
Step 6 - Diagonal ball, touch
Sphere Diame  mm +0006.3500 +0006.3556 +000.0100 -000.0100 +0000.0056    +++    
X Location    mm -0005.1677 -0005.1305                     -0000.0372           
Y Location    mm -0031.4201 -0031.4583                     +0000.0382           
Z Location    mm -0014.5376 -0014.8373                     +0000.2997           
Sphericity    mm            +0000.0029 +000.0100           +0000.0029    ++     
 
Step 9 - Stereo block fiducial 1, Z
Z Location    mm            +0001.4173                                          
Machine Serial Number: SVW5001902                                     Page:    1
================================================================================
Routine Name                                     Run #       Date & Time        
================================================================================
L456_front_3.RTN                                     2 Wed Oct 29 14:11:40 2014
================================================================================
================================================================================
Feature      Unit   Nominal     Actual      Tolerances      Deviation   Exceeded
================================================================================
 
Step 42 - Stereo block focus 2
X Location    mm            -0064.7226                                          
Y Location    mm            +0049.3031                                          
Z Location    mm            +0001.4833                                          
 
Step 43 - Stereo block focus 3
X Location    mm            -0064.7560                                          
Y Location    mm            +0031.5270                                          
Z Location    mm            +0001.4728                                          
 
Step 44 - Stereo block focus 4
X Location    mm            -0104.7784                                          
Y Location    mm            +0032.4243                                          
Z Location    mm            +0001.4496                                          
 
Step 45 - Stereo block focus 5
X Location    mm            -0150.7686                                          
Y Location    mm            +0053.3672                                          
Z Location    mm            +0001.3473                                          
 
Step 46 - Stereo block focus 6
X Location    mm            -0150.7943                                          
Y Location    mm            +0033.8988                                          
Z Location    mm            +0001.3961                                          
 
Step 47 - Stereo block focus 7
X Location    mm            -0151.3643                                          
Y Location    mm            +0016.2264                                          
Z Location    mm            +0001.4152                                          
 
Step 48 - Stereo lever focus 1
X Location    mm            -0159.6872                                          
Y Location    mm            +0016.4674                                          
Z Location    mm            +0001.4116                                          
 
Step 49 - Stereo lever focus 2
X Location    mm            -0159.6377                                          
Y Location    mm            +0053.8207                                          
Z Location    mm            +0001.3377                                          
Machine Serial Number: SVW5001902                                     Page:    2
================================================================================
Feature      Unit   Nominal     Actual      Tolerances      Deviation   Exceeded
================================================================================
 
Step 50 - Stereo lever focus 3
X Location    mm            -0159.6618                                          
Y Location    mm            +0034.7503                                          
Z Location    mm            +0001.3898                                          
 
Step 51 - Stereo lever focus 4
X Location    mm            -0184.8799                                          
Y Location    mm            +0036.9368                                          
Z Location    mm            +0001.3817                                          
 
Step 52 - Stereo lever focus 5
X Location    mm            -0251.0447                                          
Y Location    mm            +0037.0249                                          
Z Location    mm            +0001.3457                                          
 
Step 53 - Stereo lever focus 6
X Location    mm            -0249.4985                                          
Y Location    mm            +0058.3883                                          
Z Location    mm            +0001.2507                                          
 
Step 54 - Stereo lever focus 7
X Location    mm            -0251.4580                                          
Y Location    mm            +0021.1462                                          
Z Location    mm            +0001.4232                                          
 
Step 55 - Axial block edge 1, Z
Z Location    mm            -0006.0022                                          
 
Step 57 - Axial block edge 1, XY
X Location    mm -0067.4230 -0067.4240                     +0000.0010           
Y Location    mm +0055.2003 +0055.1564                     -0000.0439           
2D Straightn  mm            +0000.0019 +000.0100           +0000.0019    +      
XY Angle      dd -0180.0000 +0179.9909 +001.0000 -001.0000 -0000.0091           
 
Step 59 - Axial block edge 2, Z
Z Location    mm            -0006.2141                                          
 
Step 61 - Axial block edge 2, XY
X Location    mm -0147.9801 -0147.9936                     +0000.0135           
Y Location    mm +0055.1721 +0055.1474                     -0000.0247           
Z Location    mm +0000.0000 +0000.0011                     +0000.0011           
2D Straightn  mm            +0000.0008 +000.0100           +0000.0008    +      
XY Angle      dd +0180.0000 -0179.9404 +001.0000 -001.0000 +0000.0596    +      
Machine Serial Number: SVW5001902                                     Page:    1
================================================================================
Routine Name                                     Run #       Date & Time        
================================================================================
L456_front_3.RTN                                     3 Wed Oct 29 14:13:17 2014
================================================================================
================================================================================
Feature      Unit   Nominal     Actual      Tolerances      Deviation   Exceeded
================================================================================
 
Step 1 - Cold block face, focus
X Location    mm +0334.0834 +0334.0837                     +0000.0003           
Y Location    mm -0024.2142 -0024.2141                     -0000.0000           
Z Location    mm -0016.1669 -0016.0424                     -0000.1245           
Flatness      mm            +0000.0035 +000.0100           +0000.0035    ++     
XY Angle      dd -0135.3048 -0085.3839                     +0049.9209           
Elevation     dd +0090.0000 +0089.8670 +000.0000 -001.0000 -0000.1330    -      
 
Step 3 - Cold block face, touch
X Location    mm +0338.5042 +0338.5064                     +0000.0022           
Y Location    mm -0029.8703 -0029.8712                     +0000.0009           
Z Location    mm +0000.0000 -0000.0253 +000.0500 -000.0500 -0000.0253    ---    
Flatness      mm            +0000.0031 +000.0100           +0000.0031    ++     
XY Angle      dd -0160.8370 +0150.6716                     -0048.4914           
Elevation     dd +0090.0000 +0089.9947 +000.0000 -001.0000 -0000.0053           
 
Step 4 - Axis ball, touch
Sphere Diame  mm +0006.3500 +0006.3519 +000.0100 -000.0100 +0000.0019    +      
X Location    mm +0417.7587 +0417.7826                     +0000.0239           
Y Location    mm -0005.9292 -0005.9328                     +0000.0036           
Z Location    mm +0010.3045 +0010.2852                     -0000.0193           
Sphericity    mm            +0000.0065 +000.0100           +0000.0065    +++    
 
Step 5 - Origin ball, touch
Sphere Diame  mm +0006.3500 +0006.3503 +000.0100 -000.0100 +0000.0003    +      
X Location    mm -0005.1002 -0005.0811                     -0000.0191           
Y Location    mm -0006.0192 -0006.0185                     -0000.0007           
Z Location    mm +0010.7148 +0010.3731                     -0000.3417           
Sphericity    mm            +0000.0049 +000.0100           +0000.0049    ++     
 
Step 6 - Diagonal ball, touch
Sphere Diame  mm +0006.3500 +0006.3551 +000.0100 -000.0100 +0000.0051    +++    
X Location    mm -0005.1677 -0005.1288                     -0000.0389           
Y Location    mm -0031.4201 -0031.4579                     +0000.0378           
Z Location    mm -0014.5376 -0014.8391                     +0000.3015           
Sphericity    mm            +0000.0038 +000.0100           +0000.0038    ++     
 
Step 9 - Stereo block fiducial 1, Z
Z Location    mm            +0001.4153                                          
Machine Serial Number: SVW5001902                                     Page:    2
================================================================================
Feature      Unit   Nominal     Actual      Tolerances      Deviation   Exceeded
================================================================================
 
Step 11 - Stereo block fiducial 1, XY
Diameter      mm +0000.1900 +0000.1837 +000.0100 -000.0200 -0000.0063    --     
X Location    mm -0104.1754 -0104.3383                     +0000.1629           
Y Location    mm +0052.5053 +0052.4470                     -0000.0583           
2D Circulari  mm            +0000.0025 +000.0100           +0000.0025    ++     
 
Step 13 - Stereo block fiducial 2, Z
Z Location    mm            +0001.3814                                          
 
Step 15 - Stereo block fiducial 2, XY
Diameter      mm +0000.1900 +0000.1843 +000.0100 -000.0200 -0000.0057    --     
X Location    mm -0126.4689 -0126.6311                     +0000.1622           
Y Location    mm +0053.6058 +0053.5530                     -0000.0528           
2D Circulari  mm            +0000.0018 +000.0100           +0000.0018    +      
 
Step 17 - Stereo lever fiducial 1, Z
Z Location    mm            +0001.3098                                          
 
Step 19 - Stereo lever fiducial 1, XY
Diameter      mm +0000.1900 +0000.1842 +000.0100 -000.0200 -0000.0058    --     
X Location    mm -0182.7047 -0182.8388                     +0000.1341           
Y Location    mm +0056.3727 +0056.3219                     -0000.0508           
2D Circulari  mm            +0000.0011 +000.0100           +0000.0011    +      
 
Step 21 - Stereo lever fiducial 2, Z
Z Location    mm            +0001.2875                                          
 
Step 23 - Stereo lever fiducial 2, XY
Diameter      mm +0000.1900 +0000.1834 +000.0100 -000.0200 -0000.0066    --     
X Location    mm -0204.9968 -0205.1324                     +0000.1356           
Y Location    mm +0057.4755 +0057.4286                     -0000.0469           
2D Circulari  mm            +0000.0013 +000.0100           +0000.0013    +      
 
Step 25 - Stereo lever fiducial 3, Z
Z Location    mm            +0001.4242                                          
 
Step 27 - Stereo lever fiducial 3, XY
Diameter      mm +0000.1900 +0000.1828 +000.0100 -000.0200 -0000.0072    --     
X Location    mm -0206.9693 -0207.1140                     +0000.1447           
Y Location    mm +0017.5859 +0017.5395                     -0000.0463           
2D Circulari  mm            +0000.0010 +000.0100           +0000.0010    +      
 
Step 29 - Stereo lever fiducial 4, Z
Z Location    mm            +0001.4173                                          
Machine Serial Number: SVW5001902                                     Page:    3
================================================================================
Feature      Unit   Nominal     Actual      Tolerances      Deviation   Exceeded
================================================================================
 
Step 31 - Stereo lever fiducial 4, XY
Diameter      mm +0000.1900 +0000.1835 +000.0100 -000.0200 -0000.0065    --     
X Location    mm -0184.6766 -0184.8210                     +0000.1444           
Y Location    mm +0016.4836 +0016.4319                     -0000.0517           
2D Circulari  mm            +0000.0013 +000.0100           +0000.0013    +      
 
Step 33 - Stereo block fiducial 3, Z
Z Location    mm            +0001.4262                                          
 
Step 35 - Stereo block fiducial 3, XY
Diameter      mm +0000.1900 +0000.1843 +000.0100 -000.0200 -0000.0057    --     
X Location    mm -0128.4388 -0128.6105                     +0000.1717           
Y Location    mm +0013.7148 +0013.6631                     -0000.0517           
2D Circulari  mm            +0000.0010 +000.0100           +0000.0010    +      
 
Step 37 - Stereo block fiducial 4, Z
Z Location    mm            +0001.4410                                          
 
Step 39 - Stereo block fiducial 4, XY
Diameter      mm +0000.1900 +0000.1835 +000.0100 -000.0200 -0000.0065    --     
X Location    mm -0106.1454 -0106.3173                     +0000.1719           
Y Location    mm +0012.6141 +0012.5572                     -0000.0569           
2D Circulari  mm            +0000.0015 +000.0100           +0000.0015    +      
 
Step 41 - Stereo block focus 1
X Location    mm            -0064.7629                                          
Y Location    mm            +0012.0022                                          
Z Location    mm            +0001.4848                                          
 
Step 42 - Stereo block focus 2
X Location    mm            -0064.7232                                          
Y Location    mm            +0049.3032                                          
Z Location    mm            +0001.4823                                          
 
Step 43 - Stereo block focus 3
X Location    mm            -0064.7554                                          
Y Location    mm            +0031.5271                                          
Z Location    mm            +0001.4727                                          
 
Step 44 - Stereo block focus 4
X Location    mm            -0104.7784                                          
Y Location    mm            +0032.4245                                          
Z Location    mm            +0001.4484                                          
 
Step 45 - Stereo block focus 5
X Location    mm            -0150.7678                                          
Y Location    mm            +0053.3673                                          
Z Location    mm            +0001.3456                                          
Machine Serial Number: SVW5001902                                     Page:    4
================================================================================
Feature      Unit   Nominal     Actual      Tolerances      Deviation   Exceeded
================================================================================
 
Step 46 - Stereo block focus 6
X Location    mm            -0150.7943                                          
Y Location    mm            +0033.8989                                          
Z Location    mm            +0001.3929                                          
 
Step 47 - Stereo block focus 7
X Location    mm            -0151.3642                                          
Y Location    mm            +0016.2264                                          
Z Location    mm            +0001.4140                                          
 
Step 48 - Stereo lever focus 1
X Location    mm            -0159.6886                                          
Y Location    mm            +0016.4672                                          
Z Location    mm            +0001.4084                                          
 
Step 49 - Stereo lever focus 2
X Location    mm            -0159.6375                                          
Y Location    mm            +0053.8205                                          
Z Location    mm            +0001.3360                                          
 
Step 50 - Stereo lever focus 3
X Location    mm            -0159.6624                                          
Y Location    mm            +0034.7501                                          
Z Location    mm            +0001.3876                                          
 
Step 51 - Stereo lever focus 4
X Location    mm            -0184.8806                                          
Y Location    mm            +0036.9367                                          
Z Location    mm            +0001.3803                                          
 
Step 52 - Stereo lever focus 5
X Location    mm            -0251.0449                                          
Y Location    mm            +0037.0251                                          
Z Location    mm            +0001.3443                                          
 
Step 53 - Stereo lever focus 6
X Location    mm            -0249.4988                                          
Y Location    mm            +0058.3880                                          
Z Location    mm            +0001.2489                                          
 
Step 54 - Stereo lever focus 7
X Location    mm            -0251.4560                                          
Y Location    mm            +0021.1463                                          
Z Location    mm            +0001.4215                                          
 
Step 55 - Axial block edge 1, Z
Z Location    mm            -0006.0035                                          
Machine Serial Number: SVW5001902                                     Page:    5
================================================================================
Feature      Unit   Nominal     Actual      Tolerances      Deviation   Exceeded
================================================================================
 
Step 57 - Axial block edge 1, XY
X Location    mm -0067.4230 -0067.4233                     +0000.0003           
Y Location    mm +0055.2003 +0055.1530                     -0000.0473           
2D Straightn  mm            +0000.0022 +000.0100           +0000.0022    +      
XY Angle      dd -0180.0000 -0179.9922 +001.0000 -001.0000 +0000.0078           
 
Step 59 - Axial block edge 2, Z
Z Location    mm            -0006.2150                                          
 
Step 61 - Axial block edge 2, XY
X Location    mm -0147.9801 -0147.9933                     +0000.0132           
Y Location    mm +0055.1721 +0055.1416                     -0000.0305           
Z Location    mm +0000.0000 +0000.0011                     +0000.0011           
2D Straightn  mm            +0000.0007 +000.0100           +0000.0007    +      
XY Angle      dd +0180.0000 -0179.9334 +001.0000 -001.0000 +0000.0666    +      
 
Step 63 - Axial lever edge 1, Z
Z Location    mm            -0006.1572                                          
 
Step 65 - Axial lever edge 1, XY
X Location    mm -0163.2975 -0163.3180                     +0000.0206           
Y Location    mm +0014.8415 +0014.7669                     -0000.0746           
XY Angle      dd +0000.0000 +0000.0291 +001.0000 -001.0000 +0000.0291    +      
 
Step 67 - Axial lever edge 2, Z
Z Location    mm            -0006.0760                                          
 
Step 69 - Axial lever edge 2, XY
X Location    mm -0241.6360 -0241.7183                     +0000.0824           
Y Location    mm +0014.8204 +0014.7588                     -0000.0616           
XY Angle      dd +0000.0000 +0000.1356 +001.0000 -001.0000 +0000.1356    +      
 
Step 71 - Stereo block upper fiducial line
X Location    mm            -0115.4847                                          
Y Location    mm            +0053.0000                                          
Z Location    mm            +0001.3993                                          
XY Angle      dd            +0177.1598                                          
Elevation     dd            -0000.0867                                          
 
Step 72 - Stereo block lower fiducial line
X Location    mm            -0117.4639                                          
Y Location    mm            +0013.1102                                          
Z Location    mm            +0001.4347                                          
XY Angle      dd            +0177.1601                                          
Elevation     dd            -0000.0378                                          
Machine Serial Number: SVW5001902                                     Page:    6
================================================================================
Feature      Unit   Nominal     Actual      Tolerances      Deviation   Exceeded
================================================================================
 
Step 73 - Stereo lever upper fiducial line
X Location    mm            -0193.9856                                          
Y Location    mm            +0056.8752                                          
Z Location    mm            +0001.2988                                          
XY Angle      dd            -0002.8420                                          
Elevation     dd            +0000.0571                                          
 
Step 74 - Stereo lever lower fiducial line
X Location    mm            -0195.9675                                          
Y Location    mm            +0016.9857                                          
Z Location    mm            +0001.4220                                          
XY Angle      dd            -0002.8445                                          
Elevation     dd            -0000.0186                                          
 
Step 75 - Stereo block sensor plane
X Location    mm -0110.6683 -0110.6645                     -0000.0038           
Y Location    mm +0032.8395 +0032.8395                     +0000.0000           
Z Location    mm +0001.2934 +0001.4277                     +0000.1343           
Flatness      mm            +0000.0391 +000.2000           +0000.0391    +      
XY Angle      dd -0003.2006 -0041.2404                     -0038.0398           
Elevation     dd -0089.8013 -0089.9170                     -0000.1157           
 
Step 76 - Stereo lever sensor plane
X Location    mm -0199.5720 -0199.5741                     +0000.0021           
Y Location    mm +0036.9474 +0036.9474                     -0000.0000           
Z Location    mm +0001.2922 +0001.3605                     +0000.0683           
Flatness      mm            +0000.0559 +000.2000           +0000.0559    ++     
XY Angle      dd +0042.3098 +0095.4726                     +0053.1628           
Elevation     dd +0089.6807 +0089.8168                     +0000.1361           
 
Step 77 - Origin ball reference
X Location    mm            -0367.0575                                          
Y Location    mm            +0049.0908                                          
Z Location    mm            +0010.3731                                          
 
Step 78 - Axis ball reference
X Location    mm            +0055.8061                                          
Y Location    mm            +0049.3530                                          
Z Location    mm            +0010.2852                                          
 
Step 79 - Diagonal ball reference
X Location    mm            -0367.0946                                          
Y Location    mm            +0023.6514                                          
Z Location    mm            -0014.8391                                          
Machine Serial Number: SVW5001902                                     Page:    7
================================================================================
Feature      Unit   Nominal     Actual      Tolerances      Deviation   Exceeded
================================================================================
 
Step 80 - Axial block upper edge
X Location    mm -0107.7140 -0107.7139                     -0000.0001           
Y Location    mm +0055.1865 +0055.1473                     -0000.0392           
Z Location    mm -0005.9745 -0006.1081                     +0000.1336           
3D Straightn  mm            +0000.0024 +000.2000           +0000.0024    +      
XY Angle      dd -0180.0000 -0179.9919 +001.0000 -001.0000 +0000.0081           
Elevation     dd -0000.0000 -0000.1505 +001.0000 -001.0000 -0000.1505    -      
 
Step 81 - Axial lever lower edge
X Location    mm -0202.4737 -0202.4943                     +0000.0206           
Y Location    mm +0014.8309 +0014.7629                     -0000.0681           
Z Location    mm -0005.9329 -0006.1157                     +0000.1829           
3D Straightn  mm            +0000.0026 +000.2000           +0000.0026    +      
XY Angle      dd -0180.0000 -0179.9941 +001.0000 -001.0000 +0000.0059           
Elevation     dd +0000.0000 +0000.0587 +001.0000 -001.0000 +0000.0587    +      
